mode: set
github.com/douglasvolcato/binary-code-processor/event_publisher/cmd/main.go:3.14,3.15 0 0
github.com/douglasvolcato/binary-code-processor/event_publisher/internal/entities/event_entity.go:13.48,18.2 1 1
github.com/douglasvolcato/binary-code-processor/event_publisher/internal/entities/event_entity.go:20.34,21.35 1 1
github.com/douglasvolcato/binary-code-processor/event_publisher/internal/entities/event_entity.go:21.35,23.3 1 1
github.com/douglasvolcato/binary-code-processor/event_publisher/internal/entities/event_entity.go:24.2,24.39 1 1
github.com/douglasvolcato/binary-code-processor/event_publisher/internal/entities/event_entity.go:24.39,26.3 1 1
github.com/douglasvolcato/binary-code-processor/event_publisher/internal/entities/event_entity.go:27.2,27.12 1 1
github.com/douglasvolcato/binary-code-processor/event_publisher/internal/usecases/process_unprocessed_events_usecase.go:9.187,15.2 1 1
github.com/douglasvolcato/binary-code-processor/event_publisher/internal/usecases/process_unprocessed_events_usecase.go:23.130,25.16 2 1
github.com/douglasvolcato/binary-code-processor/event_publisher/internal/usecases/process_unprocessed_events_usecase.go:25.16,27.3 1 1
github.com/douglasvolcato/binary-code-processor/event_publisher/internal/usecases/process_unprocessed_events_usecase.go:28.2,28.31 1 1
github.com/douglasvolcato/binary-code-processor/event_publisher/internal/usecases/process_unprocessed_events_usecase.go:28.31,29.62 1 1
github.com/douglasvolcato/binary-code-processor/event_publisher/internal/usecases/process_unprocessed_events_usecase.go:29.62,31.4 1 1
github.com/douglasvolcato/binary-code-processor/event_publisher/internal/usecases/process_unprocessed_events_usecase.go:32.3,32.63 1 1
github.com/douglasvolcato/binary-code-processor/event_publisher/internal/usecases/process_unprocessed_events_usecase.go:32.63,34.4 1 1
github.com/douglasvolcato/binary-code-processor/event_publisher/internal/usecases/process_unprocessed_events_usecase.go:36.2,36.47 1 1
github.com/douglasvolcato/binary-code-processor/event_publisher/internal/usecases/send_processed_events_usecase.go:9.177,15.2 1 1
github.com/douglasvolcato/binary-code-processor/event_publisher/internal/usecases/send_processed_events_usecase.go:23.115,25.16 2 1
github.com/douglasvolcato/binary-code-processor/event_publisher/internal/usecases/send_processed_events_usecase.go:25.16,27.3 1 1
github.com/douglasvolcato/binary-code-processor/event_publisher/internal/usecases/send_processed_events_usecase.go:28.2,28.31 1 1
github.com/douglasvolcato/binary-code-processor/event_publisher/internal/usecases/send_processed_events_usecase.go:28.31,29.66 1 1
github.com/douglasvolcato/binary-code-processor/event_publisher/internal/usecases/send_processed_events_usecase.go:29.66,31.4 1 1
github.com/douglasvolcato/binary-code-processor/event_publisher/internal/usecases/send_processed_events_usecase.go:32.3,32.60 1 1
github.com/douglasvolcato/binary-code-processor/event_publisher/internal/usecases/send_processed_events_usecase.go:32.60,34.4 1 1
github.com/douglasvolcato/binary-code-processor/event_publisher/internal/usecases/send_processed_events_usecase.go:36.2,36.42 1 1
github.com/douglasvolcato/binary-code-processor/event_publisher/test/faker.go:9.32,11.2 1 0
github.com/douglasvolcato/binary-code-processor/event_publisher/test/faker.go:13.34,15.2 1 0
github.com/douglasvolcato/binary-code-processor/event_publisher/test/faker.go:17.36,19.2 1 0
github.com/douglasvolcato/binary-code-processor/event_publisher/test/faker.go:21.36,23.2 1 0
github.com/douglasvolcato/binary-code-processor/event_publisher/test/faker.go:25.34,27.2 1 0
