mode: set
github.com/douglasvolcato/binary-code-processor/task_service/internal/entities/task_entity.go:16.102,24.2 1 1
github.com/douglasvolcato/binary-code-processor/task_service/internal/entities/task_entity.go:26.33,27.35 1 1
github.com/douglasvolcato/binary-code-processor/task_service/internal/entities/task_entity.go:27.35,29.3 1 1
github.com/douglasvolcato/binary-code-processor/task_service/internal/entities/task_entity.go:30.2,30.40 1 1
github.com/douglasvolcato/binary-code-processor/task_service/internal/entities/task_entity.go:30.40,32.3 1 1
github.com/douglasvolcato/binary-code-processor/task_service/internal/entities/task_entity.go:33.2,33.42 1 1
github.com/douglasvolcato/binary-code-processor/task_service/internal/entities/task_entity.go:33.42,35.3 1 1
github.com/douglasvolcato/binary-code-processor/task_service/internal/entities/task_entity.go:36.2,36.42 1 1
github.com/douglasvolcato/binary-code-processor/task_service/internal/entities/task_entity.go:36.42,38.3 1 1
github.com/douglasvolcato/binary-code-processor/task_service/internal/entities/task_entity.go:39.2,39.12 1 1
github.com/douglasvolcato/binary-code-processor/task_service/cmd/main.go:24.13,32.16 6 0
github.com/douglasvolcato/binary-code-processor/task_service/cmd/main.go:32.16,34.3 1 0
github.com/douglasvolcato/binary-code-processor/task_service/cmd/main.go:35.2,56.16 12 0
github.com/douglasvolcato/binary-code-processor/task_service/cmd/main.go:56.16,58.3 1 0
github.com/douglasvolcato/binary-code-processor/task_service/cmd/main.go:60.2,61.35 2 0
github.com/douglasvolcato/binary-code-processor/task_service/cmd/main.go:64.36,77.79 7 0
github.com/douglasvolcato/binary-code-processor/task_service/cmd/main.go:77.79,79.3 1 0
github.com/douglasvolcato/binary-code-processor/task_service/cmd/main.go:82.19,83.104 1 0
github.com/douglasvolcato/binary-code-processor/task_service/cmd/main.go:83.104,84.43 1 0
github.com/douglasvolcato/binary-code-processor/task_service/cmd/main.go:84.43,86.4 1 0
github.com/douglasvolcato/binary-code-processor/task_service/cmd/main.go:90.37,92.16 2 0
github.com/douglasvolcato/binary-code-processor/task_service/cmd/main.go:92.16,94.3 1 0
github.com/douglasvolcato/binary-code-processor/task_service/cmd/main.go:96.2,96.57 1 0
github.com/douglasvolcato/binary-code-processor/task_service/cmd/main.go:96.57,98.49 2 0
github.com/douglasvolcato/binary-code-processor/task_service/cmd/main.go:98.49,99.12 1 0
github.com/douglasvolcato/binary-code-processor/task_service/cmd/main.go:101.3,102.10 2 0
github.com/douglasvolcato/binary-code-processor/task_service/cmd/main.go:102.10,103.12 1 0
github.com/douglasvolcato/binary-code-processor/task_service/cmd/main.go:105.3,105.86 1 0
github.com/douglasvolcato/binary-code-processor/task_service/cmd/main.go:108.2,108.12 1 0
github.com/douglasvolcato/binary-code-processor/task_service/cmd/main.go:111.49,113.17 2 0
github.com/douglasvolcato/binary-code-processor/task_service/cmd/main.go:113.17,115.3 1 0
github.com/douglasvolcato/binary-code-processor/task_service/cmd/main.go:116.2,116.14 1 0
github.com/douglasvolcato/binary-code-processor/task_service/cmd/main.go:119.35,120.71 1 0
github.com/douglasvolcato/binary-code-processor/task_service/cmd/main.go:120.71,123.3 2 0
github.com/douglasvolcato/binary-code-processor/task_service/internal/usecases/get_task_by_id_usecase.go:13.78,17.2 1 1
github.com/douglasvolcato/binary-code-processor/task_service/internal/usecases/get_task_by_id_usecase.go:28.91,30.16 2 1
github.com/douglasvolcato/binary-code-processor/task_service/internal/usecases/get_task_by_id_usecase.go:30.16,32.3 1 0
github.com/douglasvolcato/binary-code-processor/task_service/internal/usecases/get_task_by_id_usecase.go:33.2,34.16 2 1
github.com/douglasvolcato/binary-code-processor/task_service/internal/usecases/get_task_by_id_usecase.go:34.16,36.3 1 1
github.com/douglasvolcato/binary-code-processor/task_service/internal/usecases/get_task_by_id_usecase.go:37.2,39.8 1 1
github.com/douglasvolcato/binary-code-processor/task_service/internal/usecases/get_tasks_usecase.go:13.72,17.2 1 1
github.com/douglasvolcato/binary-code-processor/task_service/internal/usecases/get_tasks_usecase.go:29.82,31.16 2 1
github.com/douglasvolcato/binary-code-processor/task_service/internal/usecases/get_tasks_usecase.go:31.16,33.3 1 0
github.com/douglasvolcato/binary-code-processor/task_service/internal/usecases/get_tasks_usecase.go:34.2,35.16 2 1
github.com/douglasvolcato/binary-code-processor/task_service/internal/usecases/get_tasks_usecase.go:35.16,37.3 1 1
github.com/douglasvolcato/binary-code-processor/task_service/internal/usecases/get_tasks_usecase.go:38.2,40.8 1 1
github.com/douglasvolcato/binary-code-processor/task_service/internal/usecases/receive_processed_task_usecase.go:13.95,17.2 1 1
github.com/douglasvolcato/binary-code-processor/task_service/internal/usecases/receive_processed_task_usecase.go:29.118,32.18 3 1
github.com/douglasvolcato/binary-code-processor/task_service/internal/usecases/receive_processed_task_usecase.go:32.18,34.3 1 0
github.com/douglasvolcato/binary-code-processor/task_service/internal/usecases/receive_processed_task_usecase.go:35.2,35.22 1 1
github.com/douglasvolcato/binary-code-processor/task_service/internal/usecases/receive_processed_task_usecase.go:35.22,37.3 1 0
github.com/douglasvolcato/binary-code-processor/task_service/internal/usecases/receive_processed_task_usecase.go:39.2,40.16 2 1
github.com/douglasvolcato/binary-code-processor/task_service/internal/usecases/receive_processed_task_usecase.go:40.16,42.3 1 0
github.com/douglasvolcato/binary-code-processor/task_service/internal/usecases/receive_processed_task_usecase.go:44.2,48.16 2 1
github.com/douglasvolcato/binary-code-processor/task_service/internal/usecases/receive_processed_task_usecase.go:48.16,50.3 1 1
github.com/douglasvolcato/binary-code-processor/task_service/internal/usecases/receive_processed_task_usecase.go:51.2,53.8 1 1
github.com/douglasvolcato/binary-code-processor/task_service/internal/usecases/receive_task_to_process_usecase.go:16.123,21.2 1 1
github.com/douglasvolcato/binary-code-processor/task_service/internal/usecases/receive_task_to_process_usecase.go:33.118,35.19 2 1
github.com/douglasvolcato/binary-code-processor/task_service/internal/usecases/receive_task_to_process_usecase.go:35.19,37.3 1 0
github.com/douglasvolcato/binary-code-processor/task_service/internal/usecases/receive_task_to_process_usecase.go:38.2,39.16 2 1
github.com/douglasvolcato/binary-code-processor/task_service/internal/usecases/receive_task_to_process_usecase.go:39.16,41.3 1 0
github.com/douglasvolcato/binary-code-processor/task_service/internal/usecases/receive_task_to_process_usecase.go:43.2,48.16 3 1
github.com/douglasvolcato/binary-code-processor/task_service/internal/usecases/receive_task_to_process_usecase.go:48.16,50.3 1 1
github.com/douglasvolcato/binary-code-processor/task_service/internal/usecases/receive_task_to_process_usecase.go:51.2,54.8 1 1
github.com/douglasvolcato/binary-code-processor/task_service/internal/infra/database/db.go:11.41,13.16 2 0
github.com/douglasvolcato/binary-code-processor/task_service/internal/infra/database/db.go:13.16,15.3 1 0
github.com/douglasvolcato/binary-code-processor/task_service/internal/infra/database/db.go:17.2,24.44 6 0
github.com/douglasvolcato/binary-code-processor/task_service/internal/infra/database/db.go:24.44,26.3 1 0
github.com/douglasvolcato/binary-code-processor/task_service/internal/infra/database/db.go:28.2,28.16 1 0
github.com/douglasvolcato/binary-code-processor/task_service/internal/infra/database/db.go:31.62,34.2 2 1
github.com/douglasvolcato/binary-code-processor/task_service/internal/infra/database/db.go:36.73,38.16 2 1
github.com/douglasvolcato/binary-code-processor/task_service/internal/infra/database/db.go:38.16,40.3 1 0
github.com/douglasvolcato/binary-code-processor/task_service/internal/infra/database/db.go:41.2,41.18 1 1
github.com/douglasvolcato/binary-code-processor/task_service/internal/infra/database/db.go:44.51,46.16 2 1
github.com/douglasvolcato/binary-code-processor/task_service/internal/infra/database/db.go:46.16,48.3 1 0
github.com/douglasvolcato/binary-code-processor/task_service/internal/infra/database/db.go:49.2,49.16 1 1
github.com/douglasvolcato/binary-code-processor/task_service/internal/infra/database/db.go:52.44,53.38 1 1
github.com/douglasvolcato/binary-code-processor/task_service/internal/infra/database/db.go:53.38,55.3 1 0
github.com/douglasvolcato/binary-code-processor/task_service/internal/infra/database/db.go:56.2,56.12 1 1
github.com/douglasvolcato/binary-code-processor/task_service/internal/infra/database/db.go:59.42,60.36 1 1
github.com/douglasvolcato/binary-code-processor/task_service/internal/infra/database/db.go:60.36,62.3 1 0
github.com/douglasvolcato/binary-code-processor/task_service/internal/infra/database/db.go:63.2,63.12 1 1
github.com/douglasvolcato/binary-code-processor/task_service/internal/infra/database/repository.go:25.44,27.2 1 0
github.com/douglasvolcato/binary-code-processor/task_service/internal/infra/database/repository.go:29.100,41.16 2 0
github.com/douglasvolcato/binary-code-processor/task_service/internal/infra/database/repository.go:41.16,43.3 1 0
github.com/douglasvolcato/binary-code-processor/task_service/internal/infra/database/repository.go:44.2,47.18 3 0
github.com/douglasvolcato/binary-code-processor/task_service/internal/infra/database/repository.go:47.18,49.17 2 0
github.com/douglasvolcato/binary-code-processor/task_service/internal/infra/database/repository.go:49.17,51.4 1 0
github.com/douglasvolcato/binary-code-processor/task_service/internal/infra/database/repository.go:52.3,52.30 1 0
github.com/douglasvolcato/binary-code-processor/task_service/internal/infra/database/repository.go:54.2,54.35 1 0
github.com/douglasvolcato/binary-code-processor/task_service/internal/infra/database/repository.go:54.35,56.3 1 0
github.com/douglasvolcato/binary-code-processor/task_service/internal/infra/database/repository.go:57.2,57.19 1 0
github.com/douglasvolcato/binary-code-processor/task_service/internal/infra/database/repository.go:60.93,71.2 2 0
github.com/douglasvolcato/binary-code-processor/task_service/internal/infra/database/repository.go:73.125,75.16 2 0
github.com/douglasvolcato/binary-code-processor/task_service/internal/infra/database/repository.go:75.16,77.3 1 0
github.com/douglasvolcato/binary-code-processor/task_service/internal/infra/database/repository.go:79.2,89.50 4 0
github.com/douglasvolcato/binary-code-processor/task_service/internal/infra/database/repository.go:89.50,92.3 2 0
github.com/douglasvolcato/binary-code-processor/task_service/internal/infra/database/repository.go:94.2,94.69 1 0
github.com/douglasvolcato/binary-code-processor/task_service/internal/infra/database/repository.go:94.69,97.3 2 0
github.com/douglasvolcato/binary-code-processor/task_service/internal/infra/database/repository.go:99.2,99.36 1 0
github.com/douglasvolcato/binary-code-processor/task_service/internal/infra/database/repository.go:99.36,102.3 2 0
github.com/douglasvolcato/binary-code-processor/task_service/internal/infra/database/repository.go:104.2,104.18 1 0
github.com/douglasvolcato/binary-code-processor/task_service/internal/infra/database/repository.go:107.117,109.16 2 0
github.com/douglasvolcato/binary-code-processor/task_service/internal/infra/database/repository.go:109.16,111.3 1 0
github.com/douglasvolcato/binary-code-processor/task_service/internal/infra/database/repository.go:113.2,127.16 4 0
github.com/douglasvolcato/binary-code-processor/task_service/internal/infra/database/repository.go:127.16,130.3 2 0
github.com/douglasvolcato/binary-code-processor/task_service/internal/infra/database/repository.go:132.2,132.67 1 0
github.com/douglasvolcato/binary-code-processor/task_service/internal/infra/database/repository.go:132.67,135.3 2 0
github.com/douglasvolcato/binary-code-processor/task_service/internal/infra/database/repository.go:137.2,137.36 1 0
github.com/douglasvolcato/binary-code-processor/task_service/internal/infra/database/repository.go:137.36,140.3 2 0
github.com/douglasvolcato/binary-code-processor/task_service/internal/infra/database/repository.go:142.2,142.18 1 0
github.com/douglasvolcato/binary-code-processor/task_service/internal/infra/database/repository.go:145.70,158.2 2 0
github.com/douglasvolcato/binary-code-processor/task_service/internal/infra/database/repository.go:160.86,174.2 2 0
github.com/douglasvolcato/binary-code-processor/task_service/internal/infra/database/repository.go:176.54,180.101 4 0
github.com/douglasvolcato/binary-code-processor/task_service/internal/infra/database/repository.go:180.101,182.3 1 0
github.com/douglasvolcato/binary-code-processor/task_service/internal/infra/database/repository.go:183.2,185.18 3 0
github.com/douglasvolcato/binary-code-processor/task_service/internal/infra/database/repository.go:188.55,192.100 4 0
github.com/douglasvolcato/binary-code-processor/task_service/internal/infra/database/repository.go:192.100,194.3 1 0
github.com/douglasvolcato/binary-code-processor/task_service/internal/infra/database/repository.go:195.2,197.18 3 0
github.com/douglasvolcato/binary-code-processor/task_service/test/faker.go:9.32,11.2 1 0
github.com/douglasvolcato/binary-code-processor/task_service/test/faker.go:13.34,15.2 1 0
github.com/douglasvolcato/binary-code-processor/task_service/test/faker.go:17.36,19.2 1 0
github.com/douglasvolcato/binary-code-processor/task_service/test/faker.go:21.36,23.2 1 0
github.com/douglasvolcato/binary-code-processor/task_service/test/faker.go:25.34,27.2 1 0
github.com/douglasvolcato/binary-code-processor/task_service/internal/infra/id/generator.go:11.32,13.2 1 0
github.com/douglasvolcato/binary-code-processor/task_service/internal/infra/id/generator.go:15.41,17.42 2 0
github.com/douglasvolcato/binary-code-processor/task_service/internal/infra/id/generator.go:17.42,19.3 1 0
github.com/douglasvolcato/binary-code-processor/task_service/internal/infra/id/generator.go:21.2,32.33 5 0
github.com/douglasvolcato/binary-code-processor/task_service/internal/infra/grpc/service.go:16.57,18.2 1 0
github.com/douglasvolcato/binary-code-processor/task_service/internal/infra/grpc/service.go:20.62,22.2 1 0
github.com/douglasvolcato/binary-code-processor/task_service/internal/infra/grpc/service.go:24.32,26.2 1 0
github.com/douglasvolcato/binary-code-processor/task_service/internal/infra/grpc/service.go:28.13,30.2 1 0
github.com/douglasvolcato/binary-code-processor/task_service/internal/infra/grpc/service.go:32.36,34.2 1 0
github.com/douglasvolcato/binary-code-processor/task_service/internal/infra/grpc/service.go:87.66,115.2 1 0
github.com/douglasvolcato/binary-code-processor/task_service/internal/infra/grpc/service.go:117.85,122.6 4 0
github.com/douglasvolcato/binary-code-processor/task_service/internal/infra/grpc/service.go:122.6,124.45 2 0
github.com/douglasvolcato/binary-code-processor/task_service/internal/infra/grpc/service.go:124.45,125.21 1 0
github.com/douglasvolcato/binary-code-processor/task_service/internal/infra/grpc/service.go:125.21,126.10 1 0
github.com/douglasvolcato/binary-code-processor/task_service/internal/infra/grpc/service.go:128.4,128.14 1 0
github.com/douglasvolcato/binary-code-processor/task_service/internal/infra/grpc/service.go:131.3,135.17 2 0
github.com/douglasvolcato/binary-code-processor/task_service/internal/infra/grpc/service.go:135.17,137.4 1 0
github.com/douglasvolcato/binary-code-processor/task_service/internal/infra/grpc/service.go:139.3,139.46 1 0
github.com/douglasvolcato/binary-code-processor/task_service/internal/infra/grpc/service.go:142.2,142.59 1 0
github.com/douglasvolcato/binary-code-processor/task_service/internal/infra/grpc/service.go:145.91,150.6 4 0
github.com/douglasvolcato/binary-code-processor/task_service/internal/infra/grpc/service.go:150.6,152.45 2 0
github.com/douglasvolcato/binary-code-processor/task_service/internal/infra/grpc/service.go:152.45,153.21 1 0
github.com/douglasvolcato/binary-code-processor/task_service/internal/infra/grpc/service.go:153.21,154.10 1 0
github.com/douglasvolcato/binary-code-processor/task_service/internal/infra/grpc/service.go:156.4,156.14 1 0
github.com/douglasvolcato/binary-code-processor/task_service/internal/infra/grpc/service.go:159.3,164.17 2 0
github.com/douglasvolcato/binary-code-processor/task_service/internal/infra/grpc/service.go:164.17,166.4 1 0
github.com/douglasvolcato/binary-code-processor/task_service/internal/infra/grpc/service.go:169.2,169.65 1 0
github.com/douglasvolcato/binary-code-processor/task_service/internal/infra/grpc/service.go:172.162,174.32 2 0
github.com/douglasvolcato/binary-code-processor/task_service/internal/infra/grpc/service.go:174.32,176.3 1 0
github.com/douglasvolcato/binary-code-processor/task_service/internal/infra/grpc/service.go:178.2,178.24 1 0
github.com/douglasvolcato/binary-code-processor/task_service/internal/infra/grpc/service.go:178.24,184.17 2 0
github.com/douglasvolcato/binary-code-processor/task_service/internal/infra/grpc/service.go:184.17,186.4 1 0
github.com/douglasvolcato/binary-code-processor/task_service/internal/infra/grpc/service.go:187.3,187.63 1 0
github.com/douglasvolcato/binary-code-processor/task_service/internal/infra/grpc/service.go:190.2,194.77 2 0
github.com/douglasvolcato/binary-code-processor/task_service/internal/infra/grpc/service.go:194.77,200.17 2 0
github.com/douglasvolcato/binary-code-processor/task_service/internal/infra/grpc/service.go:200.17,202.4 1 0
github.com/douglasvolcato/binary-code-processor/task_service/internal/infra/grpc/service.go:203.3,203.63 1 0
github.com/douglasvolcato/binary-code-processor/task_service/internal/infra/grpc/service.go:205.2,205.44 1 0
github.com/douglasvolcato/binary-code-processor/task_service/internal/infra/grpc/service.go:208.165,210.32 2 0
github.com/douglasvolcato/binary-code-processor/task_service/internal/infra/grpc/service.go:210.32,212.3 1 0
github.com/douglasvolcato/binary-code-processor/task_service/internal/infra/grpc/service.go:214.2,214.24 1 0
github.com/douglasvolcato/binary-code-processor/task_service/internal/infra/grpc/service.go:214.24,219.17 2 0
github.com/douglasvolcato/binary-code-processor/task_service/internal/infra/grpc/service.go:219.17,221.4 1 0
github.com/douglasvolcato/binary-code-processor/task_service/internal/infra/grpc/service.go:222.3,222.60 1 0
github.com/douglasvolcato/binary-code-processor/task_service/internal/infra/grpc/service.go:225.2,229.77 2 0
github.com/douglasvolcato/binary-code-processor/task_service/internal/infra/grpc/service.go:229.77,234.17 2 0
github.com/douglasvolcato/binary-code-processor/task_service/internal/infra/grpc/service.go:234.17,236.4 1 0
github.com/douglasvolcato/binary-code-processor/task_service/internal/infra/grpc/service.go:237.3,237.60 1 0
github.com/douglasvolcato/binary-code-processor/task_service/internal/infra/grpc/service.go:239.2,239.44 1 0
github.com/douglasvolcato/binary-code-processor/task_service/internal/infra/grpc/service.go:242.45,250.2 1 0
github.com/douglasvolcato/binary-code-processor/task_service/internal/infra/grpc/service.go:252.51,254.29 2 0
github.com/douglasvolcato/binary-code-processor/task_service/internal/infra/grpc/service.go:254.29,256.3 1 0
github.com/douglasvolcato/binary-code-processor/task_service/internal/infra/grpc/service.go:257.2,257.15 1 0
github.com/douglasvolcato/binary-code-processor/task_service/internal/infra/grpc/task.pb.go:31.47,36.2 4 0
github.com/douglasvolcato/binary-code-processor/task_service/internal/infra/grpc/task.pb.go:38.55,40.2 1 0
github.com/douglasvolcato/binary-code-processor/task_service/internal/infra/grpc/task.pb.go:42.53,42.54 0 0
github.com/douglasvolcato/binary-code-processor/task_service/internal/infra/grpc/task.pb.go:44.75,46.14 2 0
github.com/douglasvolcato/binary-code-processor/task_service/internal/infra/grpc/task.pb.go:46.14,48.34 2 0
github.com/douglasvolcato/binary-code-processor/task_service/internal/infra/grpc/task.pb.go:48.34,50.4 1 0
github.com/douglasvolcato/binary-code-processor/task_service/internal/infra/grpc/task.pb.go:51.3,51.12 1 0
github.com/douglasvolcato/binary-code-processor/task_service/internal/infra/grpc/task.pb.go:53.2,53.24 1 0
github.com/douglasvolcato/binary-code-processor/task_service/internal/infra/grpc/task.pb.go:57.66,59.2 1 0
github.com/douglasvolcato/binary-code-processor/task_service/internal/infra/grpc/task.pb.go:61.61,62.14 1 0
github.com/douglasvolcato/binary-code-processor/task_service/internal/infra/grpc/task.pb.go:62.14,64.3 1 0
github.com/douglasvolcato/binary-code-processor/task_service/internal/infra/grpc/task.pb.go:65.2,65.12 1 0
github.com/douglasvolcato/binary-code-processor/task_service/internal/infra/grpc/task.pb.go:75.48,80.2 4 0
github.com/douglasvolcato/binary-code-processor/task_service/internal/infra/grpc/task.pb.go:82.56,84.2 1 0
github.com/douglasvolcato/binary-code-processor/task_service/internal/infra/grpc/task.pb.go:86.54,86.55 0 0
github.com/douglasvolcato/binary-code-processor/task_service/internal/infra/grpc/task.pb.go:88.76,90.14 2 0
github.com/douglasvolcato/binary-code-processor/task_service/internal/infra/grpc/task.pb.go:90.14,92.34 2 0
github.com/douglasvolcato/binary-code-processor/task_service/internal/infra/grpc/task.pb.go:92.34,94.4 1 0
github.com/douglasvolcato/binary-code-processor/task_service/internal/infra/grpc/task.pb.go:95.3,95.12 1 0
github.com/douglasvolcato/binary-code-processor/task_service/internal/infra/grpc/task.pb.go:97.2,97.24 1 0
github.com/douglasvolcato/binary-code-processor/task_service/internal/infra/grpc/task.pb.go:101.67,103.2 1 0
github.com/douglasvolcato/binary-code-processor/task_service/internal/infra/grpc/task.pb.go:105.60,106.14 1 0
github.com/douglasvolcato/binary-code-processor/task_service/internal/infra/grpc/task.pb.go:106.14,108.3 1 0
github.com/douglasvolcato/binary-code-processor/task_service/internal/infra/grpc/task.pb.go:109.2,109.11 1 0
github.com/douglasvolcato/binary-code-processor/task_service/internal/infra/grpc/task.pb.go:119.44,124.2 4 0
github.com/douglasvolcato/binary-code-processor/task_service/internal/infra/grpc/task.pb.go:126.52,128.2 1 0
github.com/douglasvolcato/binary-code-processor/task_service/internal/infra/grpc/task.pb.go:130.50,130.51 0 0
github.com/douglasvolcato/binary-code-processor/task_service/internal/infra/grpc/task.pb.go:132.72,134.14 2 0
github.com/douglasvolcato/binary-code-processor/task_service/internal/infra/grpc/task.pb.go:134.14,136.34 2 0
github.com/douglasvolcato/binary-code-processor/task_service/internal/infra/grpc/task.pb.go:136.34,138.4 1 0
github.com/douglasvolcato/binary-code-processor/task_service/internal/infra/grpc/task.pb.go:139.3,139.12 1 0
github.com/douglasvolcato/binary-code-processor/task_service/internal/infra/grpc/task.pb.go:141.2,141.24 1 0
github.com/douglasvolcato/binary-code-processor/task_service/internal/infra/grpc/task.pb.go:145.63,147.2 1 0
github.com/douglasvolcato/binary-code-processor/task_service/internal/infra/grpc/task.pb.go:149.58,150.14 1 0
github.com/douglasvolcato/binary-code-processor/task_service/internal/infra/grpc/task.pb.go:150.14,152.3 1 0
github.com/douglasvolcato/binary-code-processor/task_service/internal/infra/grpc/task.pb.go:153.2,153.12 1 0
github.com/douglasvolcato/binary-code-processor/task_service/internal/infra/grpc/task.pb.go:163.45,168.2 4 0
github.com/douglasvolcato/binary-code-processor/task_service/internal/infra/grpc/task.pb.go:170.53,172.2 1 0
github.com/douglasvolcato/binary-code-processor/task_service/internal/infra/grpc/task.pb.go:174.51,174.52 0 0
github.com/douglasvolcato/binary-code-processor/task_service/internal/infra/grpc/task.pb.go:176.73,178.14 2 0
github.com/douglasvolcato/binary-code-processor/task_service/internal/infra/grpc/task.pb.go:178.14,180.34 2 0
github.com/douglasvolcato/binary-code-processor/task_service/internal/infra/grpc/task.pb.go:180.34,182.4 1 0
github.com/douglasvolcato/binary-code-processor/task_service/internal/infra/grpc/task.pb.go:183.3,183.12 1 0
github.com/douglasvolcato/binary-code-processor/task_service/internal/infra/grpc/task.pb.go:185.2,185.24 1 0
github.com/douglasvolcato/binary-code-processor/task_service/internal/infra/grpc/task.pb.go:189.64,191.2 1 0
github.com/douglasvolcato/binary-code-processor/task_service/internal/infra/grpc/task.pb.go:193.57,194.14 1 0
github.com/douglasvolcato/binary-code-processor/task_service/internal/infra/grpc/task.pb.go:194.14,196.3 1 0
github.com/douglasvolcato/binary-code-processor/task_service/internal/infra/grpc/task.pb.go:197.2,197.11 1 0
github.com/douglasvolcato/binary-code-processor/task_service/internal/infra/grpc/task.pb.go:208.35,213.2 4 0
github.com/douglasvolcato/binary-code-processor/task_service/internal/infra/grpc/task.pb.go:215.43,217.2 1 0
github.com/douglasvolcato/binary-code-processor/task_service/internal/infra/grpc/task.pb.go:219.41,219.42 0 0
github.com/douglasvolcato/binary-code-processor/task_service/internal/infra/grpc/task.pb.go:221.63,223.14 2 0
github.com/douglasvolcato/binary-code-processor/task_service/internal/infra/grpc/task.pb.go:223.14,225.34 2 0
github.com/douglasvolcato/binary-code-processor/task_service/internal/infra/grpc/task.pb.go:225.34,227.4 1 0
github.com/douglasvolcato/binary-code-processor/task_service/internal/infra/grpc/task.pb.go:228.3,228.12 1 0
github.com/douglasvolcato/binary-code-processor/task_service/internal/infra/grpc/task.pb.go:230.2,230.24 1 0
github.com/douglasvolcato/binary-code-processor/task_service/internal/infra/grpc/task.pb.go:234.54,236.2 1 0
github.com/douglasvolcato/binary-code-processor/task_service/internal/infra/grpc/task.pb.go:238.45,239.14 1 0
github.com/douglasvolcato/binary-code-processor/task_service/internal/infra/grpc/task.pb.go:239.14,241.3 1 0
github.com/douglasvolcato/binary-code-processor/task_service/internal/infra/grpc/task.pb.go:242.2,242.11 1 0
github.com/douglasvolcato/binary-code-processor/task_service/internal/infra/grpc/task.pb.go:245.46,246.14 1 0
github.com/douglasvolcato/binary-code-processor/task_service/internal/infra/grpc/task.pb.go:246.14,248.3 1 0
github.com/douglasvolcato/binary-code-processor/task_service/internal/infra/grpc/task.pb.go:249.2,249.11 1 0
github.com/douglasvolcato/binary-code-processor/task_service/internal/infra/grpc/task.pb.go:259.36,264.2 4 0
github.com/douglasvolcato/binary-code-processor/task_service/internal/infra/grpc/task.pb.go:266.44,268.2 1 0
github.com/douglasvolcato/binary-code-processor/task_service/internal/infra/grpc/task.pb.go:270.42,270.43 0 0
github.com/douglasvolcato/binary-code-processor/task_service/internal/infra/grpc/task.pb.go:272.64,274.14 2 0
github.com/douglasvolcato/binary-code-processor/task_service/internal/infra/grpc/task.pb.go:274.14,276.34 2 0
github.com/douglasvolcato/binary-code-processor/task_service/internal/infra/grpc/task.pb.go:276.34,278.4 1 0
github.com/douglasvolcato/binary-code-processor/task_service/internal/infra/grpc/task.pb.go:279.3,279.12 1 0
github.com/douglasvolcato/binary-code-processor/task_service/internal/infra/grpc/task.pb.go:281.2,281.24 1 0
github.com/douglasvolcato/binary-code-processor/task_service/internal/infra/grpc/task.pb.go:285.55,287.2 1 0
github.com/douglasvolcato/binary-code-processor/task_service/internal/infra/grpc/task.pb.go:289.48,290.14 1 0
github.com/douglasvolcato/binary-code-processor/task_service/internal/infra/grpc/task.pb.go:290.14,292.3 1 0
github.com/douglasvolcato/binary-code-processor/task_service/internal/infra/grpc/task.pb.go:293.2,293.12 1 0
github.com/douglasvolcato/binary-code-processor/task_service/internal/infra/grpc/task.pb.go:325.43,326.40 1 0
github.com/douglasvolcato/binary-code-processor/task_service/internal/infra/grpc/task.pb.go:326.40,328.3 1 0
github.com/douglasvolcato/binary-code-processor/task_service/internal/infra/grpc/task.pb.go:329.2,329.36 1 0
github.com/douglasvolcato/binary-code-processor/task_service/internal/infra/grpc/task.pb.go:355.13,355.39 1 0
github.com/douglasvolcato/binary-code-processor/task_service/internal/infra/grpc/task.pb.go:356.29,357.28 1 0
github.com/douglasvolcato/binary-code-processor/task_service/internal/infra/grpc/task.pb.go:357.28,359.3 1 0
github.com/douglasvolcato/binary-code-processor/task_service/internal/infra/grpc/task.pb.go:360.2,376.31 5 0
github.com/douglasvolcato/binary-code-processor/task_service/internal/infra/grpc/task_grpc.pb.go:40.74,42.2 1 0
github.com/douglasvolcato/binary-code-processor/task_service/internal/infra/grpc/task_grpc.pb.go:44.191,47.16 3 0
github.com/douglasvolcato/binary-code-processor/task_service/internal/infra/grpc/task_grpc.pb.go:47.16,49.3 1 0
github.com/douglasvolcato/binary-code-processor/task_service/internal/infra/grpc/task_grpc.pb.go:50.2,51.15 2 0
github.com/douglasvolcato/binary-code-processor/task_service/internal/infra/grpc/task_grpc.pb.go:57.182,60.16 3 0
github.com/douglasvolcato/binary-code-processor/task_service/internal/infra/grpc/task_grpc.pb.go:60.16,62.3 1 0
github.com/douglasvolcato/binary-code-processor/task_service/internal/infra/grpc/task_grpc.pb.go:63.2,64.15 2 0
github.com/douglasvolcato/binary-code-processor/task_service/internal/infra/grpc/task_grpc.pb.go:70.132,74.16 4 0
github.com/douglasvolcato/binary-code-processor/task_service/internal/infra/grpc/task_grpc.pb.go:74.16,76.3 1 0
github.com/douglasvolcato/binary-code-processor/task_service/internal/infra/grpc/task_grpc.pb.go:77.2,77.17 1 0
github.com/douglasvolcato/binary-code-processor/task_service/internal/infra/grpc/task_grpc.pb.go:97.153,99.2 1 0
github.com/douglasvolcato/binary-code-processor/task_service/internal/infra/grpc/task_grpc.pb.go:100.144,102.2 1 0
github.com/douglasvolcato/binary-code-processor/task_service/internal/infra/grpc/task_grpc.pb.go:103.110,105.2 1 0
github.com/douglasvolcato/binary-code-processor/task_service/internal/infra/grpc/task_grpc.pb.go:106.82,106.83 0 0
github.com/douglasvolcato/binary-code-processor/task_service/internal/infra/grpc/task_grpc.pb.go:107.82,107.83 0 0
github.com/douglasvolcato/binary-code-processor/task_service/internal/infra/grpc/task_grpc.pb.go:116.80,121.59 1 0
github.com/douglasvolcato/binary-code-processor/task_service/internal/infra/grpc/task_grpc.pb.go:121.59,123.3 1 0
github.com/douglasvolcato/binary-code-processor/task_service/internal/infra/grpc/task_grpc.pb.go:124.2,124.50 1 0
github.com/douglasvolcato/binary-code-processor/task_service/internal/infra/grpc/task_grpc.pb.go:127.97,129.2 1 0
github.com/douglasvolcato/binary-code-processor/task_service/internal/infra/grpc/task_grpc.pb.go:134.94,136.2 1 0
github.com/douglasvolcato/binary-code-processor/task_service/internal/infra/grpc/task_grpc.pb.go:141.165,143.32 2 0
github.com/douglasvolcato/binary-code-processor/task_service/internal/infra/grpc/task_grpc.pb.go:143.32,145.3 1 0
github.com/douglasvolcato/binary-code-processor/task_service/internal/infra/grpc/task_grpc.pb.go:146.2,146.24 1 0
github.com/douglasvolcato/binary-code-processor/task_service/internal/infra/grpc/task_grpc.pb.go:146.24,148.3 1 0
github.com/douglasvolcato/binary-code-processor/task_service/internal/infra/grpc/task_grpc.pb.go:149.2,153.77 2 0
github.com/douglasvolcato/binary-code-processor/task_service/internal/infra/grpc/task_grpc.pb.go:153.77,155.3 1 0
github.com/douglasvolcato/binary-code-processor/task_service/internal/infra/grpc/task_grpc.pb.go:156.2,156.44 1 0
