mode: set
github.com/douglasvolcato/binary-code-processor/task_service/internal/entities/event_entity.go:14.48,19.2 1 1
github.com/douglasvolcato/binary-code-processor/task_service/internal/entities/event_entity.go:21.34,22.39 1 1
github.com/douglasvolcato/binary-code-processor/task_service/internal/entities/event_entity.go:22.39,24.3 1 1
github.com/douglasvolcato/binary-code-processor/task_service/internal/entities/event_entity.go:25.2,25.42 1 1
github.com/douglasvolcato/binary-code-processor/task_service/internal/entities/event_entity.go:25.42,27.3 1 1
github.com/douglasvolcato/binary-code-processor/task_service/internal/entities/event_entity.go:28.2,28.12 1 1
github.com/douglasvolcato/binary-code-processor/task_service/internal/entities/task_entity.go:17.102,25.2 1 1
github.com/douglasvolcato/binary-code-processor/task_service/internal/entities/task_entity.go:27.33,28.35 1 1
github.com/douglasvolcato/binary-code-processor/task_service/internal/entities/task_entity.go:28.35,30.3 1 1
github.com/douglasvolcato/binary-code-processor/task_service/internal/entities/task_entity.go:31.2,31.40 1 1
github.com/douglasvolcato/binary-code-processor/task_service/internal/entities/task_entity.go:31.40,33.3 1 1
github.com/douglasvolcato/binary-code-processor/task_service/internal/entities/task_entity.go:34.2,34.51 1 1
github.com/douglasvolcato/binary-code-processor/task_service/internal/entities/task_entity.go:34.51,36.3 1 1
github.com/douglasvolcato/binary-code-processor/task_service/internal/entities/task_entity.go:37.2,37.42 1 1
github.com/douglasvolcato/binary-code-processor/task_service/internal/entities/task_entity.go:37.42,39.3 1 1
github.com/douglasvolcato/binary-code-processor/task_service/internal/entities/task_entity.go:40.2,40.42 1 1
github.com/douglasvolcato/binary-code-processor/task_service/internal/entities/task_entity.go:40.42,42.3 1 1
github.com/douglasvolcato/binary-code-processor/task_service/internal/entities/task_entity.go:43.2,43.12 1 1
github.com/douglasvolcato/binary-code-processor/task_service/test/faker.go:9.32,11.2 1 0
github.com/douglasvolcato/binary-code-processor/task_service/test/faker.go:13.34,15.2 1 0
github.com/douglasvolcato/binary-code-processor/task_service/test/faker.go:17.36,19.2 1 0
github.com/douglasvolcato/binary-code-processor/task_service/test/faker.go:21.36,23.2 1 0
github.com/douglasvolcato/binary-code-processor/task_service/test/faker.go:25.34,27.2 1 0
github.com/douglasvolcato/binary-code-processor/task_service/internal/infra/grpc/task.pb.go:31.47,36.2 4 0
github.com/douglasvolcato/binary-code-processor/task_service/internal/infra/grpc/task.pb.go:38.55,40.2 1 0
github.com/douglasvolcato/binary-code-processor/task_service/internal/infra/grpc/task.pb.go:42.53,42.54 0 0
github.com/douglasvolcato/binary-code-processor/task_service/internal/infra/grpc/task.pb.go:44.75,46.14 2 0
github.com/douglasvolcato/binary-code-processor/task_service/internal/infra/grpc/task.pb.go:46.14,48.34 2 0
github.com/douglasvolcato/binary-code-processor/task_service/internal/infra/grpc/task.pb.go:48.34,50.4 1 0
github.com/douglasvolcato/binary-code-processor/task_service/internal/infra/grpc/task.pb.go:51.3,51.12 1 0
github.com/douglasvolcato/binary-code-processor/task_service/internal/infra/grpc/task.pb.go:53.2,53.24 1 0
github.com/douglasvolcato/binary-code-processor/task_service/internal/infra/grpc/task.pb.go:57.66,59.2 1 0
github.com/douglasvolcato/binary-code-processor/task_service/internal/infra/grpc/task.pb.go:61.61,62.14 1 0
github.com/douglasvolcato/binary-code-processor/task_service/internal/infra/grpc/task.pb.go:62.14,64.3 1 0
github.com/douglasvolcato/binary-code-processor/task_service/internal/infra/grpc/task.pb.go:65.2,65.12 1 0
github.com/douglasvolcato/binary-code-processor/task_service/internal/infra/grpc/task.pb.go:75.48,80.2 4 0
github.com/douglasvolcato/binary-code-processor/task_service/internal/infra/grpc/task.pb.go:82.56,84.2 1 0
github.com/douglasvolcato/binary-code-processor/task_service/internal/infra/grpc/task.pb.go:86.54,86.55 0 0
github.com/douglasvolcato/binary-code-processor/task_service/internal/infra/grpc/task.pb.go:88.76,90.14 2 0
github.com/douglasvolcato/binary-code-processor/task_service/internal/infra/grpc/task.pb.go:90.14,92.34 2 0
github.com/douglasvolcato/binary-code-processor/task_service/internal/infra/grpc/task.pb.go:92.34,94.4 1 0
github.com/douglasvolcato/binary-code-processor/task_service/internal/infra/grpc/task.pb.go:95.3,95.12 1 0
github.com/douglasvolcato/binary-code-processor/task_service/internal/infra/grpc/task.pb.go:97.2,97.24 1 0
github.com/douglasvolcato/binary-code-processor/task_service/internal/infra/grpc/task.pb.go:101.67,103.2 1 0
github.com/douglasvolcato/binary-code-processor/task_service/internal/infra/grpc/task.pb.go:105.60,106.14 1 0
github.com/douglasvolcato/binary-code-processor/task_service/internal/infra/grpc/task.pb.go:106.14,108.3 1 0
github.com/douglasvolcato/binary-code-processor/task_service/internal/infra/grpc/task.pb.go:109.2,109.11 1 0
github.com/douglasvolcato/binary-code-processor/task_service/internal/infra/grpc/task.pb.go:119.44,124.2 4 0
github.com/douglasvolcato/binary-code-processor/task_service/internal/infra/grpc/task.pb.go:126.52,128.2 1 0
github.com/douglasvolcato/binary-code-processor/task_service/internal/infra/grpc/task.pb.go:130.50,130.51 0 0
github.com/douglasvolcato/binary-code-processor/task_service/internal/infra/grpc/task.pb.go:132.72,134.14 2 0
github.com/douglasvolcato/binary-code-processor/task_service/internal/infra/grpc/task.pb.go:134.14,136.34 2 0
github.com/douglasvolcato/binary-code-processor/task_service/internal/infra/grpc/task.pb.go:136.34,138.4 1 0
github.com/douglasvolcato/binary-code-processor/task_service/internal/infra/grpc/task.pb.go:139.3,139.12 1 0
github.com/douglasvolcato/binary-code-processor/task_service/internal/infra/grpc/task.pb.go:141.2,141.24 1 0
github.com/douglasvolcato/binary-code-processor/task_service/internal/infra/grpc/task.pb.go:145.63,147.2 1 0
github.com/douglasvolcato/binary-code-processor/task_service/internal/infra/grpc/task.pb.go:149.58,150.14 1 0
github.com/douglasvolcato/binary-code-processor/task_service/internal/infra/grpc/task.pb.go:150.14,152.3 1 0
github.com/douglasvolcato/binary-code-processor/task_service/internal/infra/grpc/task.pb.go:153.2,153.12 1 0
github.com/douglasvolcato/binary-code-processor/task_service/internal/infra/grpc/task.pb.go:163.45,168.2 4 0
github.com/douglasvolcato/binary-code-processor/task_service/internal/infra/grpc/task.pb.go:170.53,172.2 1 0
github.com/douglasvolcato/binary-code-processor/task_service/internal/infra/grpc/task.pb.go:174.51,174.52 0 0
github.com/douglasvolcato/binary-code-processor/task_service/internal/infra/grpc/task.pb.go:176.73,178.14 2 0
github.com/douglasvolcato/binary-code-processor/task_service/internal/infra/grpc/task.pb.go:178.14,180.34 2 0
github.com/douglasvolcato/binary-code-processor/task_service/internal/infra/grpc/task.pb.go:180.34,182.4 1 0
github.com/douglasvolcato/binary-code-processor/task_service/internal/infra/grpc/task.pb.go:183.3,183.12 1 0
github.com/douglasvolcato/binary-code-processor/task_service/internal/infra/grpc/task.pb.go:185.2,185.24 1 0
github.com/douglasvolcato/binary-code-processor/task_service/internal/infra/grpc/task.pb.go:189.64,191.2 1 0
github.com/douglasvolcato/binary-code-processor/task_service/internal/infra/grpc/task.pb.go:193.57,194.14 1 0
github.com/douglasvolcato/binary-code-processor/task_service/internal/infra/grpc/task.pb.go:194.14,196.3 1 0
github.com/douglasvolcato/binary-code-processor/task_service/internal/infra/grpc/task.pb.go:197.2,197.11 1 0
github.com/douglasvolcato/binary-code-processor/task_service/internal/infra/grpc/task.pb.go:208.35,213.2 4 0
github.com/douglasvolcato/binary-code-processor/task_service/internal/infra/grpc/task.pb.go:215.43,217.2 1 0
github.com/douglasvolcato/binary-code-processor/task_service/internal/infra/grpc/task.pb.go:219.41,219.42 0 0
github.com/douglasvolcato/binary-code-processor/task_service/internal/infra/grpc/task.pb.go:221.63,223.14 2 0
github.com/douglasvolcato/binary-code-processor/task_service/internal/infra/grpc/task.pb.go:223.14,225.34 2 0
github.com/douglasvolcato/binary-code-processor/task_service/internal/infra/grpc/task.pb.go:225.34,227.4 1 0
github.com/douglasvolcato/binary-code-processor/task_service/internal/infra/grpc/task.pb.go:228.3,228.12 1 0
github.com/douglasvolcato/binary-code-processor/task_service/internal/infra/grpc/task.pb.go:230.2,230.24 1 0
github.com/douglasvolcato/binary-code-processor/task_service/internal/infra/grpc/task.pb.go:234.54,236.2 1 0
github.com/douglasvolcato/binary-code-processor/task_service/internal/infra/grpc/task.pb.go:238.45,239.14 1 0
github.com/douglasvolcato/binary-code-processor/task_service/internal/infra/grpc/task.pb.go:239.14,241.3 1 0
github.com/douglasvolcato/binary-code-processor/task_service/internal/infra/grpc/task.pb.go:242.2,242.11 1 0
github.com/douglasvolcato/binary-code-processor/task_service/internal/infra/grpc/task.pb.go:245.46,246.14 1 0
github.com/douglasvolcato/binary-code-processor/task_service/internal/infra/grpc/task.pb.go:246.14,248.3 1 0
github.com/douglasvolcato/binary-code-processor/task_service/internal/infra/grpc/task.pb.go:249.2,249.11 1 0
github.com/douglasvolcato/binary-code-processor/task_service/internal/infra/grpc/task.pb.go:259.36,264.2 4 0
github.com/douglasvolcato/binary-code-processor/task_service/internal/infra/grpc/task.pb.go:266.44,268.2 1 0
github.com/douglasvolcato/binary-code-processor/task_service/internal/infra/grpc/task.pb.go:270.42,270.43 0 0
github.com/douglasvolcato/binary-code-processor/task_service/internal/infra/grpc/task.pb.go:272.64,274.14 2 0
github.com/douglasvolcato/binary-code-processor/task_service/internal/infra/grpc/task.pb.go:274.14,276.34 2 0
github.com/douglasvolcato/binary-code-processor/task_service/internal/infra/grpc/task.pb.go:276.34,278.4 1 0
github.com/douglasvolcato/binary-code-processor/task_service/internal/infra/grpc/task.pb.go:279.3,279.12 1 0
github.com/douglasvolcato/binary-code-processor/task_service/internal/infra/grpc/task.pb.go:281.2,281.24 1 0
github.com/douglasvolcato/binary-code-processor/task_service/internal/infra/grpc/task.pb.go:285.55,287.2 1 0
github.com/douglasvolcato/binary-code-processor/task_service/internal/infra/grpc/task.pb.go:289.48,290.14 1 0
github.com/douglasvolcato/binary-code-processor/task_service/internal/infra/grpc/task.pb.go:290.14,292.3 1 0
github.com/douglasvolcato/binary-code-processor/task_service/internal/infra/grpc/task.pb.go:293.2,293.12 1 0
github.com/douglasvolcato/binary-code-processor/task_service/internal/infra/grpc/task.pb.go:325.43,326.40 1 0
github.com/douglasvolcato/binary-code-processor/task_service/internal/infra/grpc/task.pb.go:326.40,328.3 1 0
github.com/douglasvolcato/binary-code-processor/task_service/internal/infra/grpc/task.pb.go:329.2,329.36 1 0
github.com/douglasvolcato/binary-code-processor/task_service/internal/infra/grpc/task.pb.go:355.13,355.39 1 0
github.com/douglasvolcato/binary-code-processor/task_service/internal/infra/grpc/task.pb.go:356.29,357.28 1 0
github.com/douglasvolcato/binary-code-processor/task_service/internal/infra/grpc/task.pb.go:357.28,359.3 1 0
github.com/douglasvolcato/binary-code-processor/task_service/internal/infra/grpc/task.pb.go:360.2,376.31 5 0
github.com/douglasvolcato/binary-code-processor/task_service/internal/infra/grpc/task_grpc.pb.go:40.74,42.2 1 0
github.com/douglasvolcato/binary-code-processor/task_service/internal/infra/grpc/task_grpc.pb.go:44.191,47.16 3 0
github.com/douglasvolcato/binary-code-processor/task_service/internal/infra/grpc/task_grpc.pb.go:47.16,49.3 1 0
github.com/douglasvolcato/binary-code-processor/task_service/internal/infra/grpc/task_grpc.pb.go:50.2,51.15 2 0
github.com/douglasvolcato/binary-code-processor/task_service/internal/infra/grpc/task_grpc.pb.go:57.182,60.16 3 0
github.com/douglasvolcato/binary-code-processor/task_service/internal/infra/grpc/task_grpc.pb.go:60.16,62.3 1 0
github.com/douglasvolcato/binary-code-processor/task_service/internal/infra/grpc/task_grpc.pb.go:63.2,64.15 2 0
github.com/douglasvolcato/binary-code-processor/task_service/internal/infra/grpc/task_grpc.pb.go:70.132,74.16 4 0
github.com/douglasvolcato/binary-code-processor/task_service/internal/infra/grpc/task_grpc.pb.go:74.16,76.3 1 0
github.com/douglasvolcato/binary-code-processor/task_service/internal/infra/grpc/task_grpc.pb.go:77.2,77.17 1 0
github.com/douglasvolcato/binary-code-processor/task_service/internal/infra/grpc/task_grpc.pb.go:97.153,99.2 1 0
github.com/douglasvolcato/binary-code-processor/task_service/internal/infra/grpc/task_grpc.pb.go:100.144,102.2 1 0
github.com/douglasvolcato/binary-code-processor/task_service/internal/infra/grpc/task_grpc.pb.go:103.110,105.2 1 0
github.com/douglasvolcato/binary-code-processor/task_service/internal/infra/grpc/task_grpc.pb.go:106.82,106.83 0 0
github.com/douglasvolcato/binary-code-processor/task_service/internal/infra/grpc/task_grpc.pb.go:107.82,107.83 0 0
github.com/douglasvolcato/binary-code-processor/task_service/internal/infra/grpc/task_grpc.pb.go:116.80,121.59 1 0
github.com/douglasvolcato/binary-code-processor/task_service/internal/infra/grpc/task_grpc.pb.go:121.59,123.3 1 0
github.com/douglasvolcato/binary-code-processor/task_service/internal/infra/grpc/task_grpc.pb.go:124.2,124.50 1 0
github.com/douglasvolcato/binary-code-processor/task_service/internal/infra/grpc/task_grpc.pb.go:127.97,129.2 1 0
github.com/douglasvolcato/binary-code-processor/task_service/internal/infra/grpc/task_grpc.pb.go:134.94,136.2 1 0
github.com/douglasvolcato/binary-code-processor/task_service/internal/infra/grpc/task_grpc.pb.go:141.165,143.32 2 0
github.com/douglasvolcato/binary-code-processor/task_service/internal/infra/grpc/task_grpc.pb.go:143.32,145.3 1 0
github.com/douglasvolcato/binary-code-processor/task_service/internal/infra/grpc/task_grpc.pb.go:146.2,146.24 1 0
github.com/douglasvolcato/binary-code-processor/task_service/internal/infra/grpc/task_grpc.pb.go:146.24,148.3 1 0
github.com/douglasvolcato/binary-code-processor/task_service/internal/infra/grpc/task_grpc.pb.go:149.2,153.77 2 0
github.com/douglasvolcato/binary-code-processor/task_service/internal/infra/grpc/task_grpc.pb.go:153.77,155.3 1 0
github.com/douglasvolcato/binary-code-processor/task_service/internal/infra/grpc/task_grpc.pb.go:156.2,156.44 1 0
