mode: set
github.com/douglasvolcato/binary-code-processor/websocket_service/internal/usecases/send_processed_tasks_usecase.go:9.89,13.2 1 1
github.com/douglasvolcato/binary-code-processor/websocket_service/internal/usecases/send_processed_tasks_usecase.go:22.112,23.75 1 1
github.com/douglasvolcato/binary-code-processor/websocket_service/internal/usecases/send_processed_tasks_usecase.go:23.75,25.3 1 1
github.com/douglasvolcato/binary-code-processor/websocket_service/internal/usecases/send_processed_tasks_usecase.go:26.2,26.41 1 1
github.com/douglasvolcato/binary-code-processor/websocket_service/internal/entities/task_entity.go:13.50,18.2 1 1
github.com/douglasvolcato/binary-code-processor/websocket_service/internal/entities/task_entity.go:20.33,21.35 1 1
github.com/douglasvolcato/binary-code-processor/websocket_service/internal/entities/task_entity.go:21.35,23.3 1 1
github.com/douglasvolcato/binary-code-processor/websocket_service/internal/entities/task_entity.go:24.2,24.51 1 1
github.com/douglasvolcato/binary-code-processor/websocket_service/internal/entities/task_entity.go:24.51,26.3 1 1
github.com/douglasvolcato/binary-code-processor/websocket_service/internal/entities/task_entity.go:27.2,27.12 1 1
github.com/douglasvolcato/binary-code-processor/websocket_service/internal/infra/queue/consumer.go:14.49,16.16 2 0
github.com/douglasvolcato/binary-code-processor/websocket_service/internal/infra/queue/consumer.go:16.16,18.3 1 0
github.com/douglasvolcato/binary-code-processor/websocket_service/internal/infra/queue/consumer.go:20.2,21.16 2 0
github.com/douglasvolcato/binary-code-processor/websocket_service/internal/infra/queue/consumer.go:21.16,23.3 1 0
github.com/douglasvolcato/binary-code-processor/websocket_service/internal/infra/queue/consumer.go:25.2,28.8 1 0
github.com/douglasvolcato/binary-code-processor/websocket_service/internal/infra/queue/consumer.go:31.52,41.2 2 0
github.com/douglasvolcato/binary-code-processor/websocket_service/internal/infra/queue/consumer.go:43.68,53.2 1 0
github.com/douglasvolcato/binary-code-processor/websocket_service/internal/infra/queue/consumer.go:55.77,63.2 1 0
github.com/douglasvolcato/binary-code-processor/websocket_service/internal/infra/queue/consumer.go:65.76,68.16 2 0
github.com/douglasvolcato/binary-code-processor/websocket_service/internal/infra/queue/consumer.go:68.16,70.3 1 0
github.com/douglasvolcato/binary-code-processor/websocket_service/internal/infra/queue/consumer.go:72.2,81.16 2 0
github.com/douglasvolcato/binary-code-processor/websocket_service/internal/infra/queue/consumer.go:81.16,83.3 1 0
github.com/douglasvolcato/binary-code-processor/websocket_service/internal/infra/queue/consumer.go:85.2,85.12 1 0
github.com/douglasvolcato/binary-code-processor/websocket_service/internal/infra/queue/consumer.go:85.12,86.25 1 0
github.com/douglasvolcato/binary-code-processor/websocket_service/internal/infra/queue/consumer.go:86.25,89.18 2 0
github.com/douglasvolcato/binary-code-processor/websocket_service/internal/infra/queue/consumer.go:89.18,92.5 2 0
github.com/douglasvolcato/binary-code-processor/websocket_service/internal/infra/queue/consumer.go:92.10,94.5 1 0
github.com/douglasvolcato/binary-code-processor/websocket_service/internal/infra/queue/consumer.go:98.2,98.12 1 0
github.com/douglasvolcato/binary-code-processor/websocket_service/internal/infra/queue/consumer.go:101.28,102.22 1 0
github.com/douglasvolcato/binary-code-processor/websocket_service/internal/infra/queue/consumer.go:102.22,104.3 1 0
github.com/douglasvolcato/binary-code-processor/websocket_service/internal/infra/queue/consumer.go:105.2,105.19 1 0
github.com/douglasvolcato/binary-code-processor/websocket_service/internal/infra/queue/consumer.go:105.19,107.3 1 0
github.com/douglasvolcato/binary-code-processor/websocket_service/internal/infra/queue/producer.go:14.49,16.16 2 0
github.com/douglasvolcato/binary-code-processor/websocket_service/internal/infra/queue/producer.go:16.16,18.3 1 0
github.com/douglasvolcato/binary-code-processor/websocket_service/internal/infra/queue/producer.go:20.2,21.16 2 0
github.com/douglasvolcato/binary-code-processor/websocket_service/internal/infra/queue/producer.go:21.16,23.3 1 0
github.com/douglasvolcato/binary-code-processor/websocket_service/internal/infra/queue/producer.go:25.2,28.8 1 0
github.com/douglasvolcato/binary-code-processor/websocket_service/internal/infra/queue/producer.go:31.52,41.2 2 0
github.com/douglasvolcato/binary-code-processor/websocket_service/internal/infra/queue/producer.go:43.68,53.2 1 0
github.com/douglasvolcato/binary-code-processor/websocket_service/internal/infra/queue/producer.go:55.69,57.16 2 0
github.com/douglasvolcato/binary-code-processor/websocket_service/internal/infra/queue/producer.go:57.16,59.3 1 0
github.com/douglasvolcato/binary-code-processor/websocket_service/internal/infra/queue/producer.go:61.2,70.3 1 0
github.com/douglasvolcato/binary-code-processor/websocket_service/internal/infra/queue/producer.go:73.101,75.16 2 0
github.com/douglasvolcato/binary-code-processor/websocket_service/internal/infra/queue/producer.go:75.16,77.3 1 0
github.com/douglasvolcato/binary-code-processor/websocket_service/internal/infra/queue/producer.go:79.2,88.3 1 0
github.com/douglasvolcato/binary-code-processor/websocket_service/internal/infra/queue/producer.go:91.28,92.22 1 0
github.com/douglasvolcato/binary-code-processor/websocket_service/internal/infra/queue/producer.go:92.22,94.3 1 0
github.com/douglasvolcato/binary-code-processor/websocket_service/internal/infra/queue/producer.go:95.2,95.19 1 0
github.com/douglasvolcato/binary-code-processor/websocket_service/internal/infra/queue/producer.go:95.19,97.3 1 0
github.com/douglasvolcato/binary-code-processor/websocket_service/cmd/main.go:29.13,40.12 8 0
github.com/douglasvolcato/binary-code-processor/websocket_service/cmd/main.go:40.12,41.7 1 0
github.com/douglasvolcato/binary-code-processor/websocket_service/cmd/main.go:41.7,42.89 1 0
github.com/douglasvolcato/binary-code-processor/websocket_service/cmd/main.go:42.89,45.13 3 0
github.com/douglasvolcato/binary-code-processor/websocket_service/cmd/main.go:47.4,47.10 1 0
github.com/douglasvolcato/binary-code-processor/websocket_service/cmd/main.go:51.2,65.36 8 0
github.com/douglasvolcato/binary-code-processor/websocket_service/cmd/main.go:68.118,70.16 2 0
github.com/douglasvolcato/binary-code-processor/websocket_service/cmd/main.go:70.16,72.3 1 0
github.com/douglasvolcato/binary-code-processor/websocket_service/cmd/main.go:73.2,75.57 2 0
github.com/douglasvolcato/binary-code-processor/websocket_service/cmd/main.go:75.57,77.3 1 0
github.com/douglasvolcato/binary-code-processor/websocket_service/cmd/main.go:78.2,78.73 1 0
github.com/douglasvolcato/binary-code-processor/websocket_service/cmd/main.go:78.73,80.3 1 0
github.com/douglasvolcato/binary-code-processor/websocket_service/cmd/main.go:81.2,81.78 1 0
github.com/douglasvolcato/binary-code-processor/websocket_service/cmd/main.go:81.78,83.3 1 0
github.com/douglasvolcato/binary-code-processor/websocket_service/cmd/main.go:84.2,84.67 1 0
github.com/douglasvolcato/binary-code-processor/websocket_service/cmd/main.go:84.67,86.55 2 0
github.com/douglasvolcato/binary-code-processor/websocket_service/cmd/main.go:86.55,88.4 1 0
github.com/douglasvolcato/binary-code-processor/websocket_service/cmd/main.go:89.3,95.13 2 0
github.com/douglasvolcato/binary-code-processor/websocket_service/cmd/main.go:96.17,98.3 1 0
github.com/douglasvolcato/binary-code-processor/websocket_service/cmd/main.go:100.2,100.9 1 0
github.com/douglasvolcato/binary-code-processor/websocket_service/cmd/main.go:103.19,104.104 1 0
github.com/douglasvolcato/binary-code-processor/websocket_service/cmd/main.go:104.104,105.43 1 0
github.com/douglasvolcato/binary-code-processor/websocket_service/cmd/main.go:105.43,107.4 1 0
github.com/douglasvolcato/binary-code-processor/websocket_service/cmd/main.go:111.37,113.16 2 0
github.com/douglasvolcato/binary-code-processor/websocket_service/cmd/main.go:113.16,115.3 1 0
github.com/douglasvolcato/binary-code-processor/websocket_service/cmd/main.go:117.2,117.57 1 0
github.com/douglasvolcato/binary-code-processor/websocket_service/cmd/main.go:117.57,119.49 2 0
github.com/douglasvolcato/binary-code-processor/websocket_service/cmd/main.go:119.49,120.12 1 0
github.com/douglasvolcato/binary-code-processor/websocket_service/cmd/main.go:122.3,123.10 2 0
github.com/douglasvolcato/binary-code-processor/websocket_service/cmd/main.go:123.10,124.12 1 0
github.com/douglasvolcato/binary-code-processor/websocket_service/cmd/main.go:126.3,126.86 1 0
github.com/douglasvolcato/binary-code-processor/websocket_service/cmd/main.go:129.2,129.12 1 0
github.com/douglasvolcato/binary-code-processor/websocket_service/cmd/main.go:132.49,134.17 2 0
github.com/douglasvolcato/binary-code-processor/websocket_service/cmd/main.go:134.17,136.3 1 0
github.com/douglasvolcato/binary-code-processor/websocket_service/cmd/main.go:137.2,137.14 1 0
github.com/douglasvolcato/binary-code-processor/websocket_service/cmd/main.go:140.35,141.71 1 0
github.com/douglasvolcato/binary-code-processor/websocket_service/cmd/main.go:141.71,144.3 2 0
github.com/douglasvolcato/binary-code-processor/websocket_service/internal/infra/websocket/hub.go:32.20,33.32 1 0
github.com/douglasvolcato/binary-code-processor/websocket_service/internal/infra/websocket/hub.go:33.32,35.3 1 0
github.com/douglasvolcato/binary-code-processor/websocket_service/internal/infra/websocket/hub.go:37.2,40.44 1 0
github.com/douglasvolcato/binary-code-processor/websocket_service/internal/infra/websocket/hub.go:40.44,40.59 1 0
github.com/douglasvolcato/binary-code-processor/websocket_service/internal/infra/websocket/hub.go:45.65,47.16 2 0
github.com/douglasvolcato/binary-code-processor/websocket_service/internal/infra/websocket/hub.go:47.16,50.3 2 0
github.com/douglasvolcato/binary-code-processor/websocket_service/internal/infra/websocket/hub.go:52.2,59.22 6 0
github.com/douglasvolcato/binary-code-processor/websocket_service/internal/infra/websocket/hub.go:62.44,65.6 2 0
github.com/douglasvolcato/binary-code-processor/websocket_service/internal/infra/websocket/hub.go:65.6,66.56 1 0
github.com/douglasvolcato/binary-code-processor/websocket_service/internal/infra/websocket/hub.go:66.56,68.4 1 0
github.com/douglasvolcato/binary-code-processor/websocket_service/internal/infra/websocket/hub.go:72.68,73.40 1 0
github.com/douglasvolcato/binary-code-processor/websocket_service/internal/infra/websocket/hub.go:73.40,75.3 1 0
github.com/douglasvolcato/binary-code-processor/websocket_service/internal/infra/websocket/hub.go:77.2,79.34 3 0
github.com/douglasvolcato/binary-code-processor/websocket_service/internal/infra/websocket/hub.go:79.34,81.3 1 0
github.com/douglasvolcato/binary-code-processor/websocket_service/internal/infra/websocket/hub.go:82.2,84.32 2 0
github.com/douglasvolcato/binary-code-processor/websocket_service/internal/infra/websocket/hub.go:84.32,89.18 2 0
github.com/douglasvolcato/binary-code-processor/websocket_service/internal/infra/websocket/hub.go:89.18,92.12 3 0
github.com/douglasvolcato/binary-code-processor/websocket_service/internal/infra/websocket/hub.go:94.3,94.25 1 0
github.com/douglasvolcato/binary-code-processor/websocket_service/internal/infra/websocket/hub.go:96.2,96.12 1 0
github.com/douglasvolcato/binary-code-processor/websocket_service/internal/infra/websocket/hub.go:104.23,107.34 3 0
github.com/douglasvolcato/binary-code-processor/websocket_service/internal/infra/websocket/hub.go:107.34,109.3 1 0
github.com/douglasvolcato/binary-code-processor/websocket_service/internal/infra/websocket/hub.go:110.2,112.32 2 0
github.com/douglasvolcato/binary-code-processor/websocket_service/internal/infra/websocket/hub.go:112.32,114.3 1 0
github.com/douglasvolcato/binary-code-processor/websocket_service/internal/infra/websocket/hub.go:117.37,118.24 1 0
github.com/douglasvolcato/binary-code-processor/websocket_service/internal/infra/websocket/hub.go:118.24,124.3 5 0
github.com/douglasvolcato/binary-code-processor/websocket_service/test/faker.go:9.32,11.2 1 0
github.com/douglasvolcato/binary-code-processor/websocket_service/test/faker.go:13.34,15.2 1 0
github.com/douglasvolcato/binary-code-processor/websocket_service/test/faker.go:17.36,19.2 1 0
github.com/douglasvolcato/binary-code-processor/websocket_service/test/faker.go:21.36,23.2 1 0
github.com/douglasvolcato/binary-code-processor/websocket_service/test/faker.go:25.34,27.2 1 0
