mode: set
github.com/douglasvolcato/binary-code-processor/api_gateway/internal/usecases/get_tasks_usecase.go:13.72,17.2 1 1
github.com/douglasvolcato/binary-code-processor/api_gateway/internal/usecases/get_tasks_usecase.go:29.82,30.42 1 1
github.com/douglasvolcato/binary-code-processor/api_gateway/internal/usecases/get_tasks_usecase.go:30.42,32.3 1 1
github.com/douglasvolcato/binary-code-processor/api_gateway/internal/usecases/get_tasks_usecase.go:33.2,34.16 2 1
github.com/douglasvolcato/binary-code-processor/api_gateway/internal/usecases/get_tasks_usecase.go:34.16,36.3 1 0
github.com/douglasvolcato/binary-code-processor/api_gateway/internal/usecases/get_tasks_usecase.go:37.2,38.16 2 1
github.com/douglasvolcato/binary-code-processor/api_gateway/internal/usecases/get_tasks_usecase.go:38.16,40.3 1 1
github.com/douglasvolcato/binary-code-processor/api_gateway/internal/usecases/get_tasks_usecase.go:41.2,43.8 1 1
github.com/douglasvolcato/binary-code-processor/api_gateway/internal/usecases/send_task_to_process_usecase.go:13.89,17.2 1 1
github.com/douglasvolcato/binary-code-processor/api_gateway/internal/usecases/send_task_to_process_usecase.go:29.109,31.16 2 1
github.com/douglasvolcato/binary-code-processor/api_gateway/internal/usecases/send_task_to_process_usecase.go:31.16,33.3 1 0
github.com/douglasvolcato/binary-code-processor/api_gateway/internal/usecases/send_task_to_process_usecase.go:34.2,35.16 2 1
github.com/douglasvolcato/binary-code-processor/api_gateway/internal/usecases/send_task_to_process_usecase.go:35.16,37.3 1 1
github.com/douglasvolcato/binary-code-processor/api_gateway/internal/usecases/send_task_to_process_usecase.go:38.2,41.8 1 1
github.com/douglasvolcato/binary-code-processor/api_gateway/internal/entities/task_entity.go:16.102,24.2 1 1
github.com/douglasvolcato/binary-code-processor/api_gateway/internal/entities/task_entity.go:26.33,27.35 1 1
github.com/douglasvolcato/binary-code-processor/api_gateway/internal/entities/task_entity.go:27.35,29.3 1 1
github.com/douglasvolcato/binary-code-processor/api_gateway/internal/entities/task_entity.go:30.2,30.40 1 1
github.com/douglasvolcato/binary-code-processor/api_gateway/internal/entities/task_entity.go:30.40,32.3 1 1
github.com/douglasvolcato/binary-code-processor/api_gateway/internal/entities/task_entity.go:33.2,33.42 1 1
github.com/douglasvolcato/binary-code-processor/api_gateway/internal/entities/task_entity.go:33.42,35.3 1 1
github.com/douglasvolcato/binary-code-processor/api_gateway/internal/entities/task_entity.go:36.2,36.42 1 1
github.com/douglasvolcato/binary-code-processor/api_gateway/internal/entities/task_entity.go:36.42,38.3 1 1
github.com/douglasvolcato/binary-code-processor/api_gateway/internal/entities/task_entity.go:39.2,39.12 1 1
github.com/douglasvolcato/binary-code-processor/api_gateway/internal/infra/web/server.go:23.76,25.16 2 0
github.com/douglasvolcato/binary-code-processor/api_gateway/internal/infra/web/server.go:25.16,27.3 1 0
github.com/douglasvolcato/binary-code-processor/api_gateway/internal/infra/web/server.go:29.2,33.8 1 0
github.com/douglasvolcato/binary-code-processor/api_gateway/internal/infra/web/server.go:36.68,38.114 2 0
github.com/douglasvolcato/binary-code-processor/api_gateway/internal/infra/web/server.go:38.114,40.3 1 0
github.com/douglasvolcato/binary-code-processor/api_gateway/cmd/main.go:29.13,41.16 9 0
github.com/douglasvolcato/binary-code-processor/api_gateway/cmd/main.go:41.16,43.3 1 0
github.com/douglasvolcato/binary-code-processor/api_gateway/cmd/main.go:44.2,61.16 12 0
github.com/douglasvolcato/binary-code-processor/api_gateway/cmd/main.go:61.16,63.3 1 0
github.com/douglasvolcato/binary-code-processor/api_gateway/cmd/main.go:65.2,83.36 9 0
github.com/douglasvolcato/binary-code-processor/api_gateway/cmd/main.go:86.19,87.104 1 0
github.com/douglasvolcato/binary-code-processor/api_gateway/cmd/main.go:87.104,88.43 1 0
github.com/douglasvolcato/binary-code-processor/api_gateway/cmd/main.go:88.43,90.4 1 0
github.com/douglasvolcato/binary-code-processor/api_gateway/cmd/main.go:94.37,96.16 2 0
github.com/douglasvolcato/binary-code-processor/api_gateway/cmd/main.go:96.16,98.3 1 0
github.com/douglasvolcato/binary-code-processor/api_gateway/cmd/main.go:100.2,100.57 1 0
github.com/douglasvolcato/binary-code-processor/api_gateway/cmd/main.go:100.57,102.49 2 0
github.com/douglasvolcato/binary-code-processor/api_gateway/cmd/main.go:102.49,103.12 1 0
github.com/douglasvolcato/binary-code-processor/api_gateway/cmd/main.go:105.3,106.10 2 0
github.com/douglasvolcato/binary-code-processor/api_gateway/cmd/main.go:106.10,107.12 1 0
github.com/douglasvolcato/binary-code-processor/api_gateway/cmd/main.go:109.3,111.48 3 0
github.com/douglasvolcato/binary-code-processor/api_gateway/cmd/main.go:114.2,114.12 1 0
github.com/douglasvolcato/binary-code-processor/api_gateway/cmd/main.go:117.49,119.17 2 0
github.com/douglasvolcato/binary-code-processor/api_gateway/cmd/main.go:119.17,121.3 1 0
github.com/douglasvolcato/binary-code-processor/api_gateway/cmd/main.go:122.2,122.14 1 0
github.com/douglasvolcato/binary-code-processor/api_gateway/cmd/main.go:125.35,126.71 1 0
github.com/douglasvolcato/binary-code-processor/api_gateway/cmd/main.go:126.71,129.3 2 0
github.com/douglasvolcato/binary-code-processor/api_gateway/internal/infra/grpc/client.go:14.57,16.2 1 0
github.com/douglasvolcato/binary-code-processor/api_gateway/internal/infra/grpc/client.go:18.62,20.2 1 0
github.com/douglasvolcato/binary-code-processor/api_gateway/internal/infra/grpc/client.go:22.32,24.2 1 0
github.com/douglasvolcato/binary-code-processor/api_gateway/internal/infra/grpc/client.go:26.13,28.2 1 0
github.com/douglasvolcato/binary-code-processor/api_gateway/internal/infra/grpc/client.go:59.47,61.2 1 0
github.com/douglasvolcato/binary-code-processor/api_gateway/internal/infra/grpc/client.go:63.96,71.16 2 0
github.com/douglasvolcato/binary-code-processor/api_gateway/internal/infra/grpc/client.go:71.16,73.3 1 0
github.com/douglasvolcato/binary-code-processor/api_gateway/internal/infra/grpc/client.go:74.2,74.33 1 0
github.com/douglasvolcato/binary-code-processor/api_gateway/internal/infra/grpc/client.go:77.101,84.16 2 0
github.com/douglasvolcato/binary-code-processor/api_gateway/internal/infra/grpc/client.go:84.16,86.3 1 0
github.com/douglasvolcato/binary-code-processor/api_gateway/internal/infra/grpc/client.go:88.2,88.35 1 0
github.com/douglasvolcato/binary-code-processor/api_gateway/internal/infra/grpc/client.go:88.35,89.79 1 0
github.com/douglasvolcato/binary-code-processor/api_gateway/internal/infra/grpc/client.go:89.79,91.4 1 0
github.com/douglasvolcato/binary-code-processor/api_gateway/internal/infra/grpc/client.go:94.2,94.43 1 0
github.com/douglasvolcato/binary-code-processor/api_gateway/internal/infra/grpc/client.go:94.43,96.3 1 0
github.com/douglasvolcato/binary-code-processor/api_gateway/internal/infra/grpc/client.go:98.2,99.44 2 0
github.com/douglasvolcato/binary-code-processor/api_gateway/internal/infra/grpc/client.go:99.44,101.3 1 0
github.com/douglasvolcato/binary-code-processor/api_gateway/internal/infra/grpc/client.go:102.2,102.33 1 0
github.com/douglasvolcato/binary-code-processor/api_gateway/internal/infra/grpc/client.go:105.51,107.29 2 0
github.com/douglasvolcato/binary-code-processor/api_gateway/internal/infra/grpc/client.go:107.29,115.3 1 0
github.com/douglasvolcato/binary-code-processor/api_gateway/internal/infra/grpc/client.go:116.2,116.15 1 0
github.com/douglasvolcato/binary-code-processor/api_gateway/internal/infra/grpc/task.pb.go:31.47,36.2 4 0
github.com/douglasvolcato/binary-code-processor/api_gateway/internal/infra/grpc/task.pb.go:38.55,40.2 1 0
github.com/douglasvolcato/binary-code-processor/api_gateway/internal/infra/grpc/task.pb.go:42.53,42.54 0 0
github.com/douglasvolcato/binary-code-processor/api_gateway/internal/infra/grpc/task.pb.go:44.75,46.14 2 0
github.com/douglasvolcato/binary-code-processor/api_gateway/internal/infra/grpc/task.pb.go:46.14,48.34 2 0
github.com/douglasvolcato/binary-code-processor/api_gateway/internal/infra/grpc/task.pb.go:48.34,50.4 1 0
github.com/douglasvolcato/binary-code-processor/api_gateway/internal/infra/grpc/task.pb.go:51.3,51.12 1 0
github.com/douglasvolcato/binary-code-processor/api_gateway/internal/infra/grpc/task.pb.go:53.2,53.24 1 0
github.com/douglasvolcato/binary-code-processor/api_gateway/internal/infra/grpc/task.pb.go:57.66,59.2 1 0
github.com/douglasvolcato/binary-code-processor/api_gateway/internal/infra/grpc/task.pb.go:61.61,62.14 1 0
github.com/douglasvolcato/binary-code-processor/api_gateway/internal/infra/grpc/task.pb.go:62.14,64.3 1 0
github.com/douglasvolcato/binary-code-processor/api_gateway/internal/infra/grpc/task.pb.go:65.2,65.12 1 0
github.com/douglasvolcato/binary-code-processor/api_gateway/internal/infra/grpc/task.pb.go:75.48,80.2 4 0
github.com/douglasvolcato/binary-code-processor/api_gateway/internal/infra/grpc/task.pb.go:82.56,84.2 1 0
github.com/douglasvolcato/binary-code-processor/api_gateway/internal/infra/grpc/task.pb.go:86.54,86.55 0 0
github.com/douglasvolcato/binary-code-processor/api_gateway/internal/infra/grpc/task.pb.go:88.76,90.14 2 0
github.com/douglasvolcato/binary-code-processor/api_gateway/internal/infra/grpc/task.pb.go:90.14,92.34 2 0
github.com/douglasvolcato/binary-code-processor/api_gateway/internal/infra/grpc/task.pb.go:92.34,94.4 1 0
github.com/douglasvolcato/binary-code-processor/api_gateway/internal/infra/grpc/task.pb.go:95.3,95.12 1 0
github.com/douglasvolcato/binary-code-processor/api_gateway/internal/infra/grpc/task.pb.go:97.2,97.24 1 0
github.com/douglasvolcato/binary-code-processor/api_gateway/internal/infra/grpc/task.pb.go:101.67,103.2 1 0
github.com/douglasvolcato/binary-code-processor/api_gateway/internal/infra/grpc/task.pb.go:105.60,106.14 1 0
github.com/douglasvolcato/binary-code-processor/api_gateway/internal/infra/grpc/task.pb.go:106.14,108.3 1 0
github.com/douglasvolcato/binary-code-processor/api_gateway/internal/infra/grpc/task.pb.go:109.2,109.11 1 0
github.com/douglasvolcato/binary-code-processor/api_gateway/internal/infra/grpc/task.pb.go:120.35,125.2 4 0
github.com/douglasvolcato/binary-code-processor/api_gateway/internal/infra/grpc/task.pb.go:127.43,129.2 1 0
github.com/douglasvolcato/binary-code-processor/api_gateway/internal/infra/grpc/task.pb.go:131.41,131.42 0 0
github.com/douglasvolcato/binary-code-processor/api_gateway/internal/infra/grpc/task.pb.go:133.63,135.14 2 0
github.com/douglasvolcato/binary-code-processor/api_gateway/internal/infra/grpc/task.pb.go:135.14,137.34 2 0
github.com/douglasvolcato/binary-code-processor/api_gateway/internal/infra/grpc/task.pb.go:137.34,139.4 1 0
github.com/douglasvolcato/binary-code-processor/api_gateway/internal/infra/grpc/task.pb.go:140.3,140.12 1 0
github.com/douglasvolcato/binary-code-processor/api_gateway/internal/infra/grpc/task.pb.go:142.2,142.24 1 0
github.com/douglasvolcato/binary-code-processor/api_gateway/internal/infra/grpc/task.pb.go:146.54,148.2 1 0
github.com/douglasvolcato/binary-code-processor/api_gateway/internal/infra/grpc/task.pb.go:150.45,151.14 1 0
github.com/douglasvolcato/binary-code-processor/api_gateway/internal/infra/grpc/task.pb.go:151.14,153.3 1 0
github.com/douglasvolcato/binary-code-processor/api_gateway/internal/infra/grpc/task.pb.go:154.2,154.11 1 0
github.com/douglasvolcato/binary-code-processor/api_gateway/internal/infra/grpc/task.pb.go:157.46,158.14 1 0
github.com/douglasvolcato/binary-code-processor/api_gateway/internal/infra/grpc/task.pb.go:158.14,160.3 1 0
github.com/douglasvolcato/binary-code-processor/api_gateway/internal/infra/grpc/task.pb.go:161.2,161.11 1 0
github.com/douglasvolcato/binary-code-processor/api_gateway/internal/infra/grpc/task.pb.go:171.36,176.2 4 0
github.com/douglasvolcato/binary-code-processor/api_gateway/internal/infra/grpc/task.pb.go:178.44,180.2 1 0
github.com/douglasvolcato/binary-code-processor/api_gateway/internal/infra/grpc/task.pb.go:182.42,182.43 0 0
github.com/douglasvolcato/binary-code-processor/api_gateway/internal/infra/grpc/task.pb.go:184.64,186.14 2 0
github.com/douglasvolcato/binary-code-processor/api_gateway/internal/infra/grpc/task.pb.go:186.14,188.34 2 0
github.com/douglasvolcato/binary-code-processor/api_gateway/internal/infra/grpc/task.pb.go:188.34,190.4 1 0
github.com/douglasvolcato/binary-code-processor/api_gateway/internal/infra/grpc/task.pb.go:191.3,191.12 1 0
github.com/douglasvolcato/binary-code-processor/api_gateway/internal/infra/grpc/task.pb.go:193.2,193.24 1 0
github.com/douglasvolcato/binary-code-processor/api_gateway/internal/infra/grpc/task.pb.go:197.55,199.2 1 0
github.com/douglasvolcato/binary-code-processor/api_gateway/internal/infra/grpc/task.pb.go:201.48,202.14 1 0
github.com/douglasvolcato/binary-code-processor/api_gateway/internal/infra/grpc/task.pb.go:202.14,204.3 1 0
github.com/douglasvolcato/binary-code-processor/api_gateway/internal/infra/grpc/task.pb.go:205.2,205.12 1 0
github.com/douglasvolcato/binary-code-processor/api_gateway/internal/infra/grpc/task.pb.go:232.43,233.40 1 0
github.com/douglasvolcato/binary-code-processor/api_gateway/internal/infra/grpc/task.pb.go:233.40,235.3 1 0
github.com/douglasvolcato/binary-code-processor/api_gateway/internal/infra/grpc/task.pb.go:236.2,236.36 1 0
github.com/douglasvolcato/binary-code-processor/api_gateway/internal/infra/grpc/task.pb.go:258.13,258.39 1 0
github.com/douglasvolcato/binary-code-processor/api_gateway/internal/infra/grpc/task.pb.go:259.29,260.28 1 0
github.com/douglasvolcato/binary-code-processor/api_gateway/internal/infra/grpc/task.pb.go:260.28,262.3 1 0
github.com/douglasvolcato/binary-code-processor/api_gateway/internal/infra/grpc/task.pb.go:263.2,279.31 5 0
github.com/douglasvolcato/binary-code-processor/api_gateway/internal/infra/grpc/task_grpc.pb.go:38.74,40.2 1 0
github.com/douglasvolcato/binary-code-processor/api_gateway/internal/infra/grpc/task_grpc.pb.go:42.191,45.16 3 0
github.com/douglasvolcato/binary-code-processor/api_gateway/internal/infra/grpc/task_grpc.pb.go:45.16,47.3 1 0
github.com/douglasvolcato/binary-code-processor/api_gateway/internal/infra/grpc/task_grpc.pb.go:48.2,49.15 2 0
github.com/douglasvolcato/binary-code-processor/api_gateway/internal/infra/grpc/task_grpc.pb.go:55.132,59.16 4 0
github.com/douglasvolcato/binary-code-processor/api_gateway/internal/infra/grpc/task_grpc.pb.go:59.16,61.3 1 0
github.com/douglasvolcato/binary-code-processor/api_gateway/internal/infra/grpc/task_grpc.pb.go:62.2,62.17 1 0
github.com/douglasvolcato/binary-code-processor/api_gateway/internal/infra/grpc/task_grpc.pb.go:81.153,83.2 1 0
github.com/douglasvolcato/binary-code-processor/api_gateway/internal/infra/grpc/task_grpc.pb.go:84.110,86.2 1 0
github.com/douglasvolcato/binary-code-processor/api_gateway/internal/infra/grpc/task_grpc.pb.go:87.82,87.83 0 0
github.com/douglasvolcato/binary-code-processor/api_gateway/internal/infra/grpc/task_grpc.pb.go:88.82,88.83 0 0
github.com/douglasvolcato/binary-code-processor/api_gateway/internal/infra/grpc/task_grpc.pb.go:97.80,102.59 1 0
github.com/douglasvolcato/binary-code-processor/api_gateway/internal/infra/grpc/task_grpc.pb.go:102.59,104.3 1 0
github.com/douglasvolcato/binary-code-processor/api_gateway/internal/infra/grpc/task_grpc.pb.go:105.2,105.50 1 0
github.com/douglasvolcato/binary-code-processor/api_gateway/internal/infra/grpc/task_grpc.pb.go:108.97,110.2 1 0
github.com/douglasvolcato/binary-code-processor/api_gateway/internal/infra/grpc/task_grpc.pb.go:115.165,117.32 2 0
github.com/douglasvolcato/binary-code-processor/api_gateway/internal/infra/grpc/task_grpc.pb.go:117.32,119.3 1 0
github.com/douglasvolcato/binary-code-processor/api_gateway/internal/infra/grpc/task_grpc.pb.go:120.2,120.24 1 0
github.com/douglasvolcato/binary-code-processor/api_gateway/internal/infra/grpc/task_grpc.pb.go:120.24,122.3 1 0
github.com/douglasvolcato/binary-code-processor/api_gateway/internal/infra/grpc/task_grpc.pb.go:123.2,127.77 2 0
github.com/douglasvolcato/binary-code-processor/api_gateway/internal/infra/grpc/task_grpc.pb.go:127.77,129.3 1 0
github.com/douglasvolcato/binary-code-processor/api_gateway/internal/infra/grpc/task_grpc.pb.go:130.2,130.44 1 0
github.com/douglasvolcato/binary-code-processor/api_gateway/test/faker.go:9.32,11.2 1 0
github.com/douglasvolcato/binary-code-processor/api_gateway/test/faker.go:13.34,15.2 1 0
github.com/douglasvolcato/binary-code-processor/api_gateway/test/faker.go:17.36,19.2 1 0
github.com/douglasvolcato/binary-code-processor/api_gateway/test/faker.go:21.36,23.2 1 0
github.com/douglasvolcato/binary-code-processor/api_gateway/test/faker.go:25.34,27.2 1 0
github.com/douglasvolcato/binary-code-processor/api_gateway/internal/infra/graphql/generated.go:23.63,25.2 1 0
github.com/douglasvolcato/binary-code-processor/api_gateway/internal/infra/graphql/generated.go:64.49,65.25 1 0
github.com/douglasvolcato/binary-code-processor/api_gateway/internal/infra/graphql/generated.go:65.25,67.3 1 0
github.com/douglasvolcato/binary-code-processor/api_gateway/internal/infra/graphql/generated.go:68.2,68.21 1 0
github.com/douglasvolcato/binary-code-processor/api_gateway/internal/infra/graphql/generated.go:71.141,74.32 3 0
github.com/douglasvolcato/binary-code-processor/api_gateway/internal/infra/graphql/generated.go:76.27,77.48 1 0
github.com/douglasvolcato/binary-code-processor/api_gateway/internal/infra/graphql/generated.go:77.48,78.9 1 0
github.com/douglasvolcato/binary-code-processor/api_gateway/internal/infra/graphql/generated.go:81.3,82.17 2 0
github.com/douglasvolcato/binary-code-processor/api_gateway/internal/infra/graphql/generated.go:82.17,84.4 1 0
github.com/douglasvolcato/binary-code-processor/api_gateway/internal/infra/graphql/generated.go:86.3,86.96 1 0
github.com/douglasvolcato/binary-code-processor/api_gateway/internal/infra/graphql/generated.go:88.21,89.42 1 0
github.com/douglasvolcato/binary-code-processor/api_gateway/internal/infra/graphql/generated.go:89.42,90.9 1 0
github.com/douglasvolcato/binary-code-processor/api_gateway/internal/infra/graphql/generated.go:93.3,94.17 2 0
github.com/douglasvolcato/binary-code-processor/api_gateway/internal/infra/graphql/generated.go:94.17,96.4 1 0
github.com/douglasvolcato/binary-code-processor/api_gateway/internal/infra/graphql/generated.go:98.3,98.106 1 0
github.com/douglasvolcato/binary-code-processor/api_gateway/internal/infra/graphql/generated.go:100.25,101.46 1 0
github.com/douglasvolcato/binary-code-processor/api_gateway/internal/infra/graphql/generated.go:101.46,102.9 1 0
github.com/douglasvolcato/binary-code-processor/api_gateway/internal/infra/graphql/generated.go:105.3,105.65 1 0
github.com/douglasvolcato/binary-code-processor/api_gateway/internal/infra/graphql/generated.go:106.24,107.45 1 0
github.com/douglasvolcato/binary-code-processor/api_gateway/internal/infra/graphql/generated.go:107.45,108.9 1 0
github.com/douglasvolcato/binary-code-processor/api_gateway/internal/infra/graphql/generated.go:111.3,111.64 1 0
github.com/douglasvolcato/binary-code-processor/api_gateway/internal/infra/graphql/generated.go:112.17,113.38 1 0
github.com/douglasvolcato/binary-code-processor/api_gateway/internal/infra/graphql/generated.go:113.38,114.9 1 0
github.com/douglasvolcato/binary-code-processor/api_gateway/internal/infra/graphql/generated.go:117.3,117.57 1 0
github.com/douglasvolcato/binary-code-processor/api_gateway/internal/infra/graphql/generated.go:118.22,119.43 1 0
github.com/douglasvolcato/binary-code-processor/api_gateway/internal/infra/graphql/generated.go:119.43,120.9 1 0
github.com/douglasvolcato/binary-code-processor/api_gateway/internal/infra/graphql/generated.go:123.3,123.62 1 0
github.com/douglasvolcato/binary-code-processor/api_gateway/internal/infra/graphql/generated.go:124.24,125.45 1 0
github.com/douglasvolcato/binary-code-processor/api_gateway/internal/infra/graphql/generated.go:125.45,126.9 1 0
github.com/douglasvolcato/binary-code-processor/api_gateway/internal/infra/graphql/generated.go:129.3,129.64 1 0
github.com/douglasvolcato/binary-code-processor/api_gateway/internal/infra/graphql/generated.go:132.2,132.17 1 0
github.com/douglasvolcato/binary-code-processor/api_gateway/internal/infra/graphql/generated.go:135.78,141.35 5 0
github.com/douglasvolcato/binary-code-processor/api_gateway/internal/infra/graphql/generated.go:142.17,143.54 1 0
github.com/douglasvolcato/binary-code-processor/api_gateway/internal/infra/graphql/generated.go:143.54,146.13 3 0
github.com/douglasvolcato/binary-code-processor/api_gateway/internal/infra/graphql/generated.go:146.13,150.5 3 0
github.com/douglasvolcato/binary-code-processor/api_gateway/internal/infra/graphql/generated.go:150.10,151.50 1 0
github.com/douglasvolcato/binary-code-processor/api_gateway/internal/infra/graphql/generated.go:151.50,158.6 6 0
github.com/douglasvolcato/binary-code-processor/api_gateway/internal/infra/graphql/generated.go:158.11,160.6 1 0
github.com/douglasvolcato/binary-code-processor/api_gateway/internal/infra/graphql/generated.go:162.4,165.42 4 0
github.com/douglasvolcato/binary-code-processor/api_gateway/internal/infra/graphql/generated.go:165.42,168.5 2 0
github.com/douglasvolcato/binary-code-processor/api_gateway/internal/infra/graphql/generated.go:170.4,170.20 1 0
github.com/douglasvolcato/binary-code-processor/api_gateway/internal/infra/graphql/generated.go:172.20,173.54 1 0
github.com/douglasvolcato/binary-code-processor/api_gateway/internal/infra/graphql/generated.go:173.54,174.14 1 0
github.com/douglasvolcato/binary-code-processor/api_gateway/internal/infra/graphql/generated.go:174.14,176.5 1 0
github.com/douglasvolcato/binary-code-processor/api_gateway/internal/infra/graphql/generated.go:177.4,185.5 6 0
github.com/douglasvolcato/binary-code-processor/api_gateway/internal/infra/graphql/generated.go:188.10,189.86 1 0
github.com/douglasvolcato/binary-code-processor/api_gateway/internal/infra/graphql/generated.go:201.20,210.2 1 0
github.com/douglasvolcato/binary-code-processor/api_gateway/internal/infra/graphql/generated.go:215.41,217.16 2 0
github.com/douglasvolcato/binary-code-processor/api_gateway/internal/infra/graphql/generated.go:217.16,218.68 1 0
github.com/douglasvolcato/binary-code-processor/api_gateway/internal/infra/graphql/generated.go:220.2,220.21 1 0
github.com/douglasvolcato/binary-code-processor/api_gateway/internal/infra/graphql/generated.go:232.127,236.16 4 0
github.com/douglasvolcato/binary-code-processor/api_gateway/internal/infra/graphql/generated.go:236.16,238.3 1 0
github.com/douglasvolcato/binary-code-processor/api_gateway/internal/infra/graphql/generated.go:239.2,240.18 2 0
github.com/douglasvolcato/binary-code-processor/api_gateway/internal/infra/graphql/generated.go:243.122,247.16 4 0
github.com/douglasvolcato/binary-code-processor/api_gateway/internal/infra/graphql/generated.go:247.16,249.3 1 0
github.com/douglasvolcato/binary-code-processor/api_gateway/internal/infra/graphql/generated.go:250.2,251.18 2 0
github.com/douglasvolcato/binary-code-processor/api_gateway/internal/infra/graphql/generated.go:254.121,258.16 4 0
github.com/douglasvolcato/binary-code-processor/api_gateway/internal/infra/graphql/generated.go:258.16,260.3 1 0
github.com/douglasvolcato/binary-code-processor/api_gateway/internal/infra/graphql/generated.go:261.2,263.16 3 0
github.com/douglasvolcato/binary-code-processor/api_gateway/internal/infra/graphql/generated.go:263.16,265.3 1 0
github.com/douglasvolcato/binary-code-processor/api_gateway/internal/infra/graphql/generated.go:266.2,267.18 2 0
github.com/douglasvolcato/binary-code-processor/api_gateway/internal/infra/graphql/generated.go:270.126,274.16 4 0
github.com/douglasvolcato/binary-code-processor/api_gateway/internal/infra/graphql/generated.go:274.16,276.3 1 0
github.com/douglasvolcato/binary-code-processor/api_gateway/internal/infra/graphql/generated.go:277.2,278.18 2 0
github.com/douglasvolcato/binary-code-processor/api_gateway/internal/infra/graphql/generated.go:281.122,285.16 4 0
github.com/douglasvolcato/binary-code-processor/api_gateway/internal/infra/graphql/generated.go:285.16,287.3 1 0
github.com/douglasvolcato/binary-code-processor/api_gateway/internal/infra/graphql/generated.go:288.2,289.18 2 0
github.com/douglasvolcato/binary-code-processor/api_gateway/internal/infra/graphql/generated.go:292.127,296.16 4 0
github.com/douglasvolcato/binary-code-processor/api_gateway/internal/infra/graphql/generated.go:296.16,298.3 1 0
github.com/douglasvolcato/binary-code-processor/api_gateway/internal/infra/graphql/generated.go:299.2,300.18 2 0
github.com/douglasvolcato/binary-code-processor/api_gateway/internal/infra/graphql/generated.go:303.123,307.16 4 0
github.com/douglasvolcato/binary-code-processor/api_gateway/internal/infra/graphql/generated.go:307.16,309.3 1 0
github.com/douglasvolcato/binary-code-processor/api_gateway/internal/infra/graphql/generated.go:310.2,311.18 2 0
github.com/douglasvolcato/binary-code-processor/api_gateway/internal/infra/graphql/generated.go:322.123,328.42 1 0
github.com/douglasvolcato/binary-code-processor/api_gateway/internal/infra/graphql/generated.go:328.42,331.4 2 0
github.com/douglasvolcato/binary-code-processor/api_gateway/internal/infra/graphql/generated.go:339.149,345.97 1 0
github.com/douglasvolcato/binary-code-processor/api_gateway/internal/infra/graphql/generated.go:345.97,346.22 1 0
github.com/douglasvolcato/binary-code-processor/api_gateway/internal/infra/graphql/generated.go:347.14,348.47 1 0
github.com/douglasvolcato/binary-code-processor/api_gateway/internal/infra/graphql/generated.go:349.19,350.52 1 0
github.com/douglasvolcato/binary-code-processor/api_gateway/internal/infra/graphql/generated.go:351.22,352.55 1 0
github.com/douglasvolcato/binary-code-processor/api_gateway/internal/infra/graphql/generated.go:353.21,354.54 1 0
github.com/douglasvolcato/binary-code-processor/api_gateway/internal/infra/graphql/generated.go:355.21,356.54 1 0
github.com/douglasvolcato/binary-code-processor/api_gateway/internal/infra/graphql/generated.go:358.4,358.85 1 0
github.com/douglasvolcato/binary-code-processor/api_gateway/internal/infra/graphql/generated.go:361.2,361.15 1 0
github.com/douglasvolcato/binary-code-processor/api_gateway/internal/infra/graphql/generated.go:361.15,362.31 1 0
github.com/douglasvolcato/binary-code-processor/api_gateway/internal/infra/graphql/generated.go:362.31,365.4 2 0
github.com/douglasvolcato/binary-code-processor/api_gateway/internal/infra/graphql/generated.go:367.2,368.102 2 0
github.com/douglasvolcato/binary-code-processor/api_gateway/internal/infra/graphql/generated.go:368.102,371.3 2 0
github.com/douglasvolcato/binary-code-processor/api_gateway/internal/infra/graphql/generated.go:372.2,372.16 1 0
github.com/douglasvolcato/binary-code-processor/api_gateway/internal/infra/graphql/generated.go:375.117,381.42 1 0
github.com/douglasvolcato/binary-code-processor/api_gateway/internal/infra/graphql/generated.go:381.42,384.4 2 0
github.com/douglasvolcato/binary-code-processor/api_gateway/internal/infra/graphql/generated.go:392.143,398.97 1 0
github.com/douglasvolcato/binary-code-processor/api_gateway/internal/infra/graphql/generated.go:398.97,399.22 1 0
github.com/douglasvolcato/binary-code-processor/api_gateway/internal/infra/graphql/generated.go:400.14,401.47 1 0
github.com/douglasvolcato/binary-code-processor/api_gateway/internal/infra/graphql/generated.go:402.19,403.52 1 0
github.com/douglasvolcato/binary-code-processor/api_gateway/internal/infra/graphql/generated.go:404.22,405.55 1 0
github.com/douglasvolcato/binary-code-processor/api_gateway/internal/infra/graphql/generated.go:406.21,407.54 1 0
github.com/douglasvolcato/binary-code-processor/api_gateway/internal/infra/graphql/generated.go:408.21,409.54 1 0
github.com/douglasvolcato/binary-code-processor/api_gateway/internal/infra/graphql/generated.go:411.4,411.85 1 0
github.com/douglasvolcato/binary-code-processor/api_gateway/internal/infra/graphql/generated.go:414.2,414.15 1 0
github.com/douglasvolcato/binary-code-processor/api_gateway/internal/infra/graphql/generated.go:414.15,415.31 1 0
github.com/douglasvolcato/binary-code-processor/api_gateway/internal/infra/graphql/generated.go:415.31,418.4 2 0
github.com/douglasvolcato/binary-code-processor/api_gateway/internal/infra/graphql/generated.go:420.2,421.96 2 0
github.com/douglasvolcato/binary-code-processor/api_gateway/internal/infra/graphql/generated.go:421.96,424.3 2 0
github.com/douglasvolcato/binary-code-processor/api_gateway/internal/infra/graphql/generated.go:425.2,425.16 1 0
github.com/douglasvolcato/binary-code-processor/api_gateway/internal/infra/graphql/generated.go:428.118,434.42 1 0
github.com/douglasvolcato/binary-code-processor/api_gateway/internal/infra/graphql/generated.go:434.42,437.4 2 0
github.com/douglasvolcato/binary-code-processor/api_gateway/internal/infra/graphql/generated.go:445.144,451.97 1 0
github.com/douglasvolcato/binary-code-processor/api_gateway/internal/infra/graphql/generated.go:451.97,452.22 1 0
github.com/douglasvolcato/binary-code-processor/api_gateway/internal/infra/graphql/generated.go:453.16,454.51 1 0
github.com/douglasvolcato/binary-code-processor/api_gateway/internal/infra/graphql/generated.go:455.16,456.51 1 0
github.com/douglasvolcato/binary-code-processor/api_gateway/internal/infra/graphql/generated.go:457.23,458.58 1 0
github.com/douglasvolcato/binary-code-processor/api_gateway/internal/infra/graphql/generated.go:459.26,460.61 1 0
github.com/douglasvolcato/binary-code-processor/api_gateway/internal/infra/graphql/generated.go:461.18,462.53 1 0
github.com/douglasvolcato/binary-code-processor/api_gateway/internal/infra/graphql/generated.go:463.22,464.57 1 0
github.com/douglasvolcato/binary-code-processor/api_gateway/internal/infra/graphql/generated.go:465.25,466.60 1 0
github.com/douglasvolcato/binary-code-processor/api_gateway/internal/infra/graphql/generated.go:467.22,468.57 1 0
github.com/douglasvolcato/binary-code-processor/api_gateway/internal/infra/graphql/generated.go:469.23,470.58 1 0
github.com/douglasvolcato/binary-code-processor/api_gateway/internal/infra/graphql/generated.go:471.18,472.53 1 0
github.com/douglasvolcato/binary-code-processor/api_gateway/internal/infra/graphql/generated.go:473.19,474.54 1 0
github.com/douglasvolcato/binary-code-processor/api_gateway/internal/infra/graphql/generated.go:476.4,476.87 1 0
github.com/douglasvolcato/binary-code-processor/api_gateway/internal/infra/graphql/generated.go:479.2,479.15 1 0
github.com/douglasvolcato/binary-code-processor/api_gateway/internal/infra/graphql/generated.go:479.15,480.31 1 0
github.com/douglasvolcato/binary-code-processor/api_gateway/internal/infra/graphql/generated.go:480.31,483.4 2 0
github.com/douglasvolcato/binary-code-processor/api_gateway/internal/infra/graphql/generated.go:485.2,486.97 2 0
github.com/douglasvolcato/binary-code-processor/api_gateway/internal/infra/graphql/generated.go:486.97,489.3 2 0
github.com/douglasvolcato/binary-code-processor/api_gateway/internal/infra/graphql/generated.go:490.2,490.16 1 0
github.com/douglasvolcato/binary-code-processor/api_gateway/internal/infra/graphql/generated.go:493.120,499.42 1 0
github.com/douglasvolcato/binary-code-processor/api_gateway/internal/infra/graphql/generated.go:499.42,501.4 1 0
github.com/douglasvolcato/binary-code-processor/api_gateway/internal/infra/graphql/generated.go:509.144,515.97 1 0
github.com/douglasvolcato/binary-code-processor/api_gateway/internal/infra/graphql/generated.go:515.97,516.22 1 0
github.com/douglasvolcato/binary-code-processor/api_gateway/internal/infra/graphql/generated.go:517.23,518.60 1 0
github.com/douglasvolcato/binary-code-processor/api_gateway/internal/infra/graphql/generated.go:519.17,520.54 1 0
github.com/douglasvolcato/binary-code-processor/api_gateway/internal/infra/graphql/generated.go:521.21,522.58 1 0
github.com/douglasvolcato/binary-code-processor/api_gateway/internal/infra/graphql/generated.go:523.24,524.61 1 0
github.com/douglasvolcato/binary-code-processor/api_gateway/internal/infra/graphql/generated.go:525.28,526.65 1 0
github.com/douglasvolcato/binary-code-processor/api_gateway/internal/infra/graphql/generated.go:527.22,528.59 1 0
github.com/douglasvolcato/binary-code-processor/api_gateway/internal/infra/graphql/generated.go:530.4,530.89 1 0
github.com/douglasvolcato/binary-code-processor/api_gateway/internal/infra/graphql/generated.go:533.2,533.16 1 0
github.com/douglasvolcato/binary-code-processor/api_gateway/internal/infra/graphql/generated.go:536.124,542.42 1 0
github.com/douglasvolcato/binary-code-processor/api_gateway/internal/infra/graphql/generated.go:542.42,544.4 1 0
github.com/douglasvolcato/binary-code-processor/api_gateway/internal/infra/graphql/generated.go:552.137,558.97 1 0
github.com/douglasvolcato/binary-code-processor/api_gateway/internal/infra/graphql/generated.go:558.97,560.4 1 0
github.com/douglasvolcato/binary-code-processor/api_gateway/internal/infra/graphql/generated.go:562.2,562.16 1 0
github.com/douglasvolcato/binary-code-processor/api_gateway/internal/infra/graphql/generated.go:565.129,571.42 1 0
github.com/douglasvolcato/binary-code-processor/api_gateway/internal/infra/graphql/generated.go:571.42,573.4 1 0
github.com/douglasvolcato/binary-code-processor/api_gateway/internal/infra/graphql/generated.go:581.142,587.97 1 0
github.com/douglasvolcato/binary-code-processor/api_gateway/internal/infra/graphql/generated.go:587.97,589.4 1 0
github.com/douglasvolcato/binary-code-processor/api_gateway/internal/infra/graphql/generated.go:591.2,591.16 1 0
github.com/douglasvolcato/binary-code-processor/api_gateway/internal/infra/graphql/generated.go:594.132,600.42 1 0
github.com/douglasvolcato/binary-code-processor/api_gateway/internal/infra/graphql/generated.go:600.42,602.4 1 0
github.com/douglasvolcato/binary-code-processor/api_gateway/internal/infra/graphql/generated.go:610.145,616.97 1 0
github.com/douglasvolcato/binary-code-processor/api_gateway/internal/infra/graphql/generated.go:616.97,618.4 1 0
github.com/douglasvolcato/binary-code-processor/api_gateway/internal/infra/graphql/generated.go:620.2,620.16 1 0
github.com/douglasvolcato/binary-code-processor/api_gateway/internal/infra/graphql/generated.go:623.131,629.42 1 0
github.com/douglasvolcato/binary-code-processor/api_gateway/internal/infra/graphql/generated.go:629.42,631.4 1 0
github.com/douglasvolcato/binary-code-processor/api_gateway/internal/infra/graphql/generated.go:639.144,645.97 1 0
github.com/douglasvolcato/binary-code-processor/api_gateway/internal/infra/graphql/generated.go:645.97,647.4 1 0
github.com/douglasvolcato/binary-code-processor/api_gateway/internal/infra/graphql/generated.go:649.2,649.16 1 0
github.com/douglasvolcato/binary-code-processor/api_gateway/internal/infra/graphql/generated.go:652.131,658.42 1 0
github.com/douglasvolcato/binary-code-processor/api_gateway/internal/infra/graphql/generated.go:658.42,660.4 1 0
github.com/douglasvolcato/binary-code-processor/api_gateway/internal/infra/graphql/generated.go:668.144,674.97 1 0
github.com/douglasvolcato/binary-code-processor/api_gateway/internal/infra/graphql/generated.go:674.97,676.4 1 0
github.com/douglasvolcato/binary-code-processor/api_gateway/internal/infra/graphql/generated.go:678.2,678.16 1 0
github.com/douglasvolcato/binary-code-processor/api_gateway/internal/infra/graphql/generated.go:681.152,687.42 1 0
github.com/douglasvolcato/binary-code-processor/api_gateway/internal/infra/graphql/generated.go:687.42,689.4 1 0
github.com/douglasvolcato/binary-code-processor/api_gateway/internal/infra/graphql/generated.go:697.146,703.97 1 0
github.com/douglasvolcato/binary-code-processor/api_gateway/internal/infra/graphql/generated.go:703.97,705.4 1 0
github.com/douglasvolcato/binary-code-processor/api_gateway/internal/infra/graphql/generated.go:707.2,707.16 1 0
github.com/douglasvolcato/binary-code-processor/api_gateway/internal/infra/graphql/generated.go:710.159,716.42 1 0
github.com/douglasvolcato/binary-code-processor/api_gateway/internal/infra/graphql/generated.go:716.42,718.4 1 0
github.com/douglasvolcato/binary-code-processor/api_gateway/internal/infra/graphql/generated.go:726.153,732.97 1 0
github.com/douglasvolcato/binary-code-processor/api_gateway/internal/infra/graphql/generated.go:732.97,734.4 1 0
github.com/douglasvolcato/binary-code-processor/api_gateway/internal/infra/graphql/generated.go:736.2,736.16 1 0
github.com/douglasvolcato/binary-code-processor/api_gateway/internal/infra/graphql/generated.go:739.160,745.42 1 0
github.com/douglasvolcato/binary-code-processor/api_gateway/internal/infra/graphql/generated.go:745.42,747.4 1 0
github.com/douglasvolcato/binary-code-processor/api_gateway/internal/infra/graphql/generated.go:755.154,761.97 1 0
github.com/douglasvolcato/binary-code-processor/api_gateway/internal/infra/graphql/generated.go:761.97,763.4 1 0
github.com/douglasvolcato/binary-code-processor/api_gateway/internal/infra/graphql/generated.go:765.2,765.16 1 0
github.com/douglasvolcato/binary-code-processor/api_gateway/internal/infra/graphql/generated.go:768.157,774.42 1 0
github.com/douglasvolcato/binary-code-processor/api_gateway/internal/infra/graphql/generated.go:774.42,776.4 1 0
github.com/douglasvolcato/binary-code-processor/api_gateway/internal/infra/graphql/generated.go:784.151,790.97 1 0
github.com/douglasvolcato/binary-code-processor/api_gateway/internal/infra/graphql/generated.go:790.97,792.4 1 0
github.com/douglasvolcato/binary-code-processor/api_gateway/internal/infra/graphql/generated.go:794.2,794.16 1 0
github.com/douglasvolcato/binary-code-processor/api_gateway/internal/infra/graphql/generated.go:797.152,803.42 1 0
github.com/douglasvolcato/binary-code-processor/api_gateway/internal/infra/graphql/generated.go:803.42,805.4 1 0
github.com/douglasvolcato/binary-code-processor/api_gateway/internal/infra/graphql/generated.go:813.148,819.97 1 0
github.com/douglasvolcato/binary-code-processor/api_gateway/internal/infra/graphql/generated.go:819.97,820.22 1 0
github.com/douglasvolcato/binary-code-processor/api_gateway/internal/infra/graphql/generated.go:821.16,822.57 1 0
github.com/douglasvolcato/binary-code-processor/api_gateway/internal/infra/graphql/generated.go:823.23,824.64 1 0
github.com/douglasvolcato/binary-code-processor/api_gateway/internal/infra/graphql/generated.go:825.16,826.57 1 0
github.com/douglasvolcato/binary-code-processor/api_gateway/internal/infra/graphql/generated.go:827.24,828.65 1 0
github.com/douglasvolcato/binary-code-processor/api_gateway/internal/infra/graphql/generated.go:829.24,830.65 1 0
github.com/douglasvolcato/binary-code-processor/api_gateway/internal/infra/graphql/generated.go:831.29,832.70 1 0
github.com/douglasvolcato/binary-code-processor/api_gateway/internal/infra/graphql/generated.go:834.4,834.93 1 0
github.com/douglasvolcato/binary-code-processor/api_gateway/internal/infra/graphql/generated.go:837.2,837.15 1 0
github.com/douglasvolcato/binary-code-processor/api_gateway/internal/infra/graphql/generated.go:837.15,838.31 1 0
github.com/douglasvolcato/binary-code-processor/api_gateway/internal/infra/graphql/generated.go:838.31,841.4 2 0
github.com/douglasvolcato/binary-code-processor/api_gateway/internal/infra/graphql/generated.go:843.2,844.101 2 0
github.com/douglasvolcato/binary-code-processor/api_gateway/internal/infra/graphql/generated.go:844.101,847.3 2 0
github.com/douglasvolcato/binary-code-processor/api_gateway/internal/infra/graphql/generated.go:848.2,848.16 1 0
github.com/douglasvolcato/binary-code-processor/api_gateway/internal/infra/graphql/generated.go:851.152,857.42 1 0
github.com/douglasvolcato/binary-code-processor/api_gateway/internal/infra/graphql/generated.go:857.42,859.4 1 0
github.com/douglasvolcato/binary-code-processor/api_gateway/internal/infra/graphql/generated.go:867.146,873.97 1 0
github.com/douglasvolcato/binary-code-processor/api_gateway/internal/infra/graphql/generated.go:873.97,875.4 1 0
github.com/douglasvolcato/binary-code-processor/api_gateway/internal/infra/graphql/generated.go:877.2,877.16 1 0
github.com/douglasvolcato/binary-code-processor/api_gateway/internal/infra/graphql/generated.go:880.159,886.42 1 0
github.com/douglasvolcato/binary-code-processor/api_gateway/internal/infra/graphql/generated.go:886.42,888.4 1 0
github.com/douglasvolcato/binary-code-processor/api_gateway/internal/infra/graphql/generated.go:896.153,902.97 1 0
github.com/douglasvolcato/binary-code-processor/api_gateway/internal/infra/graphql/generated.go:902.97,904.4 1 0
github.com/douglasvolcato/binary-code-processor/api_gateway/internal/infra/graphql/generated.go:906.2,906.16 1 0
github.com/douglasvolcato/binary-code-processor/api_gateway/internal/infra/graphql/generated.go:909.160,915.42 1 0
github.com/douglasvolcato/binary-code-processor/api_gateway/internal/infra/graphql/generated.go:915.42,917.4 1 0
github.com/douglasvolcato/binary-code-processor/api_gateway/internal/infra/graphql/generated.go:925.154,931.97 1 0
github.com/douglasvolcato/binary-code-processor/api_gateway/internal/infra/graphql/generated.go:931.97,933.4 1 0
github.com/douglasvolcato/binary-code-processor/api_gateway/internal/infra/graphql/generated.go:935.2,935.16 1 0
github.com/douglasvolcato/binary-code-processor/api_gateway/internal/infra/graphql/generated.go:938.165,944.42 1 0
github.com/douglasvolcato/binary-code-processor/api_gateway/internal/infra/graphql/generated.go:944.42,946.4 1 0
github.com/douglasvolcato/binary-code-processor/api_gateway/internal/infra/graphql/generated.go:954.159,960.97 1 0
github.com/douglasvolcato/binary-code-processor/api_gateway/internal/infra/graphql/generated.go:960.97,962.4 1 0
github.com/douglasvolcato/binary-code-processor/api_gateway/internal/infra/graphql/generated.go:964.2,964.16 1 0
github.com/douglasvolcato/binary-code-processor/api_gateway/internal/infra/graphql/generated.go:967.144,973.42 1 0
github.com/douglasvolcato/binary-code-processor/api_gateway/internal/infra/graphql/generated.go:973.42,975.4 1 0
github.com/douglasvolcato/binary-code-processor/api_gateway/internal/infra/graphql/generated.go:983.142,989.97 1 0
github.com/douglasvolcato/binary-code-processor/api_gateway/internal/infra/graphql/generated.go:989.97,991.4 1 0
github.com/douglasvolcato/binary-code-processor/api_gateway/internal/infra/graphql/generated.go:993.2,993.16 1 0
github.com/douglasvolcato/binary-code-processor/api_gateway/internal/infra/graphql/generated.go:996.151,1002.42 1 0
github.com/douglasvolcato/binary-code-processor/api_gateway/internal/infra/graphql/generated.go:1002.42,1004.4 1 0
github.com/douglasvolcato/binary-code-processor/api_gateway/internal/infra/graphql/generated.go:1012.149,1018.97 1 0
github.com/douglasvolcato/binary-code-processor/api_gateway/internal/infra/graphql/generated.go:1018.97,1020.4 1 0
github.com/douglasvolcato/binary-code-processor/api_gateway/internal/infra/graphql/generated.go:1022.2,1022.16 1 0
github.com/douglasvolcato/binary-code-processor/api_gateway/internal/infra/graphql/generated.go:1025.144,1031.42 1 0
github.com/douglasvolcato/binary-code-processor/api_gateway/internal/infra/graphql/generated.go:1031.42,1033.4 1 0
github.com/douglasvolcato/binary-code-processor/api_gateway/internal/infra/graphql/generated.go:1041.144,1047.97 1 0
github.com/douglasvolcato/binary-code-processor/api_gateway/internal/infra/graphql/generated.go:1047.97,1048.22 1 0
github.com/douglasvolcato/binary-code-processor/api_gateway/internal/infra/graphql/generated.go:1049.16,1050.57 1 0
github.com/douglasvolcato/binary-code-processor/api_gateway/internal/infra/graphql/generated.go:1051.23,1052.64 1 0
github.com/douglasvolcato/binary-code-processor/api_gateway/internal/infra/graphql/generated.go:1053.16,1054.57 1 0
github.com/douglasvolcato/binary-code-processor/api_gateway/internal/infra/graphql/generated.go:1055.24,1056.65 1 0
github.com/douglasvolcato/binary-code-processor/api_gateway/internal/infra/graphql/generated.go:1057.24,1058.65 1 0
github.com/douglasvolcato/binary-code-processor/api_gateway/internal/infra/graphql/generated.go:1059.29,1060.70 1 0
github.com/douglasvolcato/binary-code-processor/api_gateway/internal/infra/graphql/generated.go:1062.4,1062.93 1 0
github.com/douglasvolcato/binary-code-processor/api_gateway/internal/infra/graphql/generated.go:1065.2,1065.15 1 0
github.com/douglasvolcato/binary-code-processor/api_gateway/internal/infra/graphql/generated.go:1065.15,1066.31 1 0
github.com/douglasvolcato/binary-code-processor/api_gateway/internal/infra/graphql/generated.go:1066.31,1069.4 2 0
github.com/douglasvolcato/binary-code-processor/api_gateway/internal/infra/graphql/generated.go:1071.2,1072.97 2 0
github.com/douglasvolcato/binary-code-processor/api_gateway/internal/infra/graphql/generated.go:1072.97,1075.3 2 0
github.com/douglasvolcato/binary-code-processor/api_gateway/internal/infra/graphql/generated.go:1076.2,1076.16 1 0
github.com/douglasvolcato/binary-code-processor/api_gateway/internal/infra/graphql/generated.go:1079.144,1085.42 1 0
github.com/douglasvolcato/binary-code-processor/api_gateway/internal/infra/graphql/generated.go:1085.42,1087.4 1 0
github.com/douglasvolcato/binary-code-processor/api_gateway/internal/infra/graphql/generated.go:1095.142,1101.97 1 0
github.com/douglasvolcato/binary-code-processor/api_gateway/internal/infra/graphql/generated.go:1101.97,1102.22 1 0
github.com/douglasvolcato/binary-code-processor/api_gateway/internal/infra/graphql/generated.go:1103.16,1104.51 1 0
github.com/douglasvolcato/binary-code-processor/api_gateway/internal/infra/graphql/generated.go:1105.16,1106.51 1 0
github.com/douglasvolcato/binary-code-processor/api_gateway/internal/infra/graphql/generated.go:1107.23,1108.58 1 0
github.com/douglasvolcato/binary-code-processor/api_gateway/internal/infra/graphql/generated.go:1109.26,1110.61 1 0
github.com/douglasvolcato/binary-code-processor/api_gateway/internal/infra/graphql/generated.go:1111.18,1112.53 1 0
github.com/douglasvolcato/binary-code-processor/api_gateway/internal/infra/graphql/generated.go:1113.22,1114.57 1 0
github.com/douglasvolcato/binary-code-processor/api_gateway/internal/infra/graphql/generated.go:1115.25,1116.60 1 0
github.com/douglasvolcato/binary-code-processor/api_gateway/internal/infra/graphql/generated.go:1117.22,1118.57 1 0
github.com/douglasvolcato/binary-code-processor/api_gateway/internal/infra/graphql/generated.go:1119.23,1120.58 1 0
github.com/douglasvolcato/binary-code-processor/api_gateway/internal/infra/graphql/generated.go:1121.18,1122.53 1 0
github.com/douglasvolcato/binary-code-processor/api_gateway/internal/infra/graphql/generated.go:1123.19,1124.54 1 0
github.com/douglasvolcato/binary-code-processor/api_gateway/internal/infra/graphql/generated.go:1126.4,1126.87 1 0
github.com/douglasvolcato/binary-code-processor/api_gateway/internal/infra/graphql/generated.go:1129.2,1129.16 1 0
github.com/douglasvolcato/binary-code-processor/api_gateway/internal/infra/graphql/generated.go:1132.152,1138.42 1 0
github.com/douglasvolcato/binary-code-processor/api_gateway/internal/infra/graphql/generated.go:1138.42,1140.4 1 0
github.com/douglasvolcato/binary-code-processor/api_gateway/internal/infra/graphql/generated.go:1148.150,1154.97 1 0
github.com/douglasvolcato/binary-code-processor/api_gateway/internal/infra/graphql/generated.go:1154.97,1156.4 1 0
github.com/douglasvolcato/binary-code-processor/api_gateway/internal/infra/graphql/generated.go:1158.2,1158.16 1 0
github.com/douglasvolcato/binary-code-processor/api_gateway/internal/infra/graphql/generated.go:1161.157,1167.42 1 0
github.com/douglasvolcato/binary-code-processor/api_gateway/internal/infra/graphql/generated.go:1167.42,1169.4 1 0
github.com/douglasvolcato/binary-code-processor/api_gateway/internal/infra/graphql/generated.go:1177.155,1183.97 1 0
github.com/douglasvolcato/binary-code-processor/api_gateway/internal/infra/graphql/generated.go:1183.97,1185.4 1 0
github.com/douglasvolcato/binary-code-processor/api_gateway/internal/infra/graphql/generated.go:1187.2,1187.16 1 0
github.com/douglasvolcato/binary-code-processor/api_gateway/internal/infra/graphql/generated.go:1190.154,1196.42 1 0
github.com/douglasvolcato/binary-code-processor/api_gateway/internal/infra/graphql/generated.go:1196.42,1198.4 1 0
github.com/douglasvolcato/binary-code-processor/api_gateway/internal/infra/graphql/generated.go:1206.147,1212.97 1 0
github.com/douglasvolcato/binary-code-processor/api_gateway/internal/infra/graphql/generated.go:1212.97,1214.4 1 0
github.com/douglasvolcato/binary-code-processor/api_gateway/internal/infra/graphql/generated.go:1216.2,1216.16 1 0
github.com/douglasvolcato/binary-code-processor/api_gateway/internal/infra/graphql/generated.go:1219.161,1225.42 1 0
github.com/douglasvolcato/binary-code-processor/api_gateway/internal/infra/graphql/generated.go:1225.42,1227.4 1 0
github.com/douglasvolcato/binary-code-processor/api_gateway/internal/infra/graphql/generated.go:1235.154,1241.97 1 0
github.com/douglasvolcato/binary-code-processor/api_gateway/internal/infra/graphql/generated.go:1241.97,1243.4 1 0
github.com/douglasvolcato/binary-code-processor/api_gateway/internal/infra/graphql/generated.go:1245.2,1245.16 1 0
github.com/douglasvolcato/binary-code-processor/api_gateway/internal/infra/graphql/generated.go:1248.154,1254.42 1 0
github.com/douglasvolcato/binary-code-processor/api_gateway/internal/infra/graphql/generated.go:1254.42,1256.4 1 0
github.com/douglasvolcato/binary-code-processor/api_gateway/internal/infra/graphql/generated.go:1264.147,1270.97 1 0
github.com/douglasvolcato/binary-code-processor/api_gateway/internal/infra/graphql/generated.go:1270.97,1271.22 1 0
github.com/douglasvolcato/binary-code-processor/api_gateway/internal/infra/graphql/generated.go:1272.16,1273.51 1 0
github.com/douglasvolcato/binary-code-processor/api_gateway/internal/infra/graphql/generated.go:1274.16,1275.51 1 0
github.com/douglasvolcato/binary-code-processor/api_gateway/internal/infra/graphql/generated.go:1276.23,1277.58 1 0
github.com/douglasvolcato/binary-code-processor/api_gateway/internal/infra/graphql/generated.go:1278.26,1279.61 1 0
github.com/douglasvolcato/binary-code-processor/api_gateway/internal/infra/graphql/generated.go:1280.18,1281.53 1 0
github.com/douglasvolcato/binary-code-processor/api_gateway/internal/infra/graphql/generated.go:1282.22,1283.57 1 0
github.com/douglasvolcato/binary-code-processor/api_gateway/internal/infra/graphql/generated.go:1284.25,1285.60 1 0
github.com/douglasvolcato/binary-code-processor/api_gateway/internal/infra/graphql/generated.go:1286.22,1287.57 1 0
github.com/douglasvolcato/binary-code-processor/api_gateway/internal/infra/graphql/generated.go:1288.23,1289.58 1 0
github.com/douglasvolcato/binary-code-processor/api_gateway/internal/infra/graphql/generated.go:1290.18,1291.53 1 0
github.com/douglasvolcato/binary-code-processor/api_gateway/internal/infra/graphql/generated.go:1292.19,1293.54 1 0
github.com/douglasvolcato/binary-code-processor/api_gateway/internal/infra/graphql/generated.go:1295.4,1295.87 1 0
github.com/douglasvolcato/binary-code-processor/api_gateway/internal/infra/graphql/generated.go:1298.2,1298.16 1 0
github.com/douglasvolcato/binary-code-processor/api_gateway/internal/infra/graphql/generated.go:1301.162,1307.42 1 0
github.com/douglasvolcato/binary-code-processor/api_gateway/internal/infra/graphql/generated.go:1307.42,1309.4 1 0
github.com/douglasvolcato/binary-code-processor/api_gateway/internal/infra/graphql/generated.go:1317.155,1323.97 1 0
github.com/douglasvolcato/binary-code-processor/api_gateway/internal/infra/graphql/generated.go:1323.97,1325.4 1 0
github.com/douglasvolcato/binary-code-processor/api_gateway/internal/infra/graphql/generated.go:1327.2,1327.16 1 0
github.com/douglasvolcato/binary-code-processor/api_gateway/internal/infra/graphql/generated.go:1330.162,1336.42 1 0
github.com/douglasvolcato/binary-code-processor/api_gateway/internal/infra/graphql/generated.go:1336.42,1338.4 1 0
github.com/douglasvolcato/binary-code-processor/api_gateway/internal/infra/graphql/generated.go:1346.155,1352.97 1 0
github.com/douglasvolcato/binary-code-processor/api_gateway/internal/infra/graphql/generated.go:1352.97,1354.4 1 0
github.com/douglasvolcato/binary-code-processor/api_gateway/internal/infra/graphql/generated.go:1356.2,1356.16 1 0
github.com/douglasvolcato/binary-code-processor/api_gateway/internal/infra/graphql/generated.go:1359.167,1365.42 1 0
github.com/douglasvolcato/binary-code-processor/api_gateway/internal/infra/graphql/generated.go:1365.42,1367.4 1 0
github.com/douglasvolcato/binary-code-processor/api_gateway/internal/infra/graphql/generated.go:1375.160,1381.97 1 0
github.com/douglasvolcato/binary-code-processor/api_gateway/internal/infra/graphql/generated.go:1381.97,1383.4 1 0
github.com/douglasvolcato/binary-code-processor/api_gateway/internal/infra/graphql/generated.go:1385.2,1385.16 1 0
github.com/douglasvolcato/binary-code-processor/api_gateway/internal/infra/graphql/generated.go:1388.153,1394.42 1 0
github.com/douglasvolcato/binary-code-processor/api_gateway/internal/infra/graphql/generated.go:1394.42,1396.4 1 0
github.com/douglasvolcato/binary-code-processor/api_gateway/internal/infra/graphql/generated.go:1404.150,1410.97 1 0
github.com/douglasvolcato/binary-code-processor/api_gateway/internal/infra/graphql/generated.go:1410.97,1412.4 1 0
github.com/douglasvolcato/binary-code-processor/api_gateway/internal/infra/graphql/generated.go:1414.2,1414.16 1 0
github.com/douglasvolcato/binary-code-processor/api_gateway/internal/infra/graphql/generated.go:1417.147,1423.42 1 0
github.com/douglasvolcato/binary-code-processor/api_gateway/internal/infra/graphql/generated.go:1423.42,1425.4 1 0
github.com/douglasvolcato/binary-code-processor/api_gateway/internal/infra/graphql/generated.go:1433.144,1439.97 1 0
github.com/douglasvolcato/binary-code-processor/api_gateway/internal/infra/graphql/generated.go:1439.97,1440.22 1 0
github.com/douglasvolcato/binary-code-processor/api_gateway/internal/infra/graphql/generated.go:1441.16,1442.51 1 0
github.com/douglasvolcato/binary-code-processor/api_gateway/internal/infra/graphql/generated.go:1443.16,1444.51 1 0
github.com/douglasvolcato/binary-code-processor/api_gateway/internal/infra/graphql/generated.go:1445.23,1446.58 1 0
github.com/douglasvolcato/binary-code-processor/api_gateway/internal/infra/graphql/generated.go:1447.26,1448.61 1 0
github.com/douglasvolcato/binary-code-processor/api_gateway/internal/infra/graphql/generated.go:1449.18,1450.53 1 0
github.com/douglasvolcato/binary-code-processor/api_gateway/internal/infra/graphql/generated.go:1451.22,1452.57 1 0
github.com/douglasvolcato/binary-code-processor/api_gateway/internal/infra/graphql/generated.go:1453.25,1454.60 1 0
github.com/douglasvolcato/binary-code-processor/api_gateway/internal/infra/graphql/generated.go:1455.22,1456.57 1 0
github.com/douglasvolcato/binary-code-processor/api_gateway/internal/infra/graphql/generated.go:1457.23,1458.58 1 0
github.com/douglasvolcato/binary-code-processor/api_gateway/internal/infra/graphql/generated.go:1459.18,1460.53 1 0
github.com/douglasvolcato/binary-code-processor/api_gateway/internal/infra/graphql/generated.go:1461.19,1462.54 1 0
github.com/douglasvolcato/binary-code-processor/api_gateway/internal/infra/graphql/generated.go:1464.4,1464.87 1 0
github.com/douglasvolcato/binary-code-processor/api_gateway/internal/infra/graphql/generated.go:1467.2,1467.16 1 0
github.com/douglasvolcato/binary-code-processor/api_gateway/internal/infra/graphql/generated.go:1470.151,1476.42 1 0
github.com/douglasvolcato/binary-code-processor/api_gateway/internal/infra/graphql/generated.go:1476.42,1478.4 1 0
github.com/douglasvolcato/binary-code-processor/api_gateway/internal/infra/graphql/generated.go:1486.148,1492.97 1 0
github.com/douglasvolcato/binary-code-processor/api_gateway/internal/infra/graphql/generated.go:1492.97,1493.22 1 0
github.com/douglasvolcato/binary-code-processor/api_gateway/internal/infra/graphql/generated.go:1494.16,1495.51 1 0
github.com/douglasvolcato/binary-code-processor/api_gateway/internal/infra/graphql/generated.go:1496.16,1497.51 1 0
github.com/douglasvolcato/binary-code-processor/api_gateway/internal/infra/graphql/generated.go:1498.23,1499.58 1 0
github.com/douglasvolcato/binary-code-processor/api_gateway/internal/infra/graphql/generated.go:1500.26,1501.61 1 0
github.com/douglasvolcato/binary-code-processor/api_gateway/internal/infra/graphql/generated.go:1502.18,1503.53 1 0
github.com/douglasvolcato/binary-code-processor/api_gateway/internal/infra/graphql/generated.go:1504.22,1505.57 1 0
github.com/douglasvolcato/binary-code-processor/api_gateway/internal/infra/graphql/generated.go:1506.25,1507.60 1 0
github.com/douglasvolcato/binary-code-processor/api_gateway/internal/infra/graphql/generated.go:1508.22,1509.57 1 0
github.com/douglasvolcato/binary-code-processor/api_gateway/internal/infra/graphql/generated.go:1510.23,1511.58 1 0
github.com/douglasvolcato/binary-code-processor/api_gateway/internal/infra/graphql/generated.go:1512.18,1513.53 1 0
github.com/douglasvolcato/binary-code-processor/api_gateway/internal/infra/graphql/generated.go:1514.19,1515.54 1 0
github.com/douglasvolcato/binary-code-processor/api_gateway/internal/infra/graphql/generated.go:1517.4,1517.87 1 0
github.com/douglasvolcato/binary-code-processor/api_gateway/internal/infra/graphql/generated.go:1520.2,1520.16 1 0
github.com/douglasvolcato/binary-code-processor/api_gateway/internal/infra/graphql/generated.go:1523.154,1529.42 1 0
github.com/douglasvolcato/binary-code-processor/api_gateway/internal/infra/graphql/generated.go:1529.42,1531.4 1 0
github.com/douglasvolcato/binary-code-processor/api_gateway/internal/infra/graphql/generated.go:1539.151,1545.97 1 0
github.com/douglasvolcato/binary-code-processor/api_gateway/internal/infra/graphql/generated.go:1545.97,1546.22 1 0
github.com/douglasvolcato/binary-code-processor/api_gateway/internal/infra/graphql/generated.go:1547.16,1548.51 1 0
github.com/douglasvolcato/binary-code-processor/api_gateway/internal/infra/graphql/generated.go:1549.16,1550.51 1 0
github.com/douglasvolcato/binary-code-processor/api_gateway/internal/infra/graphql/generated.go:1551.23,1552.58 1 0
github.com/douglasvolcato/binary-code-processor/api_gateway/internal/infra/graphql/generated.go:1553.26,1554.61 1 0
github.com/douglasvolcato/binary-code-processor/api_gateway/internal/infra/graphql/generated.go:1555.18,1556.53 1 0
github.com/douglasvolcato/binary-code-processor/api_gateway/internal/infra/graphql/generated.go:1557.22,1558.57 1 0
github.com/douglasvolcato/binary-code-processor/api_gateway/internal/infra/graphql/generated.go:1559.25,1560.60 1 0
github.com/douglasvolcato/binary-code-processor/api_gateway/internal/infra/graphql/generated.go:1561.22,1562.57 1 0
github.com/douglasvolcato/binary-code-processor/api_gateway/internal/infra/graphql/generated.go:1563.23,1564.58 1 0
github.com/douglasvolcato/binary-code-processor/api_gateway/internal/infra/graphql/generated.go:1565.18,1566.53 1 0
github.com/douglasvolcato/binary-code-processor/api_gateway/internal/infra/graphql/generated.go:1567.19,1568.54 1 0
github.com/douglasvolcato/binary-code-processor/api_gateway/internal/infra/graphql/generated.go:1570.4,1570.87 1 0
github.com/douglasvolcato/binary-code-processor/api_gateway/internal/infra/graphql/generated.go:1573.2,1573.16 1 0
github.com/douglasvolcato/binary-code-processor/api_gateway/internal/infra/graphql/generated.go:1576.158,1582.42 1 0
github.com/douglasvolcato/binary-code-processor/api_gateway/internal/infra/graphql/generated.go:1582.42,1584.4 1 0
github.com/douglasvolcato/binary-code-processor/api_gateway/internal/infra/graphql/generated.go:1592.155,1598.97 1 0
github.com/douglasvolcato/binary-code-processor/api_gateway/internal/infra/graphql/generated.go:1598.97,1599.22 1 0
github.com/douglasvolcato/binary-code-processor/api_gateway/internal/infra/graphql/generated.go:1600.16,1601.51 1 0
github.com/douglasvolcato/binary-code-processor/api_gateway/internal/infra/graphql/generated.go:1602.16,1603.51 1 0
github.com/douglasvolcato/binary-code-processor/api_gateway/internal/infra/graphql/generated.go:1604.23,1605.58 1 0
github.com/douglasvolcato/binary-code-processor/api_gateway/internal/infra/graphql/generated.go:1606.26,1607.61 1 0
github.com/douglasvolcato/binary-code-processor/api_gateway/internal/infra/graphql/generated.go:1608.18,1609.53 1 0
github.com/douglasvolcato/binary-code-processor/api_gateway/internal/infra/graphql/generated.go:1610.22,1611.57 1 0
github.com/douglasvolcato/binary-code-processor/api_gateway/internal/infra/graphql/generated.go:1612.25,1613.60 1 0
github.com/douglasvolcato/binary-code-processor/api_gateway/internal/infra/graphql/generated.go:1614.22,1615.57 1 0
github.com/douglasvolcato/binary-code-processor/api_gateway/internal/infra/graphql/generated.go:1616.23,1617.58 1 0
github.com/douglasvolcato/binary-code-processor/api_gateway/internal/infra/graphql/generated.go:1618.18,1619.53 1 0
github.com/douglasvolcato/binary-code-processor/api_gateway/internal/infra/graphql/generated.go:1620.19,1621.54 1 0
github.com/douglasvolcato/binary-code-processor/api_gateway/internal/infra/graphql/generated.go:1623.4,1623.87 1 0
github.com/douglasvolcato/binary-code-processor/api_gateway/internal/infra/graphql/generated.go:1626.2,1626.16 1 0
github.com/douglasvolcato/binary-code-processor/api_gateway/internal/infra/graphql/generated.go:1629.152,1635.42 1 0
github.com/douglasvolcato/binary-code-processor/api_gateway/internal/infra/graphql/generated.go:1635.42,1637.4 1 0
github.com/douglasvolcato/binary-code-processor/api_gateway/internal/infra/graphql/generated.go:1645.149,1651.97 1 0
github.com/douglasvolcato/binary-code-processor/api_gateway/internal/infra/graphql/generated.go:1651.97,1652.22 1 0
github.com/douglasvolcato/binary-code-processor/api_gateway/internal/infra/graphql/generated.go:1653.16,1654.56 1 0
github.com/douglasvolcato/binary-code-processor/api_gateway/internal/infra/graphql/generated.go:1655.23,1656.63 1 0
github.com/douglasvolcato/binary-code-processor/api_gateway/internal/infra/graphql/generated.go:1657.24,1658.64 1 0
github.com/douglasvolcato/binary-code-processor/api_gateway/internal/infra/graphql/generated.go:1659.21,1660.61 1 0
github.com/douglasvolcato/binary-code-processor/api_gateway/internal/infra/graphql/generated.go:1661.16,1662.56 1 0
github.com/douglasvolcato/binary-code-processor/api_gateway/internal/infra/graphql/generated.go:1664.4,1664.92 1 0
github.com/douglasvolcato/binary-code-processor/api_gateway/internal/infra/graphql/generated.go:1667.2,1667.16 1 0
github.com/douglasvolcato/binary-code-processor/api_gateway/internal/infra/graphql/generated.go:1670.142,1676.42 1 0
github.com/douglasvolcato/binary-code-processor/api_gateway/internal/infra/graphql/generated.go:1676.42,1678.4 1 0
github.com/douglasvolcato/binary-code-processor/api_gateway/internal/infra/graphql/generated.go:1686.141,1692.97 1 0
github.com/douglasvolcato/binary-code-processor/api_gateway/internal/infra/graphql/generated.go:1692.97,1694.4 1 0
github.com/douglasvolcato/binary-code-processor/api_gateway/internal/infra/graphql/generated.go:1696.2,1696.16 1 0
github.com/douglasvolcato/binary-code-processor/api_gateway/internal/infra/graphql/generated.go:1699.142,1705.42 1 0
github.com/douglasvolcato/binary-code-processor/api_gateway/internal/infra/graphql/generated.go:1705.42,1707.4 1 0
github.com/douglasvolcato/binary-code-processor/api_gateway/internal/infra/graphql/generated.go:1715.141,1721.97 1 0
github.com/douglasvolcato/binary-code-processor/api_gateway/internal/infra/graphql/generated.go:1721.97,1723.4 1 0
github.com/douglasvolcato/binary-code-processor/api_gateway/internal/infra/graphql/generated.go:1725.2,1725.16 1 0
github.com/douglasvolcato/binary-code-processor/api_gateway/internal/infra/graphql/generated.go:1728.149,1734.42 1 0
github.com/douglasvolcato/binary-code-processor/api_gateway/internal/infra/graphql/generated.go:1734.42,1736.4 1 0
github.com/douglasvolcato/binary-code-processor/api_gateway/internal/infra/graphql/generated.go:1744.148,1750.97 1 0
github.com/douglasvolcato/binary-code-processor/api_gateway/internal/infra/graphql/generated.go:1750.97,1752.4 1 0
github.com/douglasvolcato/binary-code-processor/api_gateway/internal/infra/graphql/generated.go:1754.2,1754.16 1 0
github.com/douglasvolcato/binary-code-processor/api_gateway/internal/infra/graphql/generated.go:1757.152,1763.42 1 0
github.com/douglasvolcato/binary-code-processor/api_gateway/internal/infra/graphql/generated.go:1763.42,1765.4 1 0
github.com/douglasvolcato/binary-code-processor/api_gateway/internal/infra/graphql/generated.go:1773.151,1779.97 1 0
github.com/douglasvolcato/binary-code-processor/api_gateway/internal/infra/graphql/generated.go:1779.97,1781.4 1 0
github.com/douglasvolcato/binary-code-processor/api_gateway/internal/infra/graphql/generated.go:1783.2,1783.16 1 0
github.com/douglasvolcato/binary-code-processor/api_gateway/internal/infra/graphql/generated.go:1786.144,1792.42 1 0
github.com/douglasvolcato/binary-code-processor/api_gateway/internal/infra/graphql/generated.go:1792.42,1795.4 2 0
github.com/douglasvolcato/binary-code-processor/api_gateway/internal/infra/graphql/generated.go:1803.145,1809.97 1 0
github.com/douglasvolcato/binary-code-processor/api_gateway/internal/infra/graphql/generated.go:1809.97,1810.22 1 0
github.com/douglasvolcato/binary-code-processor/api_gateway/internal/infra/graphql/generated.go:1811.16,1812.52 1 0
github.com/douglasvolcato/binary-code-processor/api_gateway/internal/infra/graphql/generated.go:1813.23,1814.59 1 0
github.com/douglasvolcato/binary-code-processor/api_gateway/internal/infra/graphql/generated.go:1815.16,1816.52 1 0
github.com/douglasvolcato/binary-code-processor/api_gateway/internal/infra/graphql/generated.go:1817.16,1818.52 1 0
github.com/douglasvolcato/binary-code-processor/api_gateway/internal/infra/graphql/generated.go:1819.24,1820.60 1 0
github.com/douglasvolcato/binary-code-processor/api_gateway/internal/infra/graphql/generated.go:1821.29,1822.65 1 0
github.com/douglasvolcato/binary-code-processor/api_gateway/internal/infra/graphql/generated.go:1824.4,1824.88 1 0
github.com/douglasvolcato/binary-code-processor/api_gateway/internal/infra/graphql/generated.go:1827.2,1827.15 1 0
github.com/douglasvolcato/binary-code-processor/api_gateway/internal/infra/graphql/generated.go:1827.15,1828.31 1 0
github.com/douglasvolcato/binary-code-processor/api_gateway/internal/infra/graphql/generated.go:1828.31,1831.4 2 0
github.com/douglasvolcato/binary-code-processor/api_gateway/internal/infra/graphql/generated.go:1833.2,1834.98 2 0
github.com/douglasvolcato/binary-code-processor/api_gateway/internal/infra/graphql/generated.go:1834.98,1837.3 2 0
github.com/douglasvolcato/binary-code-processor/api_gateway/internal/infra/graphql/generated.go:1838.2,1838.16 1 0
github.com/douglasvolcato/binary-code-processor/api_gateway/internal/infra/graphql/generated.go:1841.148,1847.42 1 0
github.com/douglasvolcato/binary-code-processor/api_gateway/internal/infra/graphql/generated.go:1847.42,1849.4 1 0
github.com/douglasvolcato/binary-code-processor/api_gateway/internal/infra/graphql/generated.go:1857.147,1863.97 1 0
github.com/douglasvolcato/binary-code-processor/api_gateway/internal/infra/graphql/generated.go:1863.97,1864.22 1 0
github.com/douglasvolcato/binary-code-processor/api_gateway/internal/infra/graphql/generated.go:1865.16,1866.51 1 0
github.com/douglasvolcato/binary-code-processor/api_gateway/internal/infra/graphql/generated.go:1867.16,1868.51 1 0
github.com/douglasvolcato/binary-code-processor/api_gateway/internal/infra/graphql/generated.go:1869.23,1870.58 1 0
github.com/douglasvolcato/binary-code-processor/api_gateway/internal/infra/graphql/generated.go:1871.26,1872.61 1 0
github.com/douglasvolcato/binary-code-processor/api_gateway/internal/infra/graphql/generated.go:1873.18,1874.53 1 0
github.com/douglasvolcato/binary-code-processor/api_gateway/internal/infra/graphql/generated.go:1875.22,1876.57 1 0
github.com/douglasvolcato/binary-code-processor/api_gateway/internal/infra/graphql/generated.go:1877.25,1878.60 1 0
github.com/douglasvolcato/binary-code-processor/api_gateway/internal/infra/graphql/generated.go:1879.22,1880.57 1 0
github.com/douglasvolcato/binary-code-processor/api_gateway/internal/infra/graphql/generated.go:1881.23,1882.58 1 0
github.com/douglasvolcato/binary-code-processor/api_gateway/internal/infra/graphql/generated.go:1883.18,1884.53 1 0
github.com/douglasvolcato/binary-code-processor/api_gateway/internal/infra/graphql/generated.go:1885.19,1886.54 1 0
github.com/douglasvolcato/binary-code-processor/api_gateway/internal/infra/graphql/generated.go:1888.4,1888.87 1 0
github.com/douglasvolcato/binary-code-processor/api_gateway/internal/infra/graphql/generated.go:1891.2,1891.16 1 0
github.com/douglasvolcato/binary-code-processor/api_gateway/internal/infra/graphql/generated.go:1894.151,1900.42 1 0
github.com/douglasvolcato/binary-code-processor/api_gateway/internal/infra/graphql/generated.go:1900.42,1902.4 1 0
github.com/douglasvolcato/binary-code-processor/api_gateway/internal/infra/graphql/generated.go:1910.150,1916.97 1 0
github.com/douglasvolcato/binary-code-processor/api_gateway/internal/infra/graphql/generated.go:1916.97,1917.22 1 0
github.com/douglasvolcato/binary-code-processor/api_gateway/internal/infra/graphql/generated.go:1918.16,1919.51 1 0
github.com/douglasvolcato/binary-code-processor/api_gateway/internal/infra/graphql/generated.go:1920.16,1921.51 1 0
github.com/douglasvolcato/binary-code-processor/api_gateway/internal/infra/graphql/generated.go:1922.23,1923.58 1 0
github.com/douglasvolcato/binary-code-processor/api_gateway/internal/infra/graphql/generated.go:1924.26,1925.61 1 0
github.com/douglasvolcato/binary-code-processor/api_gateway/internal/infra/graphql/generated.go:1926.18,1927.53 1 0
github.com/douglasvolcato/binary-code-processor/api_gateway/internal/infra/graphql/generated.go:1928.22,1929.57 1 0
github.com/douglasvolcato/binary-code-processor/api_gateway/internal/infra/graphql/generated.go:1930.25,1931.60 1 0
github.com/douglasvolcato/binary-code-processor/api_gateway/internal/infra/graphql/generated.go:1932.22,1933.57 1 0
github.com/douglasvolcato/binary-code-processor/api_gateway/internal/infra/graphql/generated.go:1934.23,1935.58 1 0
github.com/douglasvolcato/binary-code-processor/api_gateway/internal/infra/graphql/generated.go:1936.18,1937.53 1 0
github.com/douglasvolcato/binary-code-processor/api_gateway/internal/infra/graphql/generated.go:1938.19,1939.54 1 0
github.com/douglasvolcato/binary-code-processor/api_gateway/internal/infra/graphql/generated.go:1941.4,1941.87 1 0
github.com/douglasvolcato/binary-code-processor/api_gateway/internal/infra/graphql/generated.go:1944.2,1944.16 1 0
github.com/douglasvolcato/binary-code-processor/api_gateway/internal/infra/graphql/generated.go:1947.148,1953.42 1 0
github.com/douglasvolcato/binary-code-processor/api_gateway/internal/infra/graphql/generated.go:1953.42,1956.4 2 0
github.com/douglasvolcato/binary-code-processor/api_gateway/internal/infra/graphql/generated.go:1964.149,1970.97 1 0
github.com/douglasvolcato/binary-code-processor/api_gateway/internal/infra/graphql/generated.go:1970.97,1971.22 1 0
github.com/douglasvolcato/binary-code-processor/api_gateway/internal/infra/graphql/generated.go:1972.16,1973.56 1 0
github.com/douglasvolcato/binary-code-processor/api_gateway/internal/infra/graphql/generated.go:1974.23,1975.63 1 0
github.com/douglasvolcato/binary-code-processor/api_gateway/internal/infra/graphql/generated.go:1976.24,1977.64 1 0
github.com/douglasvolcato/binary-code-processor/api_gateway/internal/infra/graphql/generated.go:1978.29,1979.69 1 0
github.com/douglasvolcato/binary-code-processor/api_gateway/internal/infra/graphql/generated.go:1981.4,1981.92 1 0
github.com/douglasvolcato/binary-code-processor/api_gateway/internal/infra/graphql/generated.go:1984.2,1984.15 1 0
github.com/douglasvolcato/binary-code-processor/api_gateway/internal/infra/graphql/generated.go:1984.15,1985.31 1 0
github.com/douglasvolcato/binary-code-processor/api_gateway/internal/infra/graphql/generated.go:1985.31,1988.4 2 0
github.com/douglasvolcato/binary-code-processor/api_gateway/internal/infra/graphql/generated.go:1990.2,1991.102 2 0
github.com/douglasvolcato/binary-code-processor/api_gateway/internal/infra/graphql/generated.go:1991.102,1994.3 2 0
github.com/douglasvolcato/binary-code-processor/api_gateway/internal/infra/graphql/generated.go:1995.2,1995.16 1 0
github.com/douglasvolcato/binary-code-processor/api_gateway/internal/infra/graphql/generated.go:1998.149,2004.42 1 0
github.com/douglasvolcato/binary-code-processor/api_gateway/internal/infra/graphql/generated.go:2004.42,2006.4 1 0
github.com/douglasvolcato/binary-code-processor/api_gateway/internal/infra/graphql/generated.go:2014.148,2020.97 1 0
github.com/douglasvolcato/binary-code-processor/api_gateway/internal/infra/graphql/generated.go:2020.97,2021.22 1 0
github.com/douglasvolcato/binary-code-processor/api_gateway/internal/infra/graphql/generated.go:2022.16,2023.57 1 0
github.com/douglasvolcato/binary-code-processor/api_gateway/internal/infra/graphql/generated.go:2024.23,2025.64 1 0
github.com/douglasvolcato/binary-code-processor/api_gateway/internal/infra/graphql/generated.go:2026.16,2027.57 1 0
github.com/douglasvolcato/binary-code-processor/api_gateway/internal/infra/graphql/generated.go:2028.24,2029.65 1 0
github.com/douglasvolcato/binary-code-processor/api_gateway/internal/infra/graphql/generated.go:2030.24,2031.65 1 0
github.com/douglasvolcato/binary-code-processor/api_gateway/internal/infra/graphql/generated.go:2032.29,2033.70 1 0
github.com/douglasvolcato/binary-code-processor/api_gateway/internal/infra/graphql/generated.go:2035.4,2035.93 1 0
github.com/douglasvolcato/binary-code-processor/api_gateway/internal/infra/graphql/generated.go:2038.2,2038.16 1 0
github.com/douglasvolcato/binary-code-processor/api_gateway/internal/infra/graphql/generated.go:2041.144,2047.42 1 0
github.com/douglasvolcato/binary-code-processor/api_gateway/internal/infra/graphql/generated.go:2047.42,2049.4 1 0
github.com/douglasvolcato/binary-code-processor/api_gateway/internal/infra/graphql/generated.go:2057.143,2063.97 1 0
github.com/douglasvolcato/binary-code-processor/api_gateway/internal/infra/graphql/generated.go:2063.97,2064.22 1 0
github.com/douglasvolcato/binary-code-processor/api_gateway/internal/infra/graphql/generated.go:2065.16,2066.51 1 0
github.com/douglasvolcato/binary-code-processor/api_gateway/internal/infra/graphql/generated.go:2067.16,2068.51 1 0
github.com/douglasvolcato/binary-code-processor/api_gateway/internal/infra/graphql/generated.go:2069.23,2070.58 1 0
github.com/douglasvolcato/binary-code-processor/api_gateway/internal/infra/graphql/generated.go:2071.26,2072.61 1 0
github.com/douglasvolcato/binary-code-processor/api_gateway/internal/infra/graphql/generated.go:2073.18,2074.53 1 0
github.com/douglasvolcato/binary-code-processor/api_gateway/internal/infra/graphql/generated.go:2075.22,2076.57 1 0
github.com/douglasvolcato/binary-code-processor/api_gateway/internal/infra/graphql/generated.go:2077.25,2078.60 1 0
github.com/douglasvolcato/binary-code-processor/api_gateway/internal/infra/graphql/generated.go:2079.22,2080.57 1 0
github.com/douglasvolcato/binary-code-processor/api_gateway/internal/infra/graphql/generated.go:2081.23,2082.58 1 0
github.com/douglasvolcato/binary-code-processor/api_gateway/internal/infra/graphql/generated.go:2083.18,2084.53 1 0
github.com/douglasvolcato/binary-code-processor/api_gateway/internal/infra/graphql/generated.go:2085.19,2086.54 1 0
github.com/douglasvolcato/binary-code-processor/api_gateway/internal/infra/graphql/generated.go:2088.4,2088.87 1 0
github.com/douglasvolcato/binary-code-processor/api_gateway/internal/infra/graphql/generated.go:2091.2,2091.16 1 0
github.com/douglasvolcato/binary-code-processor/api_gateway/internal/infra/graphql/generated.go:2094.145,2100.42 1 0
github.com/douglasvolcato/binary-code-processor/api_gateway/internal/infra/graphql/generated.go:2100.42,2102.4 1 0
github.com/douglasvolcato/binary-code-processor/api_gateway/internal/infra/graphql/generated.go:2110.144,2116.97 1 0
github.com/douglasvolcato/binary-code-processor/api_gateway/internal/infra/graphql/generated.go:2116.97,2118.4 1 0
github.com/douglasvolcato/binary-code-processor/api_gateway/internal/infra/graphql/generated.go:2120.2,2120.16 1 0
github.com/douglasvolcato/binary-code-processor/api_gateway/internal/infra/graphql/generated.go:2137.100,2145.31 5 0
github.com/douglasvolcato/binary-code-processor/api_gateway/internal/infra/graphql/generated.go:2145.31,2151.21 2 0
github.com/douglasvolcato/binary-code-processor/api_gateway/internal/infra/graphql/generated.go:2152.21,2153.53 1 0
github.com/douglasvolcato/binary-code-processor/api_gateway/internal/infra/graphql/generated.go:2154.19,2155.123 1 0
github.com/douglasvolcato/binary-code-processor/api_gateway/internal/infra/graphql/generated.go:2155.123,2157.5 1 0
github.com/douglasvolcato/binary-code-processor/api_gateway/internal/infra/graphql/generated.go:2158.4,2158.37 1 0
github.com/douglasvolcato/binary-code-processor/api_gateway/internal/infra/graphql/generated.go:2158.37,2160.5 1 0
github.com/douglasvolcato/binary-code-processor/api_gateway/internal/infra/graphql/generated.go:2161.11,2162.55 1 0
github.com/douglasvolcato/binary-code-processor/api_gateway/internal/infra/graphql/generated.go:2165.2,2166.22 2 0
github.com/douglasvolcato/binary-code-processor/api_gateway/internal/infra/graphql/generated.go:2166.22,2168.3 1 0
github.com/douglasvolcato/binary-code-processor/api_gateway/internal/infra/graphql/generated.go:2170.2,2172.35 2 0
github.com/douglasvolcato/binary-code-processor/api_gateway/internal/infra/graphql/generated.go:2172.35,2179.3 1 0
github.com/douglasvolcato/binary-code-processor/api_gateway/internal/infra/graphql/generated.go:2181.2,2181.12 1 0
github.com/douglasvolcato/binary-code-processor/api_gateway/internal/infra/graphql/generated.go:2186.97,2194.31 5 0
github.com/douglasvolcato/binary-code-processor/api_gateway/internal/infra/graphql/generated.go:2194.31,2200.21 2 0
github.com/douglasvolcato/binary-code-processor/api_gateway/internal/infra/graphql/generated.go:2201.21,2202.50 1 0
github.com/douglasvolcato/binary-code-processor/api_gateway/internal/infra/graphql/generated.go:2203.16,2206.89 2 0
github.com/douglasvolcato/binary-code-processor/api_gateway/internal/infra/graphql/generated.go:2206.89,2207.18 1 0
github.com/douglasvolcato/binary-code-processor/api_gateway/internal/infra/graphql/generated.go:2207.18,2208.34 1 0
github.com/douglasvolcato/binary-code-processor/api_gateway/internal/infra/graphql/generated.go:2208.34,2210.7 1 0
github.com/douglasvolcato/binary-code-processor/api_gateway/internal/infra/graphql/generated.go:2212.5,2213.28 2 0
github.com/douglasvolcato/binary-code-processor/api_gateway/internal/infra/graphql/generated.go:2213.28,2215.6 1 0
github.com/douglasvolcato/binary-code-processor/api_gateway/internal/infra/graphql/generated.go:2216.5,2216.15 1 0
github.com/douglasvolcato/binary-code-processor/api_gateway/internal/infra/graphql/generated.go:2219.4,2219.55 1 0
github.com/douglasvolcato/binary-code-processor/api_gateway/internal/infra/graphql/generated.go:2219.55,2221.50 1 0
github.com/douglasvolcato/binary-code-processor/api_gateway/internal/infra/graphql/generated.go:2221.50,2221.80 1 0
github.com/douglasvolcato/binary-code-processor/api_gateway/internal/infra/graphql/generated.go:2224.4,2224.68 1 0
github.com/douglasvolcato/binary-code-processor/api_gateway/internal/infra/graphql/generated.go:2224.68,2224.92 1 0
github.com/douglasvolcato/binary-code-processor/api_gateway/internal/infra/graphql/generated.go:2225.17,2226.123 1 0
github.com/douglasvolcato/binary-code-processor/api_gateway/internal/infra/graphql/generated.go:2226.123,2228.5 1 0
[...]
github.com/douglasvolcato/binary-code-processor/api_gateway/internal/infra/graphql/generated.go:2617.22,2618.59 1 0
github.com/douglasvolcato/binary-code-processor/api_gateway/internal/infra/graphql/generated.go:2619.17,2620.54 1 0
github.com/douglasvolcato/binary-code-processor/api_gateway/internal/infra/graphql/generated.go:2621.18,2622.55 1 0
github.com/douglasvolcato/binary-code-processor/api_gateway/internal/infra/graphql/generated.go:2623.11,2624.55 1 0
github.com/douglasvolcato/binary-code-processor/api_gateway/internal/infra/graphql/generated.go:2627.2,2628.22 2 0
github.com/douglasvolcato/binary-code-processor/api_gateway/internal/infra/graphql/generated.go:2628.22,2630.3 1 0
github.com/douglasvolcato/binary-code-processor/api_gateway/internal/infra/graphql/generated.go:2632.2,2634.35 2 0
github.com/douglasvolcato/binary-code-processor/api_gateway/internal/infra/graphql/generated.go:2634.35,2641.3 1 0
github.com/douglasvolcato/binary-code-processor/api_gateway/internal/infra/graphql/generated.go:2643.2,2643.12 1 0
github.com/douglasvolcato/binary-code-processor/api_gateway/internal/infra/graphql/generated.go:2650.94,2653.2 2 0
github.com/douglasvolcato/binary-code-processor/api_gateway/internal/infra/graphql/generated.go:2655.119,2658.25 3 0
github.com/douglasvolcato/binary-code-processor/api_gateway/internal/infra/graphql/generated.go:2658.25,2659.64 1 0
github.com/douglasvolcato/binary-code-processor/api_gateway/internal/infra/graphql/generated.go:2659.64,2661.4 1 0
github.com/douglasvolcato/binary-code-processor/api_gateway/internal/infra/graphql/generated.go:2663.2,2663.12 1 0
github.com/douglasvolcato/binary-code-processor/api_gateway/internal/infra/graphql/generated.go:2666.97,2669.2 2 0
github.com/douglasvolcato/binary-code-processor/api_gateway/internal/infra/graphql/generated.go:2671.122,2674.25 3 0
github.com/douglasvolcato/binary-code-processor/api_gateway/internal/infra/graphql/generated.go:2674.25,2675.64 1 0
github.com/douglasvolcato/binary-code-processor/api_gateway/internal/infra/graphql/generated.go:2675.64,2677.4 1 0
github.com/douglasvolcato/binary-code-processor/api_gateway/internal/infra/graphql/generated.go:2679.2,2679.12 1 0
github.com/douglasvolcato/binary-code-processor/api_gateway/internal/infra/graphql/generated.go:2682.105,2687.24 5 0
github.com/douglasvolcato/binary-code-processor/api_gateway/internal/infra/graphql/generated.go:2687.24,2690.17 3 0
github.com/douglasvolcato/binary-code-processor/api_gateway/internal/infra/graphql/generated.go:2690.17,2692.4 1 0
github.com/douglasvolcato/binary-code-processor/api_gateway/internal/infra/graphql/generated.go:2694.2,2694.17 1 0
github.com/douglasvolcato/binary-code-processor/api_gateway/internal/infra/graphql/generated.go:2697.130,2699.19 2 0
github.com/douglasvolcato/binary-code-processor/api_gateway/internal/infra/graphql/generated.go:2699.19,2701.3 1 0
github.com/douglasvolcato/binary-code-processor/api_gateway/internal/infra/graphql/generated.go:2703.2,2703.24 1 0
github.com/douglasvolcato/binary-code-processor/api_gateway/internal/infra/graphql/generated.go:2703.24,2704.24 1 0
github.com/douglasvolcato/binary-code-processor/api_gateway/internal/infra/graphql/generated.go:2704.24,2706.4 1 0
github.com/douglasvolcato/binary-code-processor/api_gateway/internal/infra/graphql/generated.go:2709.2,2709.12 1 0
github.com/douglasvolcato/binary-code-processor/api_gateway/internal/infra/graphql/generated.go:2712.231,2713.116 1 0
github.com/douglasvolcato/binary-code-processor/api_gateway/internal/infra/graphql/generated.go:2713.116,2717.3 3 0
github.com/douglasvolcato/binary-code-processor/api_gateway/internal/infra/graphql/generated.go:2719.2,2719.24 1 0
github.com/douglasvolcato/binary-code-processor/api_gateway/internal/infra/graphql/generated.go:2719.24,2720.24 1 0
github.com/douglasvolcato/binary-code-processor/api_gateway/internal/infra/graphql/generated.go:2720.24,2722.4 1 0
github.com/douglasvolcato/binary-code-processor/api_gateway/internal/infra/graphql/generated.go:2725.2,2725.12 1 0
github.com/douglasvolcato/binary-code-processor/api_gateway/internal/infra/graphql/generated.go:2728.223,2729.14 1 0
github.com/douglasvolcato/binary-code-processor/api_gateway/internal/infra/graphql/generated.go:2729.14,2730.64 1 0
github.com/douglasvolcato/binary-code-processor/api_gateway/internal/infra/graphql/generated.go:2730.64,2732.4 1 0
github.com/douglasvolcato/binary-code-processor/api_gateway/internal/infra/graphql/generated.go:2733.3,2733.22 1 0
github.com/douglasvolcato/binary-code-processor/api_gateway/internal/infra/graphql/generated.go:2735.2,2735.30 1 0
github.com/douglasvolcato/binary-code-processor/api_gateway/internal/infra/graphql/generated.go:2738.209,2740.2 1 0
github.com/douglasvolcato/binary-code-processor/api_gateway/internal/infra/graphql/generated.go:2742.217,2743.116 1 0
github.com/douglasvolcato/binary-code-processor/api_gateway/internal/infra/graphql/generated.go:2743.116,2747.3 3 0
github.com/douglasvolcato/binary-code-processor/api_gateway/internal/infra/graphql/generated.go:2749.2,2749.24 1 0
github.com/douglasvolcato/binary-code-processor/api_gateway/internal/infra/graphql/generated.go:2749.24,2750.24 1 0
github.com/douglasvolcato/binary-code-processor/api_gateway/internal/infra/graphql/generated.go:2750.24,2752.4 1 0
github.com/douglasvolcato/binary-code-processor/api_gateway/internal/infra/graphql/generated.go:2755.2,2755.12 1 0
github.com/douglasvolcato/binary-code-processor/api_gateway/internal/infra/graphql/generated.go:2758.110,2761.2 2 0
github.com/douglasvolcato/binary-code-processor/api_gateway/internal/infra/graphql/generated.go:2763.135,2766.25 3 0
github.com/douglasvolcato/binary-code-processor/api_gateway/internal/infra/graphql/generated.go:2766.25,2767.64 1 0
github.com/douglasvolcato/binary-code-processor/api_gateway/internal/infra/graphql/generated.go:2767.64,2769.4 1 0
github.com/douglasvolcato/binary-code-processor/api_gateway/internal/infra/graphql/generated.go:2771.2,2771.12 1 0
github.com/douglasvolcato/binary-code-processor/api_gateway/internal/infra/graphql/generated.go:2774.118,2779.24 5 0
github.com/douglasvolcato/binary-code-processor/api_gateway/internal/infra/graphql/generated.go:2779.24,2782.17 3 0
github.com/douglasvolcato/binary-code-processor/api_gateway/internal/infra/graphql/generated.go:2782.17,2784.4 1 0
github.com/douglasvolcato/binary-code-processor/api_gateway/internal/infra/graphql/generated.go:2786.2,2786.17 1 0
github.com/douglasvolcato/binary-code-processor/api_gateway/internal/infra/graphql/generated.go:2789.143,2790.116 1 0
github.com/douglasvolcato/binary-code-processor/api_gateway/internal/infra/graphql/generated.go:2790.116,2794.3 3 0
github.com/douglasvolcato/binary-code-processor/api_gateway/internal/infra/graphql/generated.go:2796.2,2796.24 1 0
github.com/douglasvolcato/binary-code-processor/api_gateway/internal/infra/graphql/generated.go:2796.24,2797.24 1 0
github.com/douglasvolcato/binary-code-processor/api_gateway/internal/infra/graphql/generated.go:2797.24,2799.4 1 0
github.com/douglasvolcato/binary-code-processor/api_gateway/internal/infra/graphql/generated.go:2802.2,2802.12 1 0
github.com/douglasvolcato/binary-code-processor/api_gateway/internal/infra/graphql/generated.go:2805.209,2807.2 1 0
github.com/douglasvolcato/binary-code-processor/api_gateway/internal/infra/graphql/generated.go:2809.197,2811.2 1 0
github.com/douglasvolcato/binary-code-processor/api_gateway/internal/infra/graphql/generated.go:2813.212,2815.2 1 0
github.com/douglasvolcato/binary-code-processor/api_gateway/internal/infra/graphql/generated.go:2817.220,2818.116 1 0
github.com/douglasvolcato/binary-code-processor/api_gateway/internal/infra/graphql/generated.go:2818.116,2822.3 3 0
github.com/douglasvolcato/binary-code-processor/api_gateway/internal/infra/graphql/generated.go:2824.2,2824.24 1 0
github.com/douglasvolcato/binary-code-processor/api_gateway/internal/infra/graphql/generated.go:2824.24,2825.24 1 0
github.com/douglasvolcato/binary-code-processor/api_gateway/internal/infra/graphql/generated.go:2825.24,2827.4 1 0
github.com/douglasvolcato/binary-code-processor/api_gateway/internal/infra/graphql/generated.go:2830.2,2830.12 1 0
github.com/douglasvolcato/binary-code-processor/api_gateway/internal/infra/graphql/generated.go:2833.194,2835.2 1 0
github.com/douglasvolcato/binary-code-processor/api_gateway/internal/infra/graphql/generated.go:2837.202,2838.116 1 0
github.com/douglasvolcato/binary-code-processor/api_gateway/internal/infra/graphql/generated.go:2838.116,2842.3 3 0
github.com/douglasvolcato/binary-code-processor/api_gateway/internal/infra/graphql/generated.go:2844.2,2844.24 1 0
github.com/douglasvolcato/binary-code-processor/api_gateway/internal/infra/graphql/generated.go:2844.24,2845.24 1 0
github.com/douglasvolcato/binary-code-processor/api_gateway/internal/infra/graphql/generated.go:2845.24,2847.4 1 0
github.com/douglasvolcato/binary-code-processor/api_gateway/internal/infra/graphql/generated.go:2850.2,2850.12 1 0
github.com/douglasvolcato/binary-code-processor/api_gateway/internal/infra/graphql/generated.go:2853.198,2854.14 1 0
github.com/douglasvolcato/binary-code-processor/api_gateway/internal/infra/graphql/generated.go:2854.14,2855.64 1 0
github.com/douglasvolcato/binary-code-processor/api_gateway/internal/infra/graphql/generated.go:2855.64,2857.4 1 0
github.com/douglasvolcato/binary-code-processor/api_gateway/internal/infra/graphql/generated.go:2858.3,2858.22 1 0
github.com/douglasvolcato/binary-code-processor/api_gateway/internal/infra/graphql/generated.go:2860.2,2860.32 1 0
github.com/douglasvolcato/binary-code-processor/api_gateway/internal/infra/graphql/generated.go:2863.101,2866.2 2 0
github.com/douglasvolcato/binary-code-processor/api_gateway/internal/infra/graphql/generated.go:2868.126,2871.25 3 0
github.com/douglasvolcato/binary-code-processor/api_gateway/internal/infra/graphql/generated.go:2871.25,2872.64 1 0
github.com/douglasvolcato/binary-code-processor/api_gateway/internal/infra/graphql/generated.go:2872.64,2874.4 1 0
github.com/douglasvolcato/binary-code-processor/api_gateway/internal/infra/graphql/generated.go:2876.2,2876.12 1 0
github.com/douglasvolcato/binary-code-processor/api_gateway/internal/infra/graphql/generated.go:2879.94,2882.2 2 0
github.com/douglasvolcato/binary-code-processor/api_gateway/internal/infra/graphql/generated.go:2884.119,2889.2 4 0
github.com/douglasvolcato/binary-code-processor/api_gateway/internal/infra/graphql/generated.go:2891.98,2892.14 1 0
github.com/douglasvolcato/binary-code-processor/api_gateway/internal/infra/graphql/generated.go:2892.14,2894.3 1 0
github.com/douglasvolcato/binary-code-processor/api_gateway/internal/infra/graphql/generated.go:2895.2,2896.44 2 0
github.com/douglasvolcato/binary-code-processor/api_gateway/internal/infra/graphql/generated.go:2899.123,2900.14 1 0
github.com/douglasvolcato/binary-code-processor/api_gateway/internal/infra/graphql/generated.go:2900.14,2902.3 1 0
github.com/douglasvolcato/binary-code-processor/api_gateway/internal/infra/graphql/generated.go:2903.2,2906.12 4 0
github.com/douglasvolcato/binary-code-processor/api_gateway/internal/infra/graphql/generated.go:2909.92,2910.14 1 0
github.com/douglasvolcato/binary-code-processor/api_gateway/internal/infra/graphql/generated.go:2910.14,2912.3 1 0
github.com/douglasvolcato/binary-code-processor/api_gateway/internal/infra/graphql/generated.go:2913.2,2914.44 2 0
github.com/douglasvolcato/binary-code-processor/api_gateway/internal/infra/graphql/generated.go:2917.117,2918.14 1 0
github.com/douglasvolcato/binary-code-processor/api_gateway/internal/infra/graphql/generated.go:2918.14,2920.3 1 0
github.com/douglasvolcato/binary-code-processor/api_gateway/internal/infra/graphql/generated.go:2921.2,2924.12 4 0
github.com/douglasvolcato/binary-code-processor/api_gateway/internal/infra/graphql/generated.go:2927.101,2928.14 1 0
github.com/douglasvolcato/binary-code-processor/api_gateway/internal/infra/graphql/generated.go:2928.14,2930.3 1 0
github.com/douglasvolcato/binary-code-processor/api_gateway/internal/infra/graphql/generated.go:2931.2,2932.44 2 0
github.com/douglasvolcato/binary-code-processor/api_gateway/internal/infra/graphql/generated.go:2935.126,2936.14 1 0
github.com/douglasvolcato/binary-code-processor/api_gateway/internal/infra/graphql/generated.go:2936.14,2938.3 1 0
github.com/douglasvolcato/binary-code-processor/api_gateway/internal/infra/graphql/generated.go:2939.2,2942.12 4 0
github.com/douglasvolcato/binary-code-processor/api_gateway/internal/infra/graphql/generated.go:2945.217,2946.14 1 0
github.com/douglasvolcato/binary-code-processor/api_gateway/internal/infra/graphql/generated.go:2946.14,2948.3 1 0
github.com/douglasvolcato/binary-code-processor/api_gateway/internal/infra/graphql/generated.go:2949.2,2949.116 1 0
github.com/douglasvolcato/binary-code-processor/api_gateway/internal/infra/graphql/generated.go:2949.116,2953.3 3 0
github.com/douglasvolcato/binary-code-processor/api_gateway/internal/infra/graphql/generated.go:2955.2,2955.24 1 0
github.com/douglasvolcato/binary-code-processor/api_gateway/internal/infra/graphql/generated.go:2955.24,2956.24 1 0
github.com/douglasvolcato/binary-code-processor/api_gateway/internal/infra/graphql/generated.go:2956.24,2958.4 1 0
github.com/douglasvolcato/binary-code-processor/api_gateway/internal/infra/graphql/generated.go:2961.2,2961.12 1 0
github.com/douglasvolcato/binary-code-processor/api_gateway/internal/infra/graphql/generated.go:2964.205,2965.14 1 0
github.com/douglasvolcato/binary-code-processor/api_gateway/internal/infra/graphql/generated.go:2965.14,2967.3 1 0
github.com/douglasvolcato/binary-code-processor/api_gateway/internal/infra/graphql/generated.go:2968.2,2968.116 1 0
github.com/douglasvolcato/binary-code-processor/api_gateway/internal/infra/graphql/generated.go:2968.116,2972.3 3 0
github.com/douglasvolcato/binary-code-processor/api_gateway/internal/infra/graphql/generated.go:2974.2,2974.24 1 0
github.com/douglasvolcato/binary-code-processor/api_gateway/internal/infra/graphql/generated.go:2974.24,2975.24 1 0
github.com/douglasvolcato/binary-code-processor/api_gateway/internal/infra/graphql/generated.go:2975.24,2977.4 1 0
github.com/douglasvolcato/binary-code-processor/api_gateway/internal/infra/graphql/generated.go:2980.2,2980.12 1 0
github.com/douglasvolcato/binary-code-processor/api_gateway/internal/infra/graphql/generated.go:2983.220,2984.14 1 0
github.com/douglasvolcato/binary-code-processor/api_gateway/internal/infra/graphql/generated.go:2984.14,2986.3 1 0
github.com/douglasvolcato/binary-code-processor/api_gateway/internal/infra/graphql/generated.go:2987.2,2987.116 1 0
github.com/douglasvolcato/binary-code-processor/api_gateway/internal/infra/graphql/generated.go:2987.116,2991.3 3 0
github.com/douglasvolcato/binary-code-processor/api_gateway/internal/infra/graphql/generated.go:2993.2,2993.24 1 0
github.com/douglasvolcato/binary-code-processor/api_gateway/internal/infra/graphql/generated.go:2993.24,2994.24 1 0
github.com/douglasvolcato/binary-code-processor/api_gateway/internal/infra/graphql/generated.go:2994.24,2996.4 1 0
github.com/douglasvolcato/binary-code-processor/api_gateway/internal/infra/graphql/generated.go:2999.2,2999.12 1 0
github.com/douglasvolcato/binary-code-processor/api_gateway/internal/infra/graphql/generated.go:3002.204,3003.14 1 0
github.com/douglasvolcato/binary-code-processor/api_gateway/internal/infra/graphql/generated.go:3003.14,3005.3 1 0
github.com/douglasvolcato/binary-code-processor/api_gateway/internal/infra/graphql/generated.go:3006.2,3006.34 1 0
github.com/douglasvolcato/binary-code-processor/api_gateway/internal/infra/graphql/generated.go:3009.202,3010.14 1 0
github.com/douglasvolcato/binary-code-processor/api_gateway/internal/infra/graphql/generated.go:3010.14,3012.3 1 0
github.com/douglasvolcato/binary-code-processor/api_gateway/internal/infra/graphql/generated.go:3013.2,3013.116 1 0
github.com/douglasvolcato/binary-code-processor/api_gateway/internal/infra/graphql/generated.go:3013.116,3017.3 3 0
github.com/douglasvolcato/binary-code-processor/api_gateway/internal/infra/graphql/generated.go:3019.2,3019.24 1 0
github.com/douglasvolcato/binary-code-processor/api_gateway/internal/infra/graphql/generated.go:3019.24,3020.24 1 0
github.com/douglasvolcato/binary-code-processor/api_gateway/internal/infra/graphql/generated.go:3020.24,3022.4 1 0
github.com/douglasvolcato/binary-code-processor/api_gateway/internal/infra/graphql/generated.go:3025.2,3025.12 1 0
github.com/douglasvolcato/binary-code-processor/api_gateway/internal/infra/graphql/generated.go:3028.198,3029.14 1 0
github.com/douglasvolcato/binary-code-processor/api_gateway/internal/infra/graphql/generated.go:3029.14,3031.3 1 0
github.com/douglasvolcato/binary-code-processor/api_gateway/internal/infra/graphql/generated.go:3032.2,3032.32 1 0
github.com/douglasvolcato/binary-code-processor/api_gateway/internal/infra/graphql/schema.resolvers.go:18.94,21.35 3 0
github.com/douglasvolcato/binary-code-processor/api_gateway/internal/infra/graphql/schema.resolvers.go:21.35,22.39 1 0
github.com/douglasvolcato/binary-code-processor/api_gateway/internal/infra/graphql/schema.resolvers.go:22.39,24.4 1 0
github.com/douglasvolcato/binary-code-processor/api_gateway/internal/infra/graphql/schema.resolvers.go:25.3,25.72 1 0
github.com/douglasvolcato/binary-code-processor/api_gateway/internal/infra/graphql/schema.resolvers.go:27.2,27.31 1 0
github.com/douglasvolcato/binary-code-processor/api_gateway/internal/infra/graphql/schema.resolvers.go:27.31,29.3 1 0
github.com/douglasvolcato/binary-code-processor/api_gateway/internal/infra/graphql/schema.resolvers.go:31.2,35.16 2 0
github.com/douglasvolcato/binary-code-processor/api_gateway/internal/infra/graphql/schema.resolvers.go:35.16,37.3 1 0
github.com/douglasvolcato/binary-code-processor/api_gateway/internal/infra/graphql/schema.resolvers.go:39.2,39.36 1 0
github.com/douglasvolcato/binary-code-processor/api_gateway/internal/infra/graphql/schema.resolvers.go:43.94,47.18 4 0
github.com/douglasvolcato/binary-code-processor/api_gateway/internal/infra/graphql/schema.resolvers.go:47.18,49.3 1 0
github.com/douglasvolcato/binary-code-processor/api_gateway/internal/infra/graphql/schema.resolvers.go:50.2,50.19 1 0
github.com/douglasvolcato/binary-code-processor/api_gateway/internal/infra/graphql/schema.resolvers.go:50.19,52.3 1 0
github.com/douglasvolcato/binary-code-processor/api_gateway/internal/infra/graphql/schema.resolvers.go:53.2,53.21 1 0
github.com/douglasvolcato/binary-code-processor/api_gateway/internal/infra/graphql/schema.resolvers.go:53.21,55.3 1 0
github.com/douglasvolcato/binary-code-processor/api_gateway/internal/infra/graphql/schema.resolvers.go:56.2,56.21 1 0
github.com/douglasvolcato/binary-code-processor/api_gateway/internal/infra/graphql/schema.resolvers.go:56.21,58.3 1 0
github.com/douglasvolcato/binary-code-processor/api_gateway/internal/infra/graphql/schema.resolvers.go:60.2,65.16 2 0
github.com/douglasvolcato/binary-code-processor/api_gateway/internal/infra/graphql/schema.resolvers.go:65.16,67.3 1 0
github.com/douglasvolcato/binary-code-processor/api_gateway/internal/infra/graphql/schema.resolvers.go:69.2,69.36 1 0
github.com/douglasvolcato/binary-code-processor/api_gateway/internal/infra/graphql/schema.resolvers.go:73.48,73.79 1 0
github.com/douglasvolcato/binary-code-processor/api_gateway/internal/infra/graphql/schema.resolvers.go:76.42,76.70 1 0
github.com/douglasvolcato/binary-code-processor/api_gateway/internal/infra/graphql/schema.resolvers.go:81.46,83.29 2 0
github.com/douglasvolcato/binary-code-processor/api_gateway/internal/infra/graphql/schema.resolvers.go:83.29,85.3 1 0
github.com/douglasvolcato/binary-code-processor/api_gateway/internal/infra/graphql/schema.resolvers.go:86.2,86.15 1 0
github.com/douglasvolcato/binary-code-processor/api_gateway/internal/infra/graphql/schema.resolvers.go:89.40,97.2 1 0
