mode: set
github.com/douglasvolcato/binary-code-processor/api_gateway/internal/entities/task_entity.go:17.102,25.2 1 1
github.com/douglasvolcato/binary-code-processor/api_gateway/internal/entities/task_entity.go:27.33,28.35 1 1
github.com/douglasvolcato/binary-code-processor/api_gateway/internal/entities/task_entity.go:28.35,30.3 1 1
github.com/douglasvolcato/binary-code-processor/api_gateway/internal/entities/task_entity.go:31.2,31.40 1 1
github.com/douglasvolcato/binary-code-processor/api_gateway/internal/entities/task_entity.go:31.40,33.3 1 1
github.com/douglasvolcato/binary-code-processor/api_gateway/internal/entities/task_entity.go:34.2,34.51 1 1
github.com/douglasvolcato/binary-code-processor/api_gateway/internal/entities/task_entity.go:34.51,36.3 1 1
github.com/douglasvolcato/binary-code-processor/api_gateway/internal/entities/task_entity.go:37.2,37.42 1 1
github.com/douglasvolcato/binary-code-processor/api_gateway/internal/entities/task_entity.go:37.42,39.3 1 1
github.com/douglasvolcato/binary-code-processor/api_gateway/internal/entities/task_entity.go:40.2,40.42 1 1
github.com/douglasvolcato/binary-code-processor/api_gateway/internal/entities/task_entity.go:40.42,42.3 1 1
github.com/douglasvolcato/binary-code-processor/api_gateway/internal/entities/task_entity.go:43.2,43.12 1 1
github.com/douglasvolcato/binary-code-processor/api_gateway/internal/infra/grpc/task.pb.go:31.47,36.2 4 0
github.com/douglasvolcato/binary-code-processor/api_gateway/internal/infra/grpc/task.pb.go:38.55,40.2 1 0
github.com/douglasvolcato/binary-code-processor/api_gateway/internal/infra/grpc/task.pb.go:42.53,42.54 0 0
github.com/douglasvolcato/binary-code-processor/api_gateway/internal/infra/grpc/task.pb.go:44.75,46.14 2 0
github.com/douglasvolcato/binary-code-processor/api_gateway/internal/infra/grpc/task.pb.go:46.14,48.34 2 0
github.com/douglasvolcato/binary-code-processor/api_gateway/internal/infra/grpc/task.pb.go:48.34,50.4 1 0
github.com/douglasvolcato/binary-code-processor/api_gateway/internal/infra/grpc/task.pb.go:51.3,51.12 1 0
github.com/douglasvolcato/binary-code-processor/api_gateway/internal/infra/grpc/task.pb.go:53.2,53.24 1 0
github.com/douglasvolcato/binary-code-processor/api_gateway/internal/infra/grpc/task.pb.go:57.66,59.2 1 0
github.com/douglasvolcato/binary-code-processor/api_gateway/internal/infra/grpc/task.pb.go:61.61,62.14 1 0
github.com/douglasvolcato/binary-code-processor/api_gateway/internal/infra/grpc/task.pb.go:62.14,64.3 1 0
github.com/douglasvolcato/binary-code-processor/api_gateway/internal/infra/grpc/task.pb.go:65.2,65.12 1 0
github.com/douglasvolcato/binary-code-processor/api_gateway/internal/infra/grpc/task.pb.go:75.48,80.2 4 0
github.com/douglasvolcato/binary-code-processor/api_gateway/internal/infra/grpc/task.pb.go:82.56,84.2 1 0
github.com/douglasvolcato/binary-code-processor/api_gateway/internal/infra/grpc/task.pb.go:86.54,86.55 0 0
github.com/douglasvolcato/binary-code-processor/api_gateway/internal/infra/grpc/task.pb.go:88.76,90.14 2 0
github.com/douglasvolcato/binary-code-processor/api_gateway/internal/infra/grpc/task.pb.go:90.14,92.34 2 0
github.com/douglasvolcato/binary-code-processor/api_gateway/internal/infra/grpc/task.pb.go:92.34,94.4 1 0
github.com/douglasvolcato/binary-code-processor/api_gateway/internal/infra/grpc/task.pb.go:95.3,95.12 1 0
github.com/douglasvolcato/binary-code-processor/api_gateway/internal/infra/grpc/task.pb.go:97.2,97.24 1 0
github.com/douglasvolcato/binary-code-processor/api_gateway/internal/infra/grpc/task.pb.go:101.67,103.2 1 0
github.com/douglasvolcato/binary-code-processor/api_gateway/internal/infra/grpc/task.pb.go:105.60,106.14 1 0
github.com/douglasvolcato/binary-code-processor/api_gateway/internal/infra/grpc/task.pb.go:106.14,108.3 1 0
github.com/douglasvolcato/binary-code-processor/api_gateway/internal/infra/grpc/task.pb.go:109.2,109.11 1 0
github.com/douglasvolcato/binary-code-processor/api_gateway/internal/infra/grpc/task.pb.go:120.35,125.2 4 0
github.com/douglasvolcato/binary-code-processor/api_gateway/internal/infra/grpc/task.pb.go:127.43,129.2 1 0
github.com/douglasvolcato/binary-code-processor/api_gateway/internal/infra/grpc/task.pb.go:131.41,131.42 0 0
github.com/douglasvolcato/binary-code-processor/api_gateway/internal/infra/grpc/task.pb.go:133.63,135.14 2 0
github.com/douglasvolcato/binary-code-processor/api_gateway/internal/infra/grpc/task.pb.go:135.14,137.34 2 0
github.com/douglasvolcato/binary-code-processor/api_gateway/internal/infra/grpc/task.pb.go:137.34,139.4 1 0
github.com/douglasvolcato/binary-code-processor/api_gateway/internal/infra/grpc/task.pb.go:140.3,140.12 1 0
github.com/douglasvolcato/binary-code-processor/api_gateway/internal/infra/grpc/task.pb.go:142.2,142.24 1 0
github.com/douglasvolcato/binary-code-processor/api_gateway/internal/infra/grpc/task.pb.go:146.54,148.2 1 0
github.com/douglasvolcato/binary-code-processor/api_gateway/internal/infra/grpc/task.pb.go:150.45,151.14 1 0
github.com/douglasvolcato/binary-code-processor/api_gateway/internal/infra/grpc/task.pb.go:151.14,153.3 1 0
github.com/douglasvolcato/binary-code-processor/api_gateway/internal/infra/grpc/task.pb.go:154.2,154.11 1 0
github.com/douglasvolcato/binary-code-processor/api_gateway/internal/infra/grpc/task.pb.go:157.46,158.14 1 0
github.com/douglasvolcato/binary-code-processor/api_gateway/internal/infra/grpc/task.pb.go:158.14,160.3 1 0
github.com/douglasvolcato/binary-code-processor/api_gateway/internal/infra/grpc/task.pb.go:161.2,161.11 1 0
github.com/douglasvolcato/binary-code-processor/api_gateway/internal/infra/grpc/task.pb.go:171.36,176.2 4 0
github.com/douglasvolcato/binary-code-processor/api_gateway/internal/infra/grpc/task.pb.go:178.44,180.2 1 0
github.com/douglasvolcato/binary-code-processor/api_gateway/internal/infra/grpc/task.pb.go:182.42,182.43 0 0
github.com/douglasvolcato/binary-code-processor/api_gateway/internal/infra/grpc/task.pb.go:184.64,186.14 2 0
github.com/douglasvolcato/binary-code-processor/api_gateway/internal/infra/grpc/task.pb.go:186.14,188.34 2 0
github.com/douglasvolcato/binary-code-processor/api_gateway/internal/infra/grpc/task.pb.go:188.34,190.4 1 0
github.com/douglasvolcato/binary-code-processor/api_gateway/internal/infra/grpc/task.pb.go:191.3,191.12 1 0
github.com/douglasvolcato/binary-code-processor/api_gateway/internal/infra/grpc/task.pb.go:193.2,193.24 1 0
github.com/douglasvolcato/binary-code-processor/api_gateway/internal/infra/grpc/task.pb.go:197.55,199.2 1 0
github.com/douglasvolcato/binary-code-processor/api_gateway/internal/infra/grpc/task.pb.go:201.48,202.14 1 0
github.com/douglasvolcato/binary-code-processor/api_gateway/internal/infra/grpc/task.pb.go:202.14,204.3 1 0
github.com/douglasvolcato/binary-code-processor/api_gateway/internal/infra/grpc/task.pb.go:205.2,205.12 1 0
github.com/douglasvolcato/binary-code-processor/api_gateway/internal/infra/grpc/task.pb.go:232.43,233.40 1 0
github.com/douglasvolcato/binary-code-processor/api_gateway/internal/infra/grpc/task.pb.go:233.40,235.3 1 0
github.com/douglasvolcato/binary-code-processor/api_gateway/internal/infra/grpc/task.pb.go:236.2,236.36 1 0
github.com/douglasvolcato/binary-code-processor/api_gateway/internal/infra/grpc/task.pb.go:258.13,258.39 1 0
github.com/douglasvolcato/binary-code-processor/api_gateway/internal/infra/grpc/task.pb.go:259.29,260.28 1 0
github.com/douglasvolcato/binary-code-processor/api_gateway/internal/infra/grpc/task.pb.go:260.28,262.3 1 0
github.com/douglasvolcato/binary-code-processor/api_gateway/internal/infra/grpc/task.pb.go:263.2,279.31 5 0
github.com/douglasvolcato/binary-code-processor/api_gateway/internal/infra/grpc/task_grpc.pb.go:38.74,40.2 1 0
github.com/douglasvolcato/binary-code-processor/api_gateway/internal/infra/grpc/task_grpc.pb.go:42.191,45.16 3 0
github.com/douglasvolcato/binary-code-processor/api_gateway/internal/infra/grpc/task_grpc.pb.go:45.16,47.3 1 0
github.com/douglasvolcato/binary-code-processor/api_gateway/internal/infra/grpc/task_grpc.pb.go:48.2,49.15 2 0
github.com/douglasvolcato/binary-code-processor/api_gateway/internal/infra/grpc/task_grpc.pb.go:55.132,59.16 4 0
github.com/douglasvolcato/binary-code-processor/api_gateway/internal/infra/grpc/task_grpc.pb.go:59.16,61.3 1 0
github.com/douglasvolcato/binary-code-processor/api_gateway/internal/infra/grpc/task_grpc.pb.go:62.2,62.17 1 0
github.com/douglasvolcato/binary-code-processor/api_gateway/internal/infra/grpc/task_grpc.pb.go:81.153,83.2 1 0
github.com/douglasvolcato/binary-code-processor/api_gateway/internal/infra/grpc/task_grpc.pb.go:84.110,86.2 1 0
github.com/douglasvolcato/binary-code-processor/api_gateway/internal/infra/grpc/task_grpc.pb.go:87.82,87.83 0 0
github.com/douglasvolcato/binary-code-processor/api_gateway/internal/infra/grpc/task_grpc.pb.go:88.82,88.83 0 0
github.com/douglasvolcato/binary-code-processor/api_gateway/internal/infra/grpc/task_grpc.pb.go:97.80,102.59 1 0
github.com/douglasvolcato/binary-code-processor/api_gateway/internal/infra/grpc/task_grpc.pb.go:102.59,104.3 1 0
github.com/douglasvolcato/binary-code-processor/api_gateway/internal/infra/grpc/task_grpc.pb.go:105.2,105.50 1 0
github.com/douglasvolcato/binary-code-processor/api_gateway/internal/infra/grpc/task_grpc.pb.go:108.97,110.2 1 0
github.com/douglasvolcato/binary-code-processor/api_gateway/internal/infra/grpc/task_grpc.pb.go:115.165,117.32 2 0
github.com/douglasvolcato/binary-code-processor/api_gateway/internal/infra/grpc/task_grpc.pb.go:117.32,119.3 1 0
github.com/douglasvolcato/binary-code-processor/api_gateway/internal/infra/grpc/task_grpc.pb.go:120.2,120.24 1 0
github.com/douglasvolcato/binary-code-processor/api_gateway/internal/infra/grpc/task_grpc.pb.go:120.24,122.3 1 0
github.com/douglasvolcato/binary-code-processor/api_gateway/internal/infra/grpc/task_grpc.pb.go:123.2,127.77 2 0
github.com/douglasvolcato/binary-code-processor/api_gateway/internal/infra/grpc/task_grpc.pb.go:127.77,129.3 1 0
github.com/douglasvolcato/binary-code-processor/api_gateway/internal/infra/grpc/task_grpc.pb.go:130.2,130.44 1 0
github.com/douglasvolcato/binary-code-processor/api_gateway/test/faker.go:9.32,11.2 1 0
github.com/douglasvolcato/binary-code-processor/api_gateway/test/faker.go:13.34,15.2 1 0
github.com/douglasvolcato/binary-code-processor/api_gateway/test/faker.go:17.36,19.2 1 0
github.com/douglasvolcato/binary-code-processor/api_gateway/test/faker.go:21.36,23.2 1 0
github.com/douglasvolcato/binary-code-processor/api_gateway/test/faker.go:25.34,27.2 1 0
