mode: set
github.com/douglasvolcato/binary-code-processor/processing_service/internal/entities/task_entity.go:16.102,24.2 1 1
github.com/douglasvolcato/binary-code-processor/processing_service/internal/entities/task_entity.go:26.33,27.35 1 1
github.com/douglasvolcato/binary-code-processor/processing_service/internal/entities/task_entity.go:27.35,29.3 1 1
github.com/douglasvolcato/binary-code-processor/processing_service/internal/entities/task_entity.go:30.2,30.40 1 1
github.com/douglasvolcato/binary-code-processor/processing_service/internal/entities/task_entity.go:30.40,32.3 1 1
github.com/douglasvolcato/binary-code-processor/processing_service/internal/entities/task_entity.go:33.2,33.51 1 1
github.com/douglasvolcato/binary-code-processor/processing_service/internal/entities/task_entity.go:33.51,35.3 1 1
github.com/douglasvolcato/binary-code-processor/processing_service/internal/entities/task_entity.go:36.2,36.42 1 1
github.com/douglasvolcato/binary-code-processor/processing_service/internal/entities/task_entity.go:36.42,38.3 1 1
github.com/douglasvolcato/binary-code-processor/processing_service/internal/entities/task_entity.go:39.2,39.42 1 1
github.com/douglasvolcato/binary-code-processor/processing_service/internal/entities/task_entity.go:39.42,41.3 1 1
github.com/douglasvolcato/binary-code-processor/processing_service/internal/entities/task_entity.go:42.2,42.12 1 1
github.com/douglasvolcato/binary-code-processor/processing_service/internal/usecases/process_task_usecase.go:15.112,20.2 1 1
github.com/douglasvolcato/binary-code-processor/processing_service/internal/usecases/process_task_usecase.go:32.91,34.16 2 1
github.com/douglasvolcato/binary-code-processor/processing_service/internal/usecases/process_task_usecase.go:34.16,36.3 1 0
github.com/douglasvolcato/binary-code-processor/processing_service/internal/usecases/process_task_usecase.go:38.2,39.16 2 1
github.com/douglasvolcato/binary-code-processor/processing_service/internal/usecases/process_task_usecase.go:39.16,41.3 1 1
github.com/douglasvolcato/binary-code-processor/processing_service/internal/usecases/process_task_usecase.go:42.2,43.16 2 1
github.com/douglasvolcato/binary-code-processor/processing_service/internal/usecases/process_task_usecase.go:43.16,45.3 1 1
github.com/douglasvolcato/binary-code-processor/processing_service/internal/usecases/process_task_usecase.go:46.2,50.16 2 1
github.com/douglasvolcato/binary-code-processor/processing_service/internal/usecases/process_task_usecase.go:50.16,52.3 1 1
github.com/douglasvolcato/binary-code-processor/processing_service/internal/usecases/process_task_usecase.go:53.2,56.8 1 1
github.com/douglasvolcato/binary-code-processor/processing_service/internal/usecases/process_task_usecase.go:59.89,60.38 1 1
github.com/douglasvolcato/binary-code-processor/processing_service/internal/usecases/process_task_usecase.go:60.38,62.3 1 1
github.com/douglasvolcato/binary-code-processor/processing_service/internal/usecases/process_task_usecase.go:63.2,65.31 2 1
github.com/douglasvolcato/binary-code-processor/processing_service/internal/usecases/process_task_usecase.go:65.31,67.3 1 1
github.com/douglasvolcato/binary-code-processor/processing_service/internal/usecases/process_task_usecase.go:68.2,68.38 1 1
github.com/douglasvolcato/binary-code-processor/processing_service/cmd/main.go:30.13,42.16 9 0
github.com/douglasvolcato/binary-code-processor/processing_service/cmd/main.go:42.16,44.3 1 0
github.com/douglasvolcato/binary-code-processor/processing_service/cmd/main.go:45.2,53.16 6 0
github.com/douglasvolcato/binary-code-processor/processing_service/cmd/main.go:53.16,55.3 1 0
github.com/douglasvolcato/binary-code-processor/processing_service/cmd/main.go:56.2,58.57 2 0
github.com/douglasvolcato/binary-code-processor/processing_service/cmd/main.go:58.57,60.3 1 0
github.com/douglasvolcato/binary-code-processor/processing_service/cmd/main.go:62.2,62.67 1 0
github.com/douglasvolcato/binary-code-processor/processing_service/cmd/main.go:62.67,64.55 2 0
github.com/douglasvolcato/binary-code-processor/processing_service/cmd/main.go:64.55,66.4 1 0
github.com/douglasvolcato/binary-code-processor/processing_service/cmd/main.go:68.3,75.13 4 0
github.com/douglasvolcato/binary-code-processor/processing_service/cmd/main.go:76.17,78.3 1 0
github.com/douglasvolcato/binary-code-processor/processing_service/cmd/main.go:80.2,80.9 1 0
github.com/douglasvolcato/binary-code-processor/processing_service/cmd/main.go:83.36,96.79 7 0
github.com/douglasvolcato/binary-code-processor/processing_service/cmd/main.go:96.79,98.3 1 0
github.com/douglasvolcato/binary-code-processor/processing_service/cmd/main.go:101.19,102.104 1 0
github.com/douglasvolcato/binary-code-processor/processing_service/cmd/main.go:102.104,103.43 1 0
github.com/douglasvolcato/binary-code-processor/processing_service/cmd/main.go:103.43,105.4 1 0
github.com/douglasvolcato/binary-code-processor/processing_service/cmd/main.go:109.37,111.16 2 0
github.com/douglasvolcato/binary-code-processor/processing_service/cmd/main.go:111.16,113.3 1 0
github.com/douglasvolcato/binary-code-processor/processing_service/cmd/main.go:115.2,115.57 1 0
github.com/douglasvolcato/binary-code-processor/processing_service/cmd/main.go:115.57,117.49 2 0
github.com/douglasvolcato/binary-code-processor/processing_service/cmd/main.go:117.49,118.12 1 0
github.com/douglasvolcato/binary-code-processor/processing_service/cmd/main.go:120.3,121.10 2 0
github.com/douglasvolcato/binary-code-processor/processing_service/cmd/main.go:121.10,122.12 1 0
github.com/douglasvolcato/binary-code-processor/processing_service/cmd/main.go:124.3,124.86 1 0
github.com/douglasvolcato/binary-code-processor/processing_service/cmd/main.go:127.2,127.12 1 0
github.com/douglasvolcato/binary-code-processor/processing_service/cmd/main.go:130.49,132.17 2 0
github.com/douglasvolcato/binary-code-processor/processing_service/cmd/main.go:132.17,134.3 1 0
github.com/douglasvolcato/binary-code-processor/processing_service/cmd/main.go:135.2,135.14 1 0
github.com/douglasvolcato/binary-code-processor/processing_service/cmd/main.go:138.35,139.71 1 0
github.com/douglasvolcato/binary-code-processor/processing_service/cmd/main.go:139.71,142.3 2 0
github.com/douglasvolcato/binary-code-processor/processing_service/internal/queue/consumer.go:14.49,16.16 2 0
github.com/douglasvolcato/binary-code-processor/processing_service/internal/queue/consumer.go:16.16,18.3 1 0
github.com/douglasvolcato/binary-code-processor/processing_service/internal/queue/consumer.go:20.2,21.16 2 0
github.com/douglasvolcato/binary-code-processor/processing_service/internal/queue/consumer.go:21.16,23.3 1 0
github.com/douglasvolcato/binary-code-processor/processing_service/internal/queue/consumer.go:25.2,28.8 1 0
github.com/douglasvolcato/binary-code-processor/processing_service/internal/queue/consumer.go:31.52,41.2 2 0
github.com/douglasvolcato/binary-code-processor/processing_service/internal/queue/consumer.go:43.77,51.2 1 0
github.com/douglasvolcato/binary-code-processor/processing_service/internal/queue/consumer.go:53.76,56.16 2 0
github.com/douglasvolcato/binary-code-processor/processing_service/internal/queue/consumer.go:56.16,58.3 1 0
github.com/douglasvolcato/binary-code-processor/processing_service/internal/queue/consumer.go:60.2,69.16 2 0
github.com/douglasvolcato/binary-code-processor/processing_service/internal/queue/consumer.go:69.16,71.3 1 0
github.com/douglasvolcato/binary-code-processor/processing_service/internal/queue/consumer.go:73.2,73.12 1 0
github.com/douglasvolcato/binary-code-processor/processing_service/internal/queue/consumer.go:73.12,74.25 1 0
github.com/douglasvolcato/binary-code-processor/processing_service/internal/queue/consumer.go:74.25,77.18 2 0
github.com/douglasvolcato/binary-code-processor/processing_service/internal/queue/consumer.go:77.18,80.5 2 0
github.com/douglasvolcato/binary-code-processor/processing_service/internal/queue/consumer.go:80.10,82.5 1 0
github.com/douglasvolcato/binary-code-processor/processing_service/internal/queue/consumer.go:86.2,86.12 1 0
github.com/douglasvolcato/binary-code-processor/processing_service/internal/queue/consumer.go:89.28,90.22 1 0
github.com/douglasvolcato/binary-code-processor/processing_service/internal/queue/consumer.go:90.22,92.3 1 0
github.com/douglasvolcato/binary-code-processor/processing_service/internal/queue/consumer.go:93.2,93.19 1 0
github.com/douglasvolcato/binary-code-processor/processing_service/internal/queue/consumer.go:93.19,95.3 1 0
github.com/douglasvolcato/binary-code-processor/processing_service/internal/queue/producer.go:14.49,16.16 2 0
github.com/douglasvolcato/binary-code-processor/processing_service/internal/queue/producer.go:16.16,18.3 1 0
github.com/douglasvolcato/binary-code-processor/processing_service/internal/queue/producer.go:20.2,21.16 2 0
github.com/douglasvolcato/binary-code-processor/processing_service/internal/queue/producer.go:21.16,23.3 1 0
github.com/douglasvolcato/binary-code-processor/processing_service/internal/queue/producer.go:25.2,28.8 1 0
github.com/douglasvolcato/binary-code-processor/processing_service/internal/queue/producer.go:31.52,41.2 2 0
github.com/douglasvolcato/binary-code-processor/processing_service/internal/queue/producer.go:43.68,53.2 1 0
github.com/douglasvolcato/binary-code-processor/processing_service/internal/queue/producer.go:55.69,57.16 2 0
github.com/douglasvolcato/binary-code-processor/processing_service/internal/queue/producer.go:57.16,59.3 1 0
github.com/douglasvolcato/binary-code-processor/processing_service/internal/queue/producer.go:61.2,70.3 1 0
github.com/douglasvolcato/binary-code-processor/processing_service/internal/queue/producer.go:73.101,75.16 2 0
github.com/douglasvolcato/binary-code-processor/processing_service/internal/queue/producer.go:75.16,77.3 1 0
github.com/douglasvolcato/binary-code-processor/processing_service/internal/queue/producer.go:79.2,88.3 1 0
github.com/douglasvolcato/binary-code-processor/processing_service/internal/queue/producer.go:91.28,92.22 1 0
github.com/douglasvolcato/binary-code-processor/processing_service/internal/queue/producer.go:92.22,94.3 1 0
github.com/douglasvolcato/binary-code-processor/processing_service/internal/queue/producer.go:95.2,95.19 1 0
github.com/douglasvolcato/binary-code-processor/processing_service/internal/queue/producer.go:95.19,97.3 1 0
github.com/douglasvolcato/binary-code-processor/processing_service/internal/infra/grpc/client.go:16.57,18.2 1 0
github.com/douglasvolcato/binary-code-processor/processing_service/internal/infra/grpc/client.go:20.62,22.2 1 0
github.com/douglasvolcato/binary-code-processor/processing_service/internal/infra/grpc/client.go:24.32,26.2 1 0
github.com/douglasvolcato/binary-code-processor/processing_service/internal/infra/grpc/client.go:28.13,30.2 1 0
github.com/douglasvolcato/binary-code-processor/processing_service/internal/infra/grpc/client.go:61.47,63.2 1 0
github.com/douglasvolcato/binary-code-processor/processing_service/internal/infra/grpc/client.go:65.89,73.16 2 0
github.com/douglasvolcato/binary-code-processor/processing_service/internal/infra/grpc/client.go:73.16,75.3 1 0
github.com/douglasvolcato/binary-code-processor/processing_service/internal/infra/grpc/client.go:77.2,83.8 1 0
github.com/douglasvolcato/binary-code-processor/processing_service/internal/infra/grpc/client.go:86.96,93.16 2 0
github.com/douglasvolcato/binary-code-processor/processing_service/internal/infra/grpc/client.go:93.16,95.3 1 0
github.com/douglasvolcato/binary-code-processor/processing_service/internal/infra/grpc/client.go:97.2,100.17 1 0
github.com/douglasvolcato/binary-code-processor/processing_service/internal/infra/grpc/client.go:100.17,102.3 1 0
github.com/douglasvolcato/binary-code-processor/processing_service/internal/infra/grpc/client.go:104.2,104.43 1 0
github.com/douglasvolcato/binary-code-processor/processing_service/internal/infra/grpc/client.go:104.43,106.3 1 0
github.com/douglasvolcato/binary-code-processor/processing_service/internal/infra/grpc/client.go:108.2,109.44 2 0
github.com/douglasvolcato/binary-code-processor/processing_service/internal/infra/grpc/client.go:109.44,111.3 1 0
github.com/douglasvolcato/binary-code-processor/processing_service/internal/infra/grpc/client.go:112.2,112.18 1 0
github.com/douglasvolcato/binary-code-processor/processing_service/internal/infra/grpc/client.go:112.18,114.3 1 0
github.com/douglasvolcato/binary-code-processor/processing_service/internal/infra/grpc/client.go:115.2,115.12 1 0
github.com/douglasvolcato/binary-code-processor/processing_service/internal/infra/grpc/task.pb.go:31.44,36.2 4 0
github.com/douglasvolcato/binary-code-processor/processing_service/internal/infra/grpc/task.pb.go:38.52,40.2 1 0
github.com/douglasvolcato/binary-code-processor/processing_service/internal/infra/grpc/task.pb.go:42.50,42.51 0 0
github.com/douglasvolcato/binary-code-processor/processing_service/internal/infra/grpc/task.pb.go:44.72,46.14 2 0
github.com/douglasvolcato/binary-code-processor/processing_service/internal/infra/grpc/task.pb.go:46.14,48.34 2 0
github.com/douglasvolcato/binary-code-processor/processing_service/internal/infra/grpc/task.pb.go:48.34,50.4 1 0
github.com/douglasvolcato/binary-code-processor/processing_service/internal/infra/grpc/task.pb.go:51.3,51.12 1 0
github.com/douglasvolcato/binary-code-processor/processing_service/internal/infra/grpc/task.pb.go:53.2,53.24 1 0
github.com/douglasvolcato/binary-code-processor/processing_service/internal/infra/grpc/task.pb.go:57.63,59.2 1 0
github.com/douglasvolcato/binary-code-processor/processing_service/internal/infra/grpc/task.pb.go:61.58,62.14 1 0
github.com/douglasvolcato/binary-code-processor/processing_service/internal/infra/grpc/task.pb.go:62.14,64.3 1 0
github.com/douglasvolcato/binary-code-processor/processing_service/internal/infra/grpc/task.pb.go:65.2,65.12 1 0
github.com/douglasvolcato/binary-code-processor/processing_service/internal/infra/grpc/task.pb.go:75.45,80.2 4 0
github.com/douglasvolcato/binary-code-processor/processing_service/internal/infra/grpc/task.pb.go:82.53,84.2 1 0
github.com/douglasvolcato/binary-code-processor/processing_service/internal/infra/grpc/task.pb.go:86.51,86.52 0 0
github.com/douglasvolcato/binary-code-processor/processing_service/internal/infra/grpc/task.pb.go:88.73,90.14 2 0
github.com/douglasvolcato/binary-code-processor/processing_service/internal/infra/grpc/task.pb.go:90.14,92.34 2 0
github.com/douglasvolcato/binary-code-processor/processing_service/internal/infra/grpc/task.pb.go:92.34,94.4 1 0
github.com/douglasvolcato/binary-code-processor/processing_service/internal/infra/grpc/task.pb.go:95.3,95.12 1 0
github.com/douglasvolcato/binary-code-processor/processing_service/internal/infra/grpc/task.pb.go:97.2,97.24 1 0
github.com/douglasvolcato/binary-code-processor/processing_service/internal/infra/grpc/task.pb.go:101.64,103.2 1 0
github.com/douglasvolcato/binary-code-processor/processing_service/internal/infra/grpc/task.pb.go:105.57,106.14 1 0
github.com/douglasvolcato/binary-code-processor/processing_service/internal/infra/grpc/task.pb.go:106.14,108.3 1 0
github.com/douglasvolcato/binary-code-processor/processing_service/internal/infra/grpc/task.pb.go:109.2,109.11 1 0
github.com/douglasvolcato/binary-code-processor/processing_service/internal/infra/grpc/task.pb.go:130.43,131.40 1 0
github.com/douglasvolcato/binary-code-processor/processing_service/internal/infra/grpc/task.pb.go:131.40,133.3 1 0
github.com/douglasvolcato/binary-code-processor/processing_service/internal/infra/grpc/task.pb.go:134.2,134.36 1 0
github.com/douglasvolcato/binary-code-processor/processing_service/internal/infra/grpc/task.pb.go:152.13,152.39 1 0
github.com/douglasvolcato/binary-code-processor/processing_service/internal/infra/grpc/task.pb.go:153.29,154.28 1 0
github.com/douglasvolcato/binary-code-processor/processing_service/internal/infra/grpc/task.pb.go:154.28,156.3 1 0
github.com/douglasvolcato/binary-code-processor/processing_service/internal/infra/grpc/task.pb.go:157.2,173.31 5 0
github.com/douglasvolcato/binary-code-processor/processing_service/internal/infra/grpc/task_grpc.pb.go:36.74,38.2 1 0
github.com/douglasvolcato/binary-code-processor/processing_service/internal/infra/grpc/task_grpc.pb.go:40.182,43.16 3 0
github.com/douglasvolcato/binary-code-processor/processing_service/internal/infra/grpc/task_grpc.pb.go:43.16,45.3 1 0
github.com/douglasvolcato/binary-code-processor/processing_service/internal/infra/grpc/task_grpc.pb.go:46.2,47.15 2 0
github.com/douglasvolcato/binary-code-processor/processing_service/internal/infra/grpc/task_grpc.pb.go:68.144,70.2 1 0
github.com/douglasvolcato/binary-code-processor/processing_service/internal/infra/grpc/task_grpc.pb.go:71.82,71.83 0 0
github.com/douglasvolcato/binary-code-processor/processing_service/internal/infra/grpc/task_grpc.pb.go:72.82,72.83 0 0
github.com/douglasvolcato/binary-code-processor/processing_service/internal/infra/grpc/task_grpc.pb.go:81.80,86.59 1 0
github.com/douglasvolcato/binary-code-processor/processing_service/internal/infra/grpc/task_grpc.pb.go:86.59,88.3 1 0
github.com/douglasvolcato/binary-code-processor/processing_service/internal/infra/grpc/task_grpc.pb.go:89.2,89.50 1 0
github.com/douglasvolcato/binary-code-processor/processing_service/internal/infra/grpc/task_grpc.pb.go:92.94,94.2 1 0
github.com/douglasvolcato/binary-code-processor/processing_service/test/faker.go:9.32,11.2 1 0
github.com/douglasvolcato/binary-code-processor/processing_service/test/faker.go:13.34,15.2 1 0
github.com/douglasvolcato/binary-code-processor/processing_service/test/faker.go:17.36,19.2 1 0
github.com/douglasvolcato/binary-code-processor/processing_service/test/faker.go:21.36,23.2 1 0
github.com/douglasvolcato/binary-code-processor/processing_service/test/faker.go:25.34,27.2 1 0
