mode: set
github.com/douglasvolcato/binary-code-processor/processing_service/cmd/main.go:3.14,3.15 0 0
github.com/douglasvolcato/binary-code-processor/processing_service/internal/entities/task_entity.go:17.102,25.2 1 1
github.com/douglasvolcato/binary-code-processor/processing_service/internal/entities/task_entity.go:27.33,28.35 1 1
github.com/douglasvolcato/binary-code-processor/processing_service/internal/entities/task_entity.go:28.35,30.3 1 1
github.com/douglasvolcato/binary-code-processor/processing_service/internal/entities/task_entity.go:31.2,31.40 1 1
github.com/douglasvolcato/binary-code-processor/processing_service/internal/entities/task_entity.go:31.40,33.3 1 1
github.com/douglasvolcato/binary-code-processor/processing_service/internal/entities/task_entity.go:34.2,34.51 1 1
github.com/douglasvolcato/binary-code-processor/processing_service/internal/entities/task_entity.go:34.51,36.3 1 1
github.com/douglasvolcato/binary-code-processor/processing_service/internal/entities/task_entity.go:37.2,37.42 1 1
github.com/douglasvolcato/binary-code-processor/processing_service/internal/entities/task_entity.go:37.42,39.3 1 1
github.com/douglasvolcato/binary-code-processor/processing_service/internal/entities/task_entity.go:40.2,40.42 1 1
github.com/douglasvolcato/binary-code-processor/processing_service/internal/entities/task_entity.go:40.42,42.3 1 1
github.com/douglasvolcato/binary-code-processor/processing_service/internal/entities/task_entity.go:43.2,43.12 1 1
github.com/douglasvolcato/binary-code-processor/processing_service/internal/usecases/process_task_usecase.go:13.112,18.2 1 1
github.com/douglasvolcato/binary-code-processor/processing_service/internal/usecases/process_task_usecase.go:29.91,31.16 2 1
github.com/douglasvolcato/binary-code-processor/processing_service/internal/usecases/process_task_usecase.go:31.16,33.3 1 1
github.com/douglasvolcato/binary-code-processor/processing_service/internal/usecases/process_task_usecase.go:34.2,35.16 2 1
github.com/douglasvolcato/binary-code-processor/processing_service/internal/usecases/process_task_usecase.go:35.16,37.3 1 0
github.com/douglasvolcato/binary-code-processor/processing_service/internal/usecases/process_task_usecase.go:38.2,42.16 2 1
github.com/douglasvolcato/binary-code-processor/processing_service/internal/usecases/process_task_usecase.go:42.16,44.3 1 1
github.com/douglasvolcato/binary-code-processor/processing_service/internal/usecases/process_task_usecase.go:45.2,48.8 1 1
github.com/douglasvolcato/binary-code-processor/processing_service/internal/usecases/process_task_usecase.go:51.89,54.31 2 1
github.com/douglasvolcato/binary-code-processor/processing_service/internal/usecases/process_task_usecase.go:54.31,56.3 1 1
github.com/douglasvolcato/binary-code-processor/processing_service/internal/usecases/process_task_usecase.go:57.2,57.38 1 1
github.com/douglasvolcato/binary-code-processor/processing_service/internal/infra/grpc/task.pb.go:31.44,36.2 4 0
github.com/douglasvolcato/binary-code-processor/processing_service/internal/infra/grpc/task.pb.go:38.52,40.2 1 0
github.com/douglasvolcato/binary-code-processor/processing_service/internal/infra/grpc/task.pb.go:42.50,42.51 0 0
github.com/douglasvolcato/binary-code-processor/processing_service/internal/infra/grpc/task.pb.go:44.72,46.14 2 0
github.com/douglasvolcato/binary-code-processor/processing_service/internal/infra/grpc/task.pb.go:46.14,48.34 2 0
github.com/douglasvolcato/binary-code-processor/processing_service/internal/infra/grpc/task.pb.go:48.34,50.4 1 0
github.com/douglasvolcato/binary-code-processor/processing_service/internal/infra/grpc/task.pb.go:51.3,51.12 1 0
github.com/douglasvolcato/binary-code-processor/processing_service/internal/infra/grpc/task.pb.go:53.2,53.24 1 0
github.com/douglasvolcato/binary-code-processor/processing_service/internal/infra/grpc/task.pb.go:57.63,59.2 1 0
github.com/douglasvolcato/binary-code-processor/processing_service/internal/infra/grpc/task.pb.go:61.58,62.14 1 0
github.com/douglasvolcato/binary-code-processor/processing_service/internal/infra/grpc/task.pb.go:62.14,64.3 1 0
github.com/douglasvolcato/binary-code-processor/processing_service/internal/infra/grpc/task.pb.go:65.2,65.12 1 0
github.com/douglasvolcato/binary-code-processor/processing_service/internal/infra/grpc/task.pb.go:75.45,80.2 4 0
github.com/douglasvolcato/binary-code-processor/processing_service/internal/infra/grpc/task.pb.go:82.53,84.2 1 0
github.com/douglasvolcato/binary-code-processor/processing_service/internal/infra/grpc/task.pb.go:86.51,86.52 0 0
github.com/douglasvolcato/binary-code-processor/processing_service/internal/infra/grpc/task.pb.go:88.73,90.14 2 0
github.com/douglasvolcato/binary-code-processor/processing_service/internal/infra/grpc/task.pb.go:90.14,92.34 2 0
github.com/douglasvolcato/binary-code-processor/processing_service/internal/infra/grpc/task.pb.go:92.34,94.4 1 0
github.com/douglasvolcato/binary-code-processor/processing_service/internal/infra/grpc/task.pb.go:95.3,95.12 1 0
github.com/douglasvolcato/binary-code-processor/processing_service/internal/infra/grpc/task.pb.go:97.2,97.24 1 0
github.com/douglasvolcato/binary-code-processor/processing_service/internal/infra/grpc/task.pb.go:101.64,103.2 1 0
github.com/douglasvolcato/binary-code-processor/processing_service/internal/infra/grpc/task.pb.go:105.57,106.14 1 0
github.com/douglasvolcato/binary-code-processor/processing_service/internal/infra/grpc/task.pb.go:106.14,108.3 1 0
github.com/douglasvolcato/binary-code-processor/processing_service/internal/infra/grpc/task.pb.go:109.2,109.11 1 0
github.com/douglasvolcato/binary-code-processor/processing_service/internal/infra/grpc/task.pb.go:130.43,131.40 1 0
github.com/douglasvolcato/binary-code-processor/processing_service/internal/infra/grpc/task.pb.go:131.40,133.3 1 0
github.com/douglasvolcato/binary-code-processor/processing_service/internal/infra/grpc/task.pb.go:134.2,134.36 1 0
github.com/douglasvolcato/binary-code-processor/processing_service/internal/infra/grpc/task.pb.go:152.13,152.39 1 0
github.com/douglasvolcato/binary-code-processor/processing_service/internal/infra/grpc/task.pb.go:153.29,154.28 1 0
github.com/douglasvolcato/binary-code-processor/processing_service/internal/infra/grpc/task.pb.go:154.28,156.3 1 0
github.com/douglasvolcato/binary-code-processor/processing_service/internal/infra/grpc/task.pb.go:157.2,173.31 5 0
github.com/douglasvolcato/binary-code-processor/processing_service/internal/infra/grpc/task_grpc.pb.go:36.74,38.2 1 0
github.com/douglasvolcato/binary-code-processor/processing_service/internal/infra/grpc/task_grpc.pb.go:40.182,43.16 3 0
github.com/douglasvolcato/binary-code-processor/processing_service/internal/infra/grpc/task_grpc.pb.go:43.16,45.3 1 0
github.com/douglasvolcato/binary-code-processor/processing_service/internal/infra/grpc/task_grpc.pb.go:46.2,47.15 2 0
github.com/douglasvolcato/binary-code-processor/processing_service/internal/infra/grpc/task_grpc.pb.go:68.144,70.2 1 0
github.com/douglasvolcato/binary-code-processor/processing_service/internal/infra/grpc/task_grpc.pb.go:71.82,71.83 0 0
github.com/douglasvolcato/binary-code-processor/processing_service/internal/infra/grpc/task_grpc.pb.go:72.82,72.83 0 0
github.com/douglasvolcato/binary-code-processor/processing_service/internal/infra/grpc/task_grpc.pb.go:81.80,86.59 1 0
github.com/douglasvolcato/binary-code-processor/processing_service/internal/infra/grpc/task_grpc.pb.go:86.59,88.3 1 0
github.com/douglasvolcato/binary-code-processor/processing_service/internal/infra/grpc/task_grpc.pb.go:89.2,89.50 1 0
github.com/douglasvolcato/binary-code-processor/processing_service/internal/infra/grpc/task_grpc.pb.go:92.94,94.2 1 0
github.com/douglasvolcato/binary-code-processor/processing_service/test/faker.go:9.32,11.2 1 0
github.com/douglasvolcato/binary-code-processor/processing_service/test/faker.go:13.34,15.2 1 0
github.com/douglasvolcato/binary-code-processor/processing_service/test/faker.go:17.36,19.2 1 0
github.com/douglasvolcato/binary-code-processor/processing_service/test/faker.go:21.36,23.2 1 0
github.com/douglasvolcato/binary-code-processor/processing_service/test/faker.go:25.34,27.2 1 0
